#
# There is insufficient memory for the Java Runtime Environment to continue.
# Native memory allocation (mmap) failed to map 266338304 bytes for Failed to commit area from 0x0000000702600000 to 0x0000000712400000 of length 266338304.
# Possible reasons:
#   The system is out of physical RAM or swap space
#   The process is running with CompressedOops enabled, and the Java Heap may be blocking the growth of the native heap
# Possible solutions:
#   Reduce memory load on the system
#   Increase physical memory or swap space
#   Check if swap backing store is full
#   Decrease Java heap size (-Xmx/-Xms)
#   Decrease number of Java threads
#   Decrease Java thread stack sizes (-Xss)
#   Set larger code cache with -XX:ReservedCodeCacheSize=
# This output file may be truncated or incomplete.
#
#  Out of Memory Error (t:/workspace/open/src/hotspot/os/windows/os_windows.cpp:3264), pid=18908, tid=3064
#
# JRE version:  (12.0.2+10) (build )
# Java VM: Java HotSpot(TM) 64-Bit Server VM (12.0.2+10, mixed mode, aot, sharing, tiered, compressed oops, g1 gc, windows-amd64)
# No core dump will be written. Minidumps are not enabled by default on client versions of Windows
#

---------------  S U M M A R Y ------------

Command Line: -Dfile.encoding=GBK -Duser.country=CN -Duser.language=zh -Duser.variant miniplc0java.App

Host: Intel(R) Core(TM) i7-8750H CPU @ 2.20GHz, 12 cores, 15G,  Windows 10 , 64 bit Build 18362 (10.0.18362.1110)
Time: Sat Jan 16 05:18:07 2021 ?D1ú±ê×?ê±?? elapsed time: 0 seconds (0d 0h 0m 0s)

---------------  T H R E A D  ---------------

Current thread (0x000001ea1c247000):  JavaThread "Unknown thread" [_thread_in_vm, id=3064, stack(0x000000d86e600000,0x000000d86e700000)]

Stack: [0x000000d86e600000,0x000000d86e700000]
Native frames: (J=compiled Java code, j=interpreted, Vv=VM code, C=native code)
V  [jvm.dll+0x63aa2a]
V  [jvm.dll+0x78ce1e]
V  [jvm.dll+0x78e4c1]
V  [jvm.dll+0x78eb13]
V  [jvm.dll+0x2627e8]
V  [jvm.dll+0x637f5a]
V  [jvm.dll+0x62c845]
V  [jvm.dll+0x31e49c]
V  [jvm.dll+0x31e2cf]
V  [jvm.dll+0x324006]
V  [jvm.dll+0x371f56]
V  [jvm.dll+0x371720]
V  [jvm.dll+0x2f845a]
V  [jvm.dll+0x2f96d2]
V  [jvm.dll+0x767267]
V  [jvm.dll+0x7689f5]
V  [jvm.dll+0x380059]
V  [jvm.dll+0x74b794]
V  [jvm.dll+0x3ef5cd]
V  [jvm.dll+0x3f1471]
C  [jli.dll+0x51cf]
C  [ucrtbase.dll+0x210b2]
C  [KERNEL32.DLL+0x17c24]
C  [ntdll.dll+0x6d4d1]


---------------  P R O C E S S  ---------------

Threads class SMR info:
_java_thread_list=0x00007ffbd6c17928, length=0, elements={
}

Java Threads: ( => current thread )

Other Threads:
  0x000001ea1c2af800 GCTaskThread "GC Thread#0" [stack: 0x000000d86ea00000,0x000000d86eb00000] [id=22012]
  0x000001ea3da90000 ConcurrentGCThread "G1 Main Marker" [stack: 0x000000d86eb00000,0x000000d86ec00000] [id=19748]
  0x000001ea1c2bb800 ConcurrentGCThread "G1 Conc#0" [stack: 0x000000d86ec00000,0x000000d86ed00000] [id=12012]

[error occurred during error reporting (printing all threads), id 0xc0000005, EXCEPTION_ACCESS_VIOLATION (0xc0000005) at pc=0x00007ffbd64485e7]

VM state:not at safepoint (not fully initialized)

VM Mutex/Monitor currently owned by a thread:  ([mutex/lock_event])
[0x000001ea1c2431f0] Heap_lock - owner thread: 0x000001ea1c247000

Heap address: 0x0000000702600000, size: 4058 MB, Compressed Oops mode: Non-zero based: 0x0000000702600000
Narrow klass base: 0x0000000000000000, Narrow klass shift: 0

GC Heap History (0 events):
No events

Deoptimization events (0 events):
No events

Classes redefined (0 events):
No events

Internal exceptions (0 events):
No events

Events (0 events):
No events


Dynamic libraries:
0x00007ff6fe430000 - 0x00007ff6fe43f000 	E:\JDK12\bin\java.exe
0x00007ffc382c0000 - 0x00007ffc384b0000 	C:\WINDOWS\SYSTEM32\ntdll.dll
0x00007ffc373c0000 - 0x00007ffc37472000 	C:\WINDOWS\System32\KERNEL32.DLL
0x00007ffc35350000 - 0x00007ffc355f5000 	C:\WINDOWS\System32\KERNELBASE.dll
0x00007ffc356e0000 - 0x00007ffc357da000 	C:\WINDOWS\System32\ucrtbase.dll
0x00007ffc23b30000 - 0x00007ffc23b48000 	E:\JDK12\bin\jli.dll
0x00007ffc23b10000 - 0x00007ffc23b26000 	E:\JDK12\bin\VCRUNTIME140.dll
0x00007ffc37cf0000 - 0x00007ffc37d93000 	C:\WINDOWS\System32\ADVAPI32.dll
0x00007ffc37990000 - 0x00007ffc37a2e000 	C:\WINDOWS\System32\msvcrt.dll
0x00007ffc36d10000 - 0x00007ffc36da7000 	C:\WINDOWS\System32\sechost.dll
0x00007ffc36de0000 - 0x00007ffc36f00000 	C:\WINDOWS\System32\RPCRT4.dll
0x00007ffc37a30000 - 0x00007ffc37bc4000 	C:\WINDOWS\System32\USER32.dll
0x00007ffc36340000 - 0x00007ffc36361000 	C:\WINDOWS\System32\win32u.dll
0x00007ffc37960000 - 0x00007ffc37986000 	C:\WINDOWS\System32\GDI32.dll
0x00007ffc36020000 - 0x00007ffc361b6000 	C:\WINDOWS\System32\gdi32full.dll
0x00007ffc35290000 - 0x00007ffc3532e000 	C:\WINDOWS\System32\msvcp_win.dll
0x00007ffc171a0000 - 0x00007ffc17424000 	C:\WINDOWS\WinSxS\amd64_microsoft.windows.common-controls_6595b64144ccf1df_6.0.18362.1256_none_9e7e379be45e40e2\COMCTL32.dll
0x00007ffc37000000 - 0x00007ffc37336000 	C:\WINDOWS\System32\combase.dll
0x00007ffc30210000 - 0x00007ffc3021a000 	C:\WINDOWS\SYSTEM32\VERSION.dll
0x00007ffc35650000 - 0x00007ffc356d1000 	C:\WINDOWS\System32\bcryptPrimitives.dll
0x00007ffc36f00000 - 0x00007ffc36f2e000 	C:\WINDOWS\System32\IMM32.DLL
0x0000000180000000 - 0x00000001800a3000 	E:\北航云盘\winhook64.dll
0x00007ffc378f0000 - 0x00007ffc378f8000 	C:\WINDOWS\System32\PSAPI.DLL
0x00007ffc36dc0000 - 0x00007ffc36ddd000 	C:\WINDOWS\System32\imagehlp.dll
0x00007ffc364c0000 - 0x00007ffc36ba7000 	C:\WINDOWS\System32\SHELL32.dll
0x00007ffc35600000 - 0x00007ffc3564a000 	C:\WINDOWS\System32\cfgmgr32.dll
0x00007ffc37f50000 - 0x00007ffc37ff9000 	C:\WINDOWS\System32\shcore.dll
0x00007ffc357e0000 - 0x00007ffc35f61000 	C:\WINDOWS\System32\windows.storage.dll
0x00007ffc351e0000 - 0x00007ffc35203000 	C:\WINDOWS\System32\profapi.dll
0x00007ffc35190000 - 0x00007ffc351da000 	C:\WINDOWS\System32\powrprof.dll
0x00007ffc35160000 - 0x00007ffc35170000 	C:\WINDOWS\System32\UMPDC.dll
0x00007ffc381c0000 - 0x00007ffc38212000 	C:\WINDOWS\System32\shlwapi.dll
0x00007ffc35170000 - 0x00007ffc35181000 	C:\WINDOWS\System32\kernel.appcore.dll
0x00007ffc35330000 - 0x00007ffc35347000 	C:\WINDOWS\System32\cryptsp.dll
0x00007ffc36bb0000 - 0x00007ffc36d07000 	C:\WINDOWS\System32\ole32.dll
0x000000006fe00000 - 0x000000006fea3000 	C:\WINDOWS\WinSxS\amd64_microsoft.vc90.crt_1fc8b3b9a1e18e3b_9.0.30729.9619_none_08e065a3a84109b0\MSVCR90.dll
0x000000006feb0000 - 0x000000006ff83000 	C:\WINDOWS\WinSxS\amd64_microsoft.vc90.crt_1fc8b3b9a1e18e3b_9.0.30729.9619_none_08e065a3a84109b0\MSVCP90.dll
0x00007ffc346c0000 - 0x00007ffc346fa000 	C:\WINDOWS\SYSTEM32\IPHLPAPI.DLL
0x00007ffc08b20000 - 0x00007ffc08bca000 	E:\JDK12\bin\msvcp140.dll
0x00007ffbd6140000 - 0x00007ffbd6cb7000 	E:\JDK12\bin\server\jvm.dll
0x00007ffc1d010000 - 0x00007ffc1d019000 	C:\WINDOWS\SYSTEM32\WSOCK32.dll
0x00007ffc31840000 - 0x00007ffc31864000 	C:\WINDOWS\SYSTEM32\WINMM.dll
0x00007ffc37350000 - 0x00007ffc373bf000 	C:\WINDOWS\System32\WS2_32.dll
0x00007ffc31800000 - 0x00007ffc3182d000 	C:\WINDOWS\SYSTEM32\winmmbase.dll
0x00007ffc22e60000 - 0x00007ffc22e71000 	E:\JDK12\bin\verify.dll
0x00007ffc2c6a0000 - 0x00007ffc2c894000 	C:\WINDOWS\SYSTEM32\DBGHELP.DLL
0x00007ffc2c480000 - 0x00007ffc2c4aa000 	C:\WINDOWS\SYSTEM32\dbgcore.DLL
0x00007ffc20f10000 - 0x00007ffc20f36000 	E:\JDK12\bin\java.dll
0x00007ffc22e40000 - 0x00007ffc22e57000 	E:\JDK12\bin\zip.dll
0x00007ffc30a70000 - 0x00007ffc30a7a000 	E:\JDK12\bin\jimage.dll

dbghelp: loaded successfully - version: 4.0.5 - missing functions: none
symbol engine: initialized successfully - sym options: 0x614 - pdb path: .;E:\JDK12\bin;C:\WINDOWS\SYSTEM32;C:\WINDOWS\WinSxS\amd64_microsoft.windows.common-controls_6595b64144ccf1df_6.0.18362.1256_none_9e7e379be45e40e2;E:\北航云盘;C:\WINDOWS\WinSxS\amd64_microsoft.vc90.crt_1fc8b3b9a1e18e3b_9.0.30729.9619_none_08e065a3a84109b0;E:\JDK12\bin\se;E:\JDK12\bin\se;E:\JDK12\bin\se;E:\JDK12\bin\se

VM Arguments:
jvm_args: -Dfile.encoding=GBK -Duser.country=CN -Duser.language=zh -Duser.variant 
java_command: miniplc0java.App
java_class_path (initial): E:\大三上\大三上\编译原理\C0\CompilerCode\build\classes\java\main;E:\大三上\大三上\编译原理\C0\CompilerCode\build\resources\main;E:\大三上\大三上\编译原理\gradle\caches\modules-2\files-2.1\com.google.guava\guava\29.0-jre\801142b4c3d0f0770dd29abea50906cacfddd447\guava-29.0-jre.jar;E:\大三上\大三上\编译原理\gradle\caches\modules-2\files-2.1\net.sourceforge.argparse4j\argparse4j\0.8.1\2c8241f84acf6c924bd75be0dbd68e8d74fbcd70\argparse4j-0.8.1.jar;E:\大三上\大三上\编译原理\gradle\caches\modules-2\files-2.1\com.google.guava\failureaccess\1.0.1\1dcf1de382a0bf95a3d8b0849546c88bac1292c9\failureaccess-1.0.1.jar;E:\大三上\大三上\编译原理\gradle\caches\modules-2\files-2.1\com.google.guava\listenablefuture\9999.0-empty-to-avoid-conflict-with-guava\b421526c5f297295adef1c886e5246c39d4ac629\listenablefuture-9999.0-empty-to-avoid-conflict-with-guava.jar;E:\大三上\大三上\编译原理\gradle\caches\modules-2\files-2.1\com.google.code.findbugs\jsr305\3.0.2\25ea2e8b0c338a877313bd4672d3fe056ea78f0d\jsr305-3.0.2.jar;E:\大三上\大三上\编译原理\gradle\caches\modules-2\files-2.1\org.checkerframework\checker-qual\2.11.1\8c43bf8f99b841d23aadda6044329dad9b63c185\checker-qual-2.11.1.jar;E:\大三上\大三上\编译原理\gradle\caches\modules-2\files-2.1\com.google.errorprone\error_prone_annotations\2.3.4\dac170e4594de319655ffb62f41cbd6dbb5e601e\error_prone_annotations-2.3.4.jar;E:\大三上\大三上\编译原理\gradle\caches\modules-2\files-2.1\com.google.j2objc\j2objc-annotations\1.3\ba035118bc8bac37d7eff77700720999acd9986d\j2objc-annotations-1.3.jar
Launcher Type: SUN_STANDARD

[Global flags]
     intx CICompilerCount                          = 4                                         {product} {ergonomic}
     uint ConcGCThreads                            = 3                                         {product} {ergonomic}
     uint G1ConcRefinementThreads                  = 10                                        {product} {ergonomic}
   size_t G1HeapRegionSize                         = 1048576                                   {product} {ergonomic}
    uintx GCDrainStackTargetSize                   = 64                                        {product} {ergonomic}
   size_t InitialHeapSize                          = 266338304                                 {product} {ergonomic}
   size_t MarkStackSize                            = 4194304                                   {product} {ergonomic}
   size_t MaxHeapSize                              = 4255121408                                {product} {ergonomic}
   size_t MinHeapDeltaBytes                        = 1048576                                   {product} {ergonomic}
    uintx NonNMethodCodeHeapSize                   = 5836300                                {pd product} {ergonomic}
    uintx NonProfiledCodeHeapSize                  = 122910970                              {pd product} {ergonomic}
    uintx ProfiledCodeHeapSize                     = 122910970                              {pd product} {ergonomic}
    uintx ReservedCodeCacheSize                    = 251658240                              {pd product} {ergonomic}
     bool SegmentedCodeCache                       = true                                      {product} {ergonomic}
     bool UseCompressedClassPointers               = true                                 {lp64_product} {ergonomic}
     bool UseCompressedOops                        = true                                 {lp64_product} {ergonomic}
     bool UseG1GC                                  = true                                      {product} {ergonomic}
     bool UseLargePagesIndividualAllocation        = false                                  {pd product} {ergonomic}

Logging:
Log output configuration:
 #0: stdout all=warning uptime,level,tags
 #1: stderr all=off uptime,level,tags

Environment Variables:
JAVA_HOME=E:\JDK12
CLASSPATH=.;E:\JDK12\lib;E:\JDK12\lib\tool.jar;F:\LINGO64_18\Lingo18.jar
PATH=E:\1\;E:\JDK12\bin;C:\ProgramData\Oracle\Java\javapath;C:\Program Files (x86)\Intel\Intel(R) Management Engine Components\iCLS\;C:\Program Files\Intel\Intel(R) Management Engine Components\iCLS\;C:\Windows\system32;C:\Windows;C:\Windows\System32\Wbem;C:\Windows\System32\WindowsPowerShell\v1.0\;C:\Program Files (x86)\Intel\Intel(R) Management Engine Components\DAL;C:\Program Files\Intel\Intel(R) Management Engine Components\DAL;C:\Program Files (x86)\Intel\Intel(R) Management Engine Components\IPT;C:\Program Files\Intel\Intel(R) Management Engine Components\IPT;C:\Program Files\Intel\WiFi\bin\;C:\Program Files\Common Files\Intel\WirelessCommon\;C:\WINDOWS\system32;C:\WINDOWS;C:\WINDOWS\System32\Wbem;C:\WINDOWS\System32\WindowsPowerShell\v1.0\;C:\WINDOWS\System32\OpenSSH\;E:\JDK12\bin;.;E:\JDK12\lib;E:\JDK12\lib\tool.jar;F:\LINGO64_18\Lingo18.jar;C:\Program Files\Microsoft SQL Server\130\Tools\Binn\;C:\Program Files (x86)\Windows Kits\10\Windows Performance Toolkit\;C:\WINDOWS\system32\config\systemprofile\.dnx\bin;C:\Program Files\Microsoft DNX\Dnvm\;E:\北航云盘;C:\;rogram Files\Microsoft SQL Server\Client SDK\ODBC\130\Tools\Binn\;C:\Program Files (x86)\Microsoft SQL Server\140\Tools\Binn\;C:\Program Files\Microsoft SQL Server\140\Tools\Binn\;C:\Program Files\Microsoft SQL Server\140\DTS\Binn\;C:\Program Files (x86)\Microsoft SQL Server\150\DTS\Binn\;E:\MATLAB\runtime\win64;E:\MATLAB\bin;E:\Git\cmd;F:\LINGO64_18\;C:\Program Files\nodejs\;E:\SPSS\JRE\bin;C:\Program Files\MySQL\MySQL Server 8.0\bin;F:\Texlive\texlive\2020\bin\win32;E:\大三上\大三上\编译原理\gradle\gradle-6.7\bin;;E:\WinSCP\;E:\JDK12\bin;E:\python\;C:\Users\MSI NBOOK\AppData\Local\Microsoft\WindowsApps;E:\python\PyCharm Community Edition 2018.3.5\bin;C:\Program Files\Bandizip\;C:\MinGW\bin;E:\新建文件夹 (2)\Microsoft VS Code\bin;C:\Users\MSI NBOOK\AppData\Local\Microsoft\WindowsApps;E:\python\Scripts\;C:\Users\MSI NBOOK\AppData\Roaming\npm;E:\apache-maven-3.6.3\bin;
USERNAME=MSI NBOOK
OS=Windows_NT
PROCESSOR_IDENTIFIER=Intel64 Family 6 Model 158 Stepping 10, GenuineIntel



---------------  S Y S T E M  ---------------

OS: Windows 10 , 64 bit Build 18362 (10.0.18362.1110)

CPU:total 12 (initial active 12) (6 cores per cpu, 2 threads per core) family 6 model 158 stepping 10, cmov, cx8, fxsr, mmx, sse, sse2, sse3, ssse3, sse4.1, sse4.2, popcnt, avx, avx2, aes, clmul, erms, 3dnowpref, lzcnt, ht, tsc, tscinvbit, bmi1, bmi2, adx, fma

Memory: 4k page, system-wide physical 16230M (6451M free)
TotalPageFile size 20322M (AvailPageFile size 272M)
current process WorkingSet (physical memory assigned to process): 12M, peak: 12M
current process commit charge ("private bytes"): 66M, peak: 319M

vm_info: Java HotSpot(TM) 64-Bit Server VM (12.0.2+10) for windows-amd64 JRE (12.0.2+10), built on Jul 16 2019 01:56:17 by "mach5one" with MS VC++ 15.5 (VS2017)

END.
