#
# There is insufficient memory for the Java Runtime Environment to continue.
# Native memory allocation (malloc) failed to allocate 126416 bytes for Chunk::new
# Possible reasons:
#   The system is out of physical RAM or swap space
#   The process is running with CompressedOops enabled, and the Java Heap may be blocking the growth of the native heap
# Possible solutions:
#   Reduce memory load on the system
#   Increase physical memory or swap space
#   Check if swap backing store is full
#   Decrease Java heap size (-Xmx/-Xms)
#   Decrease number of Java threads
#   Decrease Java thread stack sizes (-Xss)
#   Set larger code cache with -XX:ReservedCodeCacheSize=
#   JVM is running with Unscaled Compressed Oops mode in which the Java heap is
#     placed in the first 4GB address space. The Java Heap base address is the
#     maximum limit for the native heap growth. Please use -XX:HeapBaseMinAddress
#     to set the Java Heap base and to place the Java Heap above 4GB virtual address.
# This output file may be truncated or incomplete.
#
#  Out of Memory Error (t:/workspace/open/src/hotspot/share/memory/arena.cpp:197), pid=13472, tid=6132
#
# JRE version: Java(TM) SE Runtime Environment (12.0.2+10) (build 12.0.2+10)
# Java VM: Java HotSpot(TM) 64-Bit Server VM (12.0.2+10, mixed mode, sharing, tiered, compressed oops, g1 gc, windows-amd64)
# No core dump will be written. Minidumps are not enabled by default on client versions of Windows
#

---------------  S U M M A R Y ------------

Command Line: --add-opens=java.base/java.util=ALL-UNNAMED --add-opens=java.base/java.lang=ALL-UNNAMED --add-opens=java.base/java.lang.invoke=ALL-UNNAMED --add-opens=java.prefs/java.util.prefs=ALL-UNNAMED -XX:MaxMetaspaceSize=256m -XX:+HeapDumpOnOutOfMemoryError -Xms256m -Xmx512m -Dfile.encoding=GBK -Duser.country=CN -Duser.language=zh -Duser.variant org.gradle.launcher.daemon.bootstrap.GradleDaemon 6.5

Host: Intel(R) Core(TM) i7-8750H CPU @ 2.20GHz, 12 cores, 15G,  Windows 10 , 64 bit Build 18362 (10.0.18362.1110)
Time: Thu Dec 31 17:46:27 2020 ?D1®≤°¿®∫°¡?®∫°¿?? elapsed time: 36 seconds (0d 0h 0m 36s)

---------------  T H R E A D  ---------------

Current thread (0x000002b8cf8aa800):  JavaThread "C2 CompilerThread0" daemon [_thread_in_native, id=6132, stack(0x000000c440100000,0x000000c440200000)]


Current CompileTask:
C2:  36700 6414       4       java.util.concurrent.ConcurrentLinkedQueue::poll (84 bytes)

Stack: [0x000000c440100000,0x000000c440200000]
Native frames: (J=compiled Java code, j=interpreted, Vv=VM code, C=native code)
V  [jvm.dll+0x63aa2a]
V  [jvm.dll+0x78ce1e]
V  [jvm.dll+0x78e4c1]
V  [jvm.dll+0x78eb13]
V  [jvm.dll+0x2627e8]
V  [jvm.dll+0xc55cc]
V  [jvm.dll+0xc5b4c]
V  [jvm.dll+0x37a677]
V  [jvm.dll+0x3463d3]
V  [jvm.dll+0x34579a]
V  [jvm.dll+0x21c205]
V  [jvm.dll+0x21b3da]
V  [jvm.dll+0x199a20]
V  [jvm.dll+0x22a744]
V  [jvm.dll+0x228d98]
V  [jvm.dll+0x7512a0]
V  [jvm.dll+0x74a2c8]
V  [jvm.dll+0x639b16]
C  [ucrtbase.dll+0x210b2]
C  [KERNEL32.DLL+0x17c24]
C  [ntdll.dll+0x6d4d1]


---------------  P R O C E S S  ---------------

Threads class SMR info:
_java_thread_list=0x000002b8d21b8a60, length=50, elements={
0x000002b8b3019000, 0x000002b8cf885800, 0x000002b8cf887000, 0x000002b8cf8a6000,
0x000002b8cf8a9000, 0x000002b8cf8aa800, 0x000002b8cf8b1000, 0x000002b8cf8ba800,
0x000002b8cfa5b000, 0x000002b8cfa62800, 0x000002b8d0670800, 0x000002b8d1e66800,
0x000002b8d18db000, 0x000002b8d062b800, 0x000002b8d1d66000, 0x000002b8d19d0000,
0x000002b8d19cd800, 0x000002b8d19ce800, 0x000002b8d1ba3000, 0x000002b8d1ba1800,
0x000002b8d1ba2800, 0x000002b8d392c000, 0x000002b8d37bf800, 0x000002b8d37c0000,
0x000002b8d37c7000, 0x000002b8d37c1000, 0x000002b8d37c2000, 0x000002b8d37ba800,
0x000002b8d37bb800, 0x000002b8d37b9800, 0x000002b8d37bd000, 0x000002b8d37bc000,
0x000002b8d37be000, 0x000002b8d37be800, 0x000002b8d37b9000, 0x000002b8d37c7800,
0x000002b8d37c3800, 0x000002b8d37c4800, 0x000002b8d392d000, 0x000002b8d393a000,
0x000002b8d3937800, 0x000002b8d3937000, 0x000002b8d3935000, 0x000002b8d3938800,
0x000002b8d3936000, 0x000002b8d19cf000, 0x000002b8d19ca800, 0x000002b8d19cc000,
0x000002b8d19d1000, 0x000002b8d19cc800
}

Java Threads: ( => current thread )
  0x000002b8b3019000 JavaThread "main" [_thread_blocked, id=436, stack(0x000000c43f300000,0x000000c43f400000)]
  0x000002b8cf885800 JavaThread "Reference Handler" daemon [_thread_blocked, id=12404, stack(0x000000c43fd00000,0x000000c43fe00000)]
  0x000002b8cf887000 JavaThread "Finalizer" daemon [_thread_blocked, id=19124, stack(0x000000c43fe00000,0x000000c43ff00000)]
  0x000002b8cf8a6000 JavaThread "Signal Dispatcher" daemon [_thread_blocked, id=540, stack(0x000000c43ff00000,0x000000c440000000)]
  0x000002b8cf8a9000 JavaThread "Attach Listener" daemon [_thread_blocked, id=12584, stack(0x000000c440000000,0x000000c440100000)]
=>0x000002b8cf8aa800 JavaThread "C2 CompilerThread0" daemon [_thread_in_native, id=6132, stack(0x000000c440100000,0x000000c440200000)]
  0x000002b8cf8b1000 JavaThread "C1 CompilerThread0" daemon [_thread_blocked, id=6056, stack(0x000000c440200000,0x000000c440300000)]
  0x000002b8cf8ba800 JavaThread "Sweeper thread" daemon [_thread_blocked, id=19196, stack(0x000000c440300000,0x000000c440400000)]
  0x000002b8cfa5b000 JavaThread "Common-Cleaner" daemon [_thread_blocked, id=19016, stack(0x000000c440400000,0x000000c440500000)]
  0x000002b8cfa62800 JavaThread "Service Thread" daemon [_thread_blocked, id=17464, stack(0x000000c440500000,0x000000c440600000)]
  0x000002b8d0670800 JavaThread "Daemon health stats" [_thread_blocked, id=16904, stack(0x000000c440e00000,0x000000c440f00000)]
  0x000002b8d1e66800 JavaThread "Incoming local TCP Connector on port 56900" [_thread_in_native, id=15532, stack(0x000000c440f00000,0x000000c441000000)]
  0x000002b8d18db000 JavaThread "Daemon periodic checks" [_thread_blocked, id=10004, stack(0x000000c441000000,0x000000c441100000)]
  0x000002b8d062b800 JavaThread "Daemon" [_thread_blocked, id=8896, stack(0x000000c441100000,0x000000c441200000)]
  0x000002b8d1d66000 JavaThread "Daemon worker" [_thread_blocked, id=13376, stack(0x000000c441400000,0x000000c441500000)]
  0x000002b8d19d0000 JavaThread "Cache worker for journal cache (E:\Â§ß‰∏â‰∏ä\Â§ß‰∏â‰∏ä\ÁºñËØëÂéüÁêÜ\gradle\caches\journal-1)" [_thread_blocked, id=19216, stack(0x000000c441900000,0x000000c441a00000)]
  0x000002b8d19cd800 JavaThread "File lock request listener" [_thread_in_native, id=18708, stack(0x000000c441a00000,0x000000c441b00000)]
  0x000002b8d19ce800 JavaThread "Cache worker for file hash cache (E:\Â§ß‰∏â‰∏ä\Â§ß‰∏â‰∏ä\ÁºñËØëÂéüÁêÜ\gradle\caches\6.5\fileHashes)" [_thread_blocked, id=16484, stack(0x000000c441b00000,0x000000c441c00000)]
  0x000002b8d1ba3000 JavaThread "Cache worker for execution history cache (E:\Â§ß‰∏â‰∏ä\Â§ß‰∏â‰∏ä\ÁºñËØëÂéüÁêÜ\gradle\caches\6.5\executionHistory)" [_thread_blocked, id=19436, stack(0x000000c442500000,0x000000c442600000)]
  0x000002b8d1ba1800 JavaThread "jar transforms" [_thread_blocked, id=19256, stack(0x000000c442800000,0x000000c442900000)]
  0x000002b8d1ba2800 JavaThread "Cache worker for file content cache (E:\Â§ß‰∏â‰∏ä\Â§ß‰∏â‰∏ä\ÁºñËØëÂéüÁêÜ\gradle\caches\6.5\fileContent)" [_thread_blocked, id=4868, stack(0x000000c442900000,0x000000c442a00000)]
  0x000002b8d392c000 JavaThread "Memory manager" [_thread_blocked, id=18276, stack(0x000000c442b00000,0x000000c442c00000)]
  0x000002b8d37bf800 JavaThread "Cache worker for Java compile cache (E:\Â§ß‰∏â‰∏ä\Â§ß‰∏â‰∏ä\ÁºñËØëÂéüÁêÜ\gradle\caches\6.5\javaCompile)" [_thread_blocked, id=4848, stack(0x000000c444100000,0x000000c444200000)]
  0x000002b8d37c0000 JavaThread "Exec process" [_thread_blocked, id=18696, stack(0x000000c444700000,0x000000c444800000)]
  0x000002b8d37c7000 JavaThread "Exec process Thread 2" [_thread_blocked, id=16824, stack(0x000000c444800000,0x000000c444900000)]
  0x000002b8d37c1000 JavaThread "Exec process Thread 3" [_thread_blocked, id=18056, stack(0x000000c444900000,0x000000c444a00000)]
  0x000002b8d37c2000 JavaThread "Exec process Thread 4" [_thread_blocked, id=15512, stack(0x000000c444a00000,0x000000c444b00000)]
  0x000002b8d37ba800 JavaThread "Handler for socket connection from /127.0.0.1:56900 to /127.0.0.1:56911" [_thread_in_native, id=18540, stack(0x000000c441200000,0x000000c441300000)]
  0x000002b8d37bb800 JavaThread "Cancel handler" [_thread_blocked, id=17032, stack(0x000000c441300000,0x000000c441400000)]
  0x000002b8d37b9800 JavaThread "Asynchronous log dispatcher for DefaultDaemonConnection: socket connection from /127.0.0.1:56900 to /127.0.0.1:56911" [_thread_blocked, id=18384, stack(0x000000c441500000,0x000000c441600000)]
  0x000002b8d37bd000 JavaThread "Stdin handler" [_thread_blocked, id=9748, stack(0x000000c441600000,0x000000c441700000)]
  0x000002b8d37bc000 JavaThread "Thread-57" [_thread_blocked, id=16304, stack(0x000000c441700000,0x000000c441800000)]
  0x000002b8d37be000 JavaThread "Cache worker for file hash cache (E:\Â§ß‰∏â‰∏ä\Â§ß‰∏â‰∏ä\ÁºñËØëÂéüÁêÜ\C0\CompilerCode\.gradle\6.5\fileHashes)" [_thread_blocked, id=11708, stack(0x000000c441800000,0x000000c441900000)]
  0x000002b8d37be800 JavaThread "Cache worker for checksums cache (E:\Â§ß‰∏â‰∏ä\Â§ß‰∏â‰∏ä\ÁºñËØëÂéüÁêÜ\C0\CompilerCode\.gradle\checksums)" [_thread_blocked, id=1644, stack(0x000000c441c00000,0x000000c441d00000)]
  0x000002b8d37b9000 JavaThread "Cache worker for cache directory md-supplier (E:\Â§ß‰∏â‰∏ä\Â§ß‰∏â‰∏ä\ÁºñËØëÂéüÁêÜ\gradle\caches\6.5\md-supplier)" [_thread_blocked, id=13972, stack(0x000000c441d00000,0x000000c441e00000)]
  0x000002b8d37c7800 JavaThread "Cache worker for cache directory md-rule (E:\Â§ß‰∏â‰∏ä\Â§ß‰∏â‰∏ä\ÁºñËØëÂéüÁêÜ\gradle\caches\6.5\md-rule)" [_thread_blocked, id=8268, stack(0x000000c442300000,0x000000c442400000)]
  0x000002b8d37c3800 JavaThread "Build operations" [_thread_blocked, id=17564, stack(0x000000c442a00000,0x000000c442b00000)]
  0x000002b8d37c4800 JavaThread "Cache worker for Build Output Cleanup Cache (E:\Â§ß‰∏â‰∏ä\Â§ß‰∏â‰∏ä\ÁºñËØëÂéüÁêÜ\C0\CompilerCode\.gradle\buildOutputCleanup)" [_thread_blocked, id=19240, stack(0x000000c442c00000,0x000000c442d00000)]
  0x000002b8d392d000 JavaThread "Cache worker for file content cache (E:\Â§ß‰∏â‰∏ä\Â§ß‰∏â‰∏ä\ÁºñËØëÂéüÁêÜ\C0\CompilerCode\.gradle\6.5\fileContent)" [_thread_blocked, id=4176, stack(0x000000c442e00000,0x000000c442f00000)]
  0x000002b8d393a000 JavaThread "Cache worker for execution history cache (E:\Â§ß‰∏â‰∏ä\Â§ß‰∏â‰∏ä\ÁºñËØëÂéüÁêÜ\C0\CompilerCode\.gradle\6.5\executionHistory)" [_thread_blocked, id=6308, stack(0x000000c443a00000,0x000000c443b00000)]
  0x000002b8d3937800 JavaThread "Build operations Thread 2" [_thread_blocked, id=17904, stack(0x000000c443b00000,0x000000c443c00000)]
  0x000002b8d3937000 JavaThread "Build operations Thread 3" [_thread_blocked, id=11464, stack(0x000000c443c00000,0x000000c443d00000)]
  0x000002b8d3935000 JavaThread "Build operations Thread 4" [_thread_blocked, id=11240, stack(0x000000c443d00000,0x000000c443e00000)]
  0x000002b8d3938800 JavaThread "Build operations Thread 5" [_thread_blocked, id=1368, stack(0x000000c443e00000,0x000000c443f00000)]
  0x000002b8d3936000 JavaThread "Build operations Thread 6" [_thread_blocked, id=18912, stack(0x000000c443f00000,0x000000c444000000)]
  0x000002b8d19cf000 JavaThread "Build operations Thread 7" [_thread_blocked, id=16288, stack(0x000000c444000000,0x000000c444100000)]
  0x000002b8d19ca800 JavaThread "Build operations Thread 8" [_thread_blocked, id=8508, stack(0x000000c444200000,0x000000c444300000)]
  0x000002b8d19cc000 JavaThread "Build operations Thread 9" [_thread_blocked, id=16716, stack(0x000000c444300000,0x000000c444400000)]
  0x000002b8d19d1000 JavaThread "DisconnectableInputStream source reader" daemon [_thread_blocked, id=7700, stack(0x000000c444400000,0x000000c444500000)]
  0x000002b8d19cc800 JavaThread "File lock release action executor" [_thread_blocked, id=2368, stack(0x000000c441e00000,0x000000c441f00000)]

Other Threads:
  0x000002b8cf881000 VMThread "VM Thread" [stack: 0x000000c43fc00000,0x000000c43fd00000] [id=17268]
  0x000002b8cfa64800 WatcherThread [stack: 0x000000c440600000,0x000000c440700000] [id=18428]
  0x000002b8b303e800 GCTaskThread "GC Thread#0" [stack: 0x000000c43f700000,0x000000c43f800000] [id=792]
  0x000002b8d06c3000 GCTaskThread "GC Thread#1" [stack: 0x000000c440800000,0x000000c440900000] [id=9404]
  0x000002b8d06bd000 GCTaskThread "GC Thread#2" [stack: 0x000000c440900000,0x000000c440a00000] [id=8800]
  0x000002b8d06c4800 GCTaskThread "GC Thread#3" [stack: 0x000000c440a00000,0x000000c440b00000] [id=7556]
  0x000002b8d06bf800 GCTaskThread "GC Thread#4" [stack: 0x000000c440b00000,0x000000c440c00000] [id=4436]
  0x000002b8d06c0000 GCTaskThread "GC Thread#5" [stack: 0x000000c440c00000,0x000000c440d00000] [id=18356]
  0x000002b8d06c3800 GCTaskThread "GC Thread#6" [stack: 0x000000c441f00000,0x000000c442000000] [id=6780]
  0x000002b8d06c1800 GCTaskThread "GC Thread#7" [stack: 0x000000c442000000,0x000000c442100000] [id=7516]
  0x000002b8d06be000 GCTaskThread "GC Thread#8" [stack: 0x000000c442100000,0x000000c442200000] [id=11284]
  0x000002b8d06be800 GCTaskThread "GC Thread#9" [stack: 0x000000c442200000,0x000000c442300000] [id=2088]
  0x000002b8b3043000 ConcurrentGCThread "G1 Main Marker" [stack: 0x000000c43f800000,0x000000c43f900000] [id=15688]
  0x000002b8b3046000 ConcurrentGCThread "G1 Conc#0" [stack: 0x000000c43f900000,0x000000c43fa00000] [id=6696]
  0x000002b8d06c1000 ConcurrentGCThread "G1 Conc#1" [stack: 0x000000c442600000,0x000000c442700000] [id=19288]
  0x000002b8d06c2000 ConcurrentGCThread "G1 Conc#2" [stack: 0x000000c442700000,0x000000c442800000] [id=17976]
  0x000002b8cef30000 ConcurrentGCThread "G1 Refine#0" [stack: 0x000000c43fa00000,0x000000c43fb00000] [id=4088]
  0x000002b8cef31000 ConcurrentGCThread "G1 Young RemSet Sampling" [stack: 0x000000c43fb00000,0x000000c43fc00000] [id=17964]

Threads with active compile tasks:
C2 CompilerThread0  6414       4       java.util.concurrent.ConcurrentLinkedQueue::poll (84 bytes)

VM state:not at safepoint (normal execution)

VM Mutex/Monitor currently owned by a thread: None

Heap address: 0x00000000e0000000, size: 512 MB, Compressed Oops mode: 32-bit
Narrow klass base: 0x0000000800000000, Narrow klass shift: 3
Compressed class space size: 260046848 Address: 0x0000000801190000

Heap:
 garbage-first heap   total 262144K, used 71162K [0x00000000e0000000, 0x0000000100000000)
  region size 1024K, 52 young (53248K), 20 survivors (20480K)
 Metaspace       used 55541K, capacity 57658K, committed 57776K, reserved 305152K
  class space    used 7716K, capacity 8444K, committed 8448K, reserved 253952K
Heap Regions: E=young(eden), S=young(survivor), O=old, HS=humongous(starts), HC=humongous(continues), CS=collection set, F=free, A=archive, TAMS=top-at-mark-start (previous, next)
|   0|0x00000000e0000000, 0x00000000e0100000, 0x00000000e0100000|100%| O|  |TAMS 0x00000000e0100000, 0x00000000e0000000| Untracked 
|   1|0x00000000e0100000, 0x00000000e0200000, 0x00000000e0200000|100%| O|  |TAMS 0x00000000e0200000, 0x00000000e0100000| Untracked 
|   2|0x00000000e0200000, 0x00000000e0300000, 0x00000000e0300000|100%| O|  |TAMS 0x00000000e0300000, 0x00000000e0200000| Untracked 
|   3|0x00000000e0300000, 0x00000000e0400000, 0x00000000e0400000|100%|HS|  |TAMS 0x00000000e0400000, 0x00000000e0300000| Complete 
|   4|0x00000000e0400000, 0x00000000e0500000, 0x00000000e0500000|100%|HC|  |TAMS 0x00000000e0500000, 0x00000000e0400000| Complete 
|   5|0x00000000e0500000, 0x00000000e0600000, 0x00000000e0600000|100%|HC|  |TAMS 0x00000000e0600000, 0x00000000e0500000| Complete 
|   6|0x00000000e0600000, 0x00000000e0700000, 0x00000000e0700000|100%| O|  |TAMS 0x00000000e0700000, 0x00000000e0600000| Untracked 
|   7|0x00000000e0700000, 0x00000000e07ffff8, 0x00000000e0800000| 99%| O|  |TAMS 0x00000000e07ffff8, 0x00000000e0700000| Untracked 
|   8|0x00000000e0800000, 0x00000000e0900000, 0x00000000e0900000|100%| O|  |TAMS 0x00000000e0900000, 0x00000000e0800000| Untracked 
|   9|0x00000000e0900000, 0x00000000e0a00000, 0x00000000e0a00000|100%| O|  |TAMS 0x00000000e0a00000, 0x00000000e0900000| Untracked 
|  10|0x00000000e0a00000, 0x00000000e0b00000, 0x00000000e0b00000|100%| O|  |TAMS 0x00000000e0b00000, 0x00000000e0a00000| Untracked 
|  11|0x00000000e0b00000, 0x00000000e0c00000, 0x00000000e0c00000|100%| O|  |TAMS 0x00000000e0c00000, 0x00000000e0b00000| Untracked 
|  12|0x00000000e0c00000, 0x00000000e0d00000, 0x00000000e0d00000|100%| O|  |TAMS 0x00000000e0d00000, 0x00000000e0c00000| Untracked 
|  13|0x00000000e0d00000, 0x00000000e0e00000, 0x00000000e0e00000|100%| O|  |TAMS 0x00000000e0e00000, 0x00000000e0d00000| Untracked 
|  14|0x00000000e0e00000, 0x00000000e0f00000, 0x00000000e0f00000|100%| O|  |TAMS 0x00000000e0f00000, 0x00000000e0e00000| Untracked 
|  15|0x00000000e0f00000, 0x00000000e1000000, 0x00000000e1000000|100%| O|  |TAMS 0x00000000e1000000, 0x00000000e0f00000| Untracked 
|  16|0x00000000e1000000, 0x00000000e1100000, 0x00000000e1100000|100%| O|  |TAMS 0x00000000e1100000, 0x00000000e1000000| Untracked 
|  17|0x00000000e1100000, 0x00000000e117ec00, 0x00000000e1200000| 49%| O|  |TAMS 0x00000000e117ec00, 0x00000000e1100000| Untracked 
|  18|0x00000000e1200000, 0x00000000e1300000, 0x00000000e1300000|100%|HS|  |TAMS 0x00000000e1200000, 0x00000000e1200000| Complete 
|  19|0x00000000e1300000, 0x00000000e1300000, 0x00000000e1400000|  0%| F|  |TAMS 0x00000000e1300000, 0x00000000e1300000| Untracked 
|  20|0x00000000e1400000, 0x00000000e1400000, 0x00000000e1500000|  0%| F|  |TAMS 0x00000000e1400000, 0x00000000e1400000| Untracked 
|  21|0x00000000e1500000, 0x00000000e1500000, 0x00000000e1600000|  0%| F|  |TAMS 0x00000000e1500000, 0x00000000e1500000| Untracked 
|  22|0x00000000e1600000, 0x00000000e1600000, 0x00000000e1700000|  0%| F|  |TAMS 0x00000000e1600000, 0x00000000e1600000| Untracked 
|  23|0x00000000e1700000, 0x00000000e1700000, 0x00000000e1800000|  0%| F|  |TAMS 0x00000000e1700000, 0x00000000e1700000| Untracked 
|  24|0x00000000e1800000, 0x00000000e1800000, 0x00000000e1900000|  0%| F|  |TAMS 0x00000000e1800000, 0x00000000e1800000| Untracked 
|  25|0x00000000e1900000, 0x00000000e1900000, 0x00000000e1a00000|  0%| F|  |TAMS 0x00000000e1900000, 0x00000000e1900000| Untracked 
|  26|0x00000000e1a00000, 0x00000000e1a00000, 0x00000000e1b00000|  0%| F|  |TAMS 0x00000000e1a00000, 0x00000000e1a00000| Untracked 
|  27|0x00000000e1b00000, 0x00000000e1b00000, 0x00000000e1c00000|  0%| F|  |TAMS 0x00000000e1b00000, 0x00000000e1b00000| Untracked 
|  28|0x00000000e1c00000, 0x00000000e1c00000, 0x00000000e1d00000|  0%| F|  |TAMS 0x00000000e1c00000, 0x00000000e1c00000| Untracked 
|  29|0x00000000e1d00000, 0x00000000e1d00000, 0x00000000e1e00000|  0%| F|  |TAMS 0x00000000e1d00000, 0x00000000e1d00000| Untracked 
|  30|0x00000000e1e00000, 0x00000000e1e00000, 0x00000000e1f00000|  0%| F|  |TAMS 0x00000000e1e00000, 0x00000000e1e00000| Untracked 
|  31|0x00000000e1f00000, 0x00000000e1f00000, 0x00000000e2000000|  0%| F|  |TAMS 0x00000000e1f00000, 0x00000000e1f00000| Untracked 
|  32|0x00000000e2000000, 0x00000000e2000000, 0x00000000e2100000|  0%| F|  |TAMS 0x00000000e2000000, 0x00000000e2000000| Untracked 
|  33|0x00000000e2100000, 0x00000000e2100000, 0x00000000e2200000|  0%| F|  |TAMS 0x00000000e2100000, 0x00000000e2100000| Untracked 
|  34|0x00000000e2200000, 0x00000000e2200000, 0x00000000e2300000|  0%| F|  |TAMS 0x00000000e2200000, 0x00000000e2200000| Untracked 
|  35|0x00000000e2300000, 0x00000000e2300000, 0x00000000e2400000|  0%| F|  |TAMS 0x00000000e2300000, 0x00000000e2300000| Untracked 
|  36|0x00000000e2400000, 0x00000000e2400000, 0x00000000e2500000|  0%| F|  |TAMS 0x00000000e2400000, 0x00000000e2400000| Untracked 
|  37|0x00000000e2500000, 0x00000000e2500000, 0x00000000e2600000|  0%| F|  |TAMS 0x00000000e2500000, 0x00000000e2500000| Untracked 
|  38|0x00000000e2600000, 0x00000000e2600000, 0x00000000e2700000|  0%| F|  |TAMS 0x00000000e2600000, 0x00000000e2600000| Untracked 
|  39|0x00000000e2700000, 0x00000000e2700000, 0x00000000e2800000|  0%| F|  |TAMS 0x00000000e2700000, 0x00000000e2700000| Untracked 
|  40|0x00000000e2800000, 0x00000000e2800000, 0x00000000e2900000|  0%| F|  |TAMS 0x00000000e2800000, 0x00000000e2800000| Untracked 
|  41|0x00000000e2900000, 0x00000000e2900000, 0x00000000e2a00000|  0%| F|  |TAMS 0x00000000e2900000, 0x00000000e2900000| Untracked 
|  42|0x00000000e2a00000, 0x00000000e2a00000, 0x00000000e2b00000|  0%| F|  |TAMS 0x00000000e2a00000, 0x00000000e2a00000| Untracked 
|  43|0x00000000e2b00000, 0x00000000e2b00000, 0x00000000e2c00000|  0%| F|  |TAMS 0x00000000e2b00000, 0x00000000e2b00000| Untracked 
|  44|0x00000000e2c00000, 0x00000000e2c00000, 0x00000000e2d00000|  0%| F|  |TAMS 0x00000000e2c00000, 0x00000000e2c00000| Untracked 
|  45|0x00000000e2d00000, 0x00000000e2d00000, 0x00000000e2e00000|  0%| F|  |TAMS 0x00000000e2d00000, 0x00000000e2d00000| Untracked 
|  46|0x00000000e2e00000, 0x00000000e2e00000, 0x00000000e2f00000|  0%| F|  |TAMS 0x00000000e2e00000, 0x00000000e2e00000| Untracked 
|  47|0x00000000e2f00000, 0x00000000e2f00000, 0x00000000e3000000|  0%| F|  |TAMS 0x00000000e2f00000, 0x00000000e2f00000| Untracked 
|  48|0x00000000e3000000, 0x00000000e3000000, 0x00000000e3100000|  0%| F|  |TAMS 0x00000000e3000000, 0x00000000e3000000| Untracked 
|  49|0x00000000e3100000, 0x00000000e3100000, 0x00000000e3200000|  0%| F|  |TAMS 0x00000000e3100000, 0x00000000e3100000| Untracked 
|  50|0x00000000e3200000, 0x00000000e3200000, 0x00000000e3300000|  0%| F|  |TAMS 0x00000000e3200000, 0x00000000e3200000| Untracked 
|  51|0x00000000e3300000, 0x00000000e3300000, 0x00000000e3400000|  0%| F|  |TAMS 0x00000000e3300000, 0x00000000e3300000| Untracked 
|  52|0x00000000e3400000, 0x00000000e3400000, 0x00000000e3500000|  0%| F|  |TAMS 0x00000000e3400000, 0x00000000e3400000| Untracked 
|  53|0x00000000e3500000, 0x00000000e3500000, 0x00000000e3600000|  0%| F|  |TAMS 0x00000000e3500000, 0x00000000e3500000| Untracked 
|  54|0x00000000e3600000, 0x00000000e3600000, 0x00000000e3700000|  0%| F|  |TAMS 0x00000000e3600000, 0x00000000e3600000| Untracked 
|  55|0x00000000e3700000, 0x00000000e3700000, 0x00000000e3800000|  0%| F|  |TAMS 0x00000000e3700000, 0x00000000e3700000| Untracked 
|  56|0x00000000e3800000, 0x00000000e3800000, 0x00000000e3900000|  0%| F|  |TAMS 0x00000000e3800000, 0x00000000e3800000| Untracked 
|  57|0x00000000e3900000, 0x00000000e3900000, 0x00000000e3a00000|  0%| F|  |TAMS 0x00000000e3900000, 0x00000000e3900000| Untracked 
|  58|0x00000000e3a00000, 0x00000000e3a00000, 0x00000000e3b00000|  0%| F|  |TAMS 0x00000000e3a00000, 0x00000000e3a00000| Untracked 
|  59|0x00000000e3b00000, 0x00000000e3b00000, 0x00000000e3c00000|  0%| F|  |TAMS 0x00000000e3b00000, 0x00000000e3b00000| Untracked 
|  60|0x00000000e3c00000, 0x00000000e3c00000, 0x00000000e3d00000|  0%| F|  |TAMS 0x00000000e3c00000, 0x00000000e3c00000| Untracked 
|  61|0x00000000e3d00000, 0x00000000e3d00000, 0x00000000e3e00000|  0%| F|  |TAMS 0x00000000e3d00000, 0x00000000e3d00000| Untracked 
|  62|0x00000000e3e00000, 0x00000000e3e00000, 0x00000000e3f00000|  0%| F|  |TAMS 0x00000000e3e00000, 0x00000000e3e00000| Untracked 
|  63|0x00000000e3f00000, 0x00000000e3f00000, 0x00000000e4000000|  0%| F|  |TAMS 0x00000000e3f00000, 0x00000000e3f00000| Untracked 
|  64|0x00000000e4000000, 0x00000000e4000000, 0x00000000e4100000|  0%| F|  |TAMS 0x00000000e4000000, 0x00000000e4000000| Untracked 
|  65|0x00000000e4100000, 0x00000000e4100000, 0x00000000e4200000|  0%| F|  |TAMS 0x00000000e4100000, 0x00000000e4100000| Untracked 
|  66|0x00000000e4200000, 0x00000000e4200000, 0x00000000e4300000|  0%| F|  |TAMS 0x00000000e4200000, 0x00000000e4200000| Untracked 
|  67|0x00000000e4300000, 0x00000000e4300000, 0x00000000e4400000|  0%| F|  |TAMS 0x00000000e4300000, 0x00000000e4300000| Untracked 
|  68|0x00000000e4400000, 0x00000000e4400000, 0x00000000e4500000|  0%| F|  |TAMS 0x00000000e4400000, 0x00000000e4400000| Untracked 
|  69|0x00000000e4500000, 0x00000000e4500000, 0x00000000e4600000|  0%| F|  |TAMS 0x00000000e4500000, 0x00000000e4500000| Untracked 
|  70|0x00000000e4600000, 0x00000000e4600000, 0x00000000e4700000|  0%| F|  |TAMS 0x00000000e4600000, 0x00000000e4600000| Untracked 
|  71|0x00000000e4700000, 0x00000000e4700000, 0x00000000e4800000|  0%| F|  |TAMS 0x00000000e4700000, 0x00000000e4700000| Untracked 
|  72|0x00000000e4800000, 0x00000000e4800000, 0x00000000e4900000|  0%| F|  |TAMS 0x00000000e4800000, 0x00000000e4800000| Untracked 
|  73|0x00000000e4900000, 0x00000000e4900000, 0x00000000e4a00000|  0%| F|  |TAMS 0x00000000e4900000, 0x00000000e4900000| Untracked 
|  74|0x00000000e4a00000, 0x00000000e4a00000, 0x00000000e4b00000|  0%| F|  |TAMS 0x00000000e4a00000, 0x00000000e4a00000| Untracked 
|  75|0x00000000e4b00000, 0x00000000e4b00000, 0x00000000e4c00000|  0%| F|  |TAMS 0x00000000e4b00000, 0x00000000e4b00000| Untracked 
|  76|0x00000000e4c00000, 0x00000000e4c00000, 0x00000000e4d00000|  0%| F|  |TAMS 0x00000000e4c00000, 0x00000000e4c00000| Untracked 
|  77|0x00000000e4d00000, 0x00000000e4d00000, 0x00000000e4e00000|  0%| F|  |TAMS 0x00000000e4d00000, 0x00000000e4d00000| Untracked 
|  78|0x00000000e4e00000, 0x00000000e4e00000, 0x00000000e4f00000|  0%| F|  |TAMS 0x00000000e4e00000, 0x00000000e4e00000| Untracked 
|  79|0x00000000e4f00000, 0x00000000e4f00000, 0x00000000e5000000|  0%| F|  |TAMS 0x00000000e4f00000, 0x00000000e4f00000| Untracked 
|  80|0x00000000e5000000, 0x00000000e5000000, 0x00000000e5100000|  0%| F|  |TAMS 0x00000000e5000000, 0x00000000e5000000| Untracked 
|  81|0x00000000e5100000, 0x00000000e5100000, 0x00000000e5200000|  0%| F|  |TAMS 0x00000000e5100000, 0x00000000e5100000| Untracked 
|  82|0x00000000e5200000, 0x00000000e5200000, 0x00000000e5300000|  0%| F|  |TAMS 0x00000000e5200000, 0x00000000e5200000| Untracked 
|  83|0x00000000e5300000, 0x00000000e5400000, 0x00000000e5400000|100%| S|CS|TAMS 0x00000000e5300000, 0x00000000e5300000| Complete 
|  84|0x00000000e5400000, 0x00000000e5500000, 0x00000000e5500000|100%| S|CS|TAMS 0x00000000e5400000, 0x00000000e5400000| Complete 
|  85|0x00000000e5500000, 0x00000000e5600000, 0x00000000e5600000|100%| S|CS|TAMS 0x00000000e5500000, 0x00000000e5500000| Complete 
|  86|0x00000000e5600000, 0x00000000e5700000, 0x00000000e5700000|100%| S|CS|TAMS 0x00000000e5600000, 0x00000000e5600000| Complete 
|  87|0x00000000e5700000, 0x00000000e5800000, 0x00000000e5800000|100%| S|CS|TAMS 0x00000000e5700000, 0x00000000e5700000| Complete 
|  88|0x00000000e5800000, 0x00000000e5900000, 0x00000000e5900000|100%| S|CS|TAMS 0x00000000e5800000, 0x00000000e5800000| Complete 
|  89|0x00000000e5900000, 0x00000000e5a00000, 0x00000000e5a00000|100%| S|CS|TAMS 0x00000000e5900000, 0x00000000e5900000| Complete 
|  90|0x00000000e5a00000, 0x00000000e5b00000, 0x00000000e5b00000|100%| S|CS|TAMS 0x00000000e5a00000, 0x00000000e5a00000| Complete 
|  91|0x00000000e5b00000, 0x00000000e5c00000, 0x00000000e5c00000|100%| S|CS|TAMS 0x00000000e5b00000, 0x00000000e5b00000| Complete 
|  92|0x00000000e5c00000, 0x00000000e5d00000, 0x00000000e5d00000|100%| S|CS|TAMS 0x00000000e5c00000, 0x00000000e5c00000| Complete 
|  93|0x00000000e5d00000, 0x00000000e5e00000, 0x00000000e5e00000|100%| S|CS|TAMS 0x00000000e5d00000, 0x00000000e5d00000| Complete 
|  94|0x00000000e5e00000, 0x00000000e5f00000, 0x00000000e5f00000|100%| S|CS|TAMS 0x00000000e5e00000, 0x00000000e5e00000| Complete 
|  95|0x00000000e5f00000, 0x00000000e6000000, 0x00000000e6000000|100%| S|CS|TAMS 0x00000000e5f00000, 0x00000000e5f00000| Complete 
|  96|0x00000000e6000000, 0x00000000e6100000, 0x00000000e6100000|100%| S|CS|TAMS 0x00000000e6000000, 0x00000000e6000000| Complete 
|  97|0x00000000e6100000, 0x00000000e6200000, 0x00000000e6200000|100%| S|CS|TAMS 0x00000000e6100000, 0x00000000e6100000| Complete 
|  98|0x00000000e6200000, 0x00000000e6300000, 0x00000000e6300000|100%| S|CS|TAMS 0x00000000e6200000, 0x00000000e6200000| Complete 
|  99|0x00000000e6300000, 0x00000000e6400000, 0x00000000e6400000|100%| S|CS|TAMS 0x00000000e6300000, 0x00000000e6300000| Complete 
| 100|0x00000000e6400000, 0x00000000e6500000, 0x00000000e6500000|100%| S|CS|TAMS 0x00000000e6400000, 0x00000000e6400000| Complete 
| 101|0x00000000e6500000, 0x00000000e6600000, 0x00000000e6600000|100%| S|CS|TAMS 0x00000000e6500000, 0x00000000e6500000| Complete 
| 102|0x00000000e6600000, 0x00000000e6700000, 0x00000000e6700000|100%| S|CS|TAMS 0x00000000e6600000, 0x00000000e6600000| Complete 
| 103|0x00000000e6700000, 0x00000000e6700000, 0x00000000e6800000|  0%| F|  |TAMS 0x00000000e6700000, 0x00000000e6700000| Untracked 
| 104|0x00000000e6800000, 0x00000000e6800000, 0x00000000e6900000|  0%| F|  |TAMS 0x00000000e6800000, 0x00000000e6800000| Untracked 
| 105|0x00000000e6900000, 0x00000000e6900000, 0x00000000e6a00000|  0%| F|  |TAMS 0x00000000e6900000, 0x00000000e6900000| Untracked 
| 106|0x00000000e6a00000, 0x00000000e6a00000, 0x00000000e6b00000|  0%| F|  |TAMS 0x00000000e6a00000, 0x00000000e6a00000| Untracked 
| 107|0x00000000e6b00000, 0x00000000e6b00000, 0x00000000e6c00000|  0%| F|  |TAMS 0x00000000e6b00000, 0x00000000e6b00000| Untracked 
| 108|0x00000000e6c00000, 0x00000000e6c00000, 0x00000000e6d00000|  0%| F|  |TAMS 0x00000000e6c00000, 0x00000000e6c00000| Untracked 
| 109|0x00000000e6d00000, 0x00000000e6d00000, 0x00000000e6e00000|  0%| F|  |TAMS 0x00000000e6d00000, 0x00000000e6d00000| Untracked 
| 110|0x00000000e6e00000, 0x00000000e6e00000, 0x00000000e6f00000|  0%| F|  |TAMS 0x00000000e6e00000, 0x00000000e6e00000| Untracked 
| 111|0x00000000e6f00000, 0x00000000e6f00000, 0x00000000e7000000|  0%| F|  |TAMS 0x00000000e6f00000, 0x00000000e6f00000| Untracked 
| 112|0x00000000e7000000, 0x00000000e7000000, 0x00000000e7100000|  0%| F|  |TAMS 0x00000000e7000000, 0x00000000e7000000| Untracked 
| 113|0x00000000e7100000, 0x00000000e7100000, 0x00000000e7200000|  0%| F|  |TAMS 0x00000000e7100000, 0x00000000e7100000| Untracked 
| 114|0x00000000e7200000, 0x00000000e7200000, 0x00000000e7300000|  0%| F|  |TAMS 0x00000000e7200000, 0x00000000e7200000| Untracked 
| 115|0x00000000e7300000, 0x00000000e7300000, 0x00000000e7400000|  0%| F|  |TAMS 0x00000000e7300000, 0x00000000e7300000| Untracked 
| 116|0x00000000e7400000, 0x00000000e7400000, 0x00000000e7500000|  0%| F|  |TAMS 0x00000000e7400000, 0x00000000e7400000| Untracked 
| 117|0x00000000e7500000, 0x00000000e7500000, 0x00000000e7600000|  0%| F|  |TAMS 0x00000000e7500000, 0x00000000e7500000| Untracked 
| 118|0x00000000e7600000, 0x00000000e7600000, 0x00000000e7700000|  0%| F|  |TAMS 0x00000000e7600000, 0x00000000e7600000| Untracked 
| 119|0x00000000e7700000, 0x00000000e7700000, 0x00000000e7800000|  0%| F|  |TAMS 0x00000000e7700000, 0x00000000e7700000| Untracked 
| 120|0x00000000e7800000, 0x00000000e7800000, 0x00000000e7900000|  0%| F|  |TAMS 0x00000000e7800000, 0x00000000e7800000| Untracked 
| 121|0x00000000e7900000, 0x00000000e7900000, 0x00000000e7a00000|  0%| F|  |TAMS 0x00000000e7900000, 0x00000000e7900000| Untracked 
| 122|0x00000000e7a00000, 0x00000000e7a00000, 0x00000000e7b00000|  0%| F|  |TAMS 0x00000000e7a00000, 0x00000000e7a00000| Untracked 
| 123|0x00000000e7b00000, 0x00000000e7b00000, 0x00000000e7c00000|  0%| F|  |TAMS 0x00000000e7b00000, 0x00000000e7b00000| Untracked 
| 124|0x00000000e7c00000, 0x00000000e7c00000, 0x00000000e7d00000|  0%| F|  |TAMS 0x00000000e7c00000, 0x00000000e7c00000| Untracked 
| 125|0x00000000e7d00000, 0x00000000e7d00000, 0x00000000e7e00000|  0%| F|  |TAMS 0x00000000e7d00000, 0x00000000e7d00000| Untracked 
| 126|0x00000000e7e00000, 0x00000000e7e00000, 0x00000000e7f00000|  0%| F|  |TAMS 0x00000000e7e00000, 0x00000000e7e00000| Untracked 
| 127|0x00000000e7f00000, 0x00000000e7f00000, 0x00000000e8000000|  0%| F|  |TAMS 0x00000000e7f00000, 0x00000000e7f00000| Untracked 
| 128|0x00000000e8000000, 0x00000000e8000000, 0x00000000e8100000|  0%| F|  |TAMS 0x00000000e8000000, 0x00000000e8000000| Untracked 
| 129|0x00000000e8100000, 0x00000000e8100000, 0x00000000e8200000|  0%| F|  |TAMS 0x00000000e8100000, 0x00000000e8100000| Untracked 
| 130|0x00000000e8200000, 0x00000000e8200000, 0x00000000e8300000|  0%| F|  |TAMS 0x00000000e8200000, 0x00000000e8200000| Untracked 
| 131|0x00000000e8300000, 0x00000000e8300000, 0x00000000e8400000|  0%| F|  |TAMS 0x00000000e8300000, 0x00000000e8300000| Untracked 
| 132|0x00000000e8400000, 0x00000000e8400000, 0x00000000e8500000|  0%| F|  |TAMS 0x00000000e8400000, 0x00000000e8400000| Untracked 
| 133|0x00000000e8500000, 0x00000000e8500000, 0x00000000e8600000|  0%| F|  |TAMS 0x00000000e8500000, 0x00000000e8500000| Untracked 
| 134|0x00000000e8600000, 0x00000000e8600000, 0x00000000e8700000|  0%| F|  |TAMS 0x00000000e8600000, 0x00000000e8600000| Untracked 
| 135|0x00000000e8700000, 0x00000000e8700000, 0x00000000e8800000|  0%| F|  |TAMS 0x00000000e8700000, 0x00000000e8700000| Untracked 
| 136|0x00000000e8800000, 0x00000000e8800000, 0x00000000e8900000|  0%| F|  |TAMS 0x00000000e8800000, 0x00000000e8800000| Untracked 
| 137|0x00000000e8900000, 0x00000000e8900000, 0x00000000e8a00000|  0%| F|  |TAMS 0x00000000e8900000, 0x00000000e8900000| Untracked 
| 138|0x00000000e8a00000, 0x00000000e8a00000, 0x00000000e8b00000|  0%| F|  |TAMS 0x00000000e8a00000, 0x00000000e8a00000| Untracked 
| 139|0x00000000e8b00000, 0x00000000e8b00000, 0x00000000e8c00000|  0%| F|  |TAMS 0x00000000e8b00000, 0x00000000e8b00000| Untracked 
| 140|0x00000000e8c00000, 0x00000000e8c00000, 0x00000000e8d00000|  0%| F|  |TAMS 0x00000000e8c00000, 0x00000000e8c00000| Untracked 
| 141|0x00000000e8d00000, 0x00000000e8d00000, 0x00000000e8e00000|  0%| F|  |TAMS 0x00000000e8d00000, 0x00000000e8d00000| Untracked 
| 142|0x00000000e8e00000, 0x00000000e8e00000, 0x00000000e8f00000|  0%| F|  |TAMS 0x00000000e8e00000, 0x00000000e8e00000| Untracked 
| 143|0x00000000e8f00000, 0x00000000e8f00000, 0x00000000e9000000|  0%| F|  |TAMS 0x00000000e8f00000, 0x00000000e8f00000| Untracked 
| 144|0x00000000e9000000, 0x00000000e9000000, 0x00000000e9100000|  0%| F|  |TAMS 0x00000000e9000000, 0x00000000e9000000| Untracked 
| 145|0x00000000e9100000, 0x00000000e9100000, 0x00000000e9200000|  0%| F|  |TAMS 0x00000000e9100000, 0x00000000e9100000| Untracked 
| 146|0x00000000e9200000, 0x00000000e9200000, 0x00000000e9300000|  0%| F|  |TAMS 0x00000000e9200000, 0x00000000e9200000| Untracked 
| 147|0x00000000e9300000, 0x00000000e9300000, 0x00000000e9400000|  0%| F|  |TAMS 0x00000000e9300000, 0x00000000e9300000| Untracked 
| 148|0x00000000e9400000, 0x00000000e9400000, 0x00000000e9500000|  0%| F|  |TAMS 0x00000000e9400000, 0x00000000e9400000| Untracked 
| 149|0x00000000e9500000, 0x00000000e9500000, 0x00000000e9600000|  0%| F|  |TAMS 0x00000000e9500000, 0x00000000e9500000| Untracked 
| 150|0x00000000e9600000, 0x00000000e9600000, 0x00000000e9700000|  0%| F|  |TAMS 0x00000000e9600000, 0x00000000e9600000| Untracked 
| 151|0x00000000e9700000, 0x00000000e9700000, 0x00000000e9800000|  0%| F|  |TAMS 0x00000000e9700000, 0x00000000e9700000| Untracked 
| 152|0x00000000e9800000, 0x00000000e9800000, 0x00000000e9900000|  0%| F|  |TAMS 0x00000000e9800000, 0x00000000e9800000| Untracked 
| 153|0x00000000e9900000, 0x00000000e9900000, 0x00000000e9a00000|  0%| F|  |TAMS 0x00000000e9900000, 0x00000000e9900000| Untracked 
| 154|0x00000000e9a00000, 0x00000000e9a00000, 0x00000000e9b00000|  0%| F|  |TAMS 0x00000000e9a00000, 0x00000000e9a00000| Untracked 
| 155|0x00000000e9b00000, 0x00000000e9b00000, 0x00000000e9c00000|  0%| F|  |TAMS 0x00000000e9b00000, 0x00000000e9b00000| Untracked 
| 156|0x00000000e9c00000, 0x00000000e9c00000, 0x00000000e9d00000|  0%| F|  |TAMS 0x00000000e9c00000, 0x00000000e9c00000| Untracked 
| 157|0x00000000e9d00000, 0x00000000e9d00000, 0x00000000e9e00000|  0%| F|  |TAMS 0x00000000e9d00000, 0x00000000e9d00000| Untracked 
| 158|0x00000000e9e00000, 0x00000000e9e00000, 0x00000000e9f00000|  0%| F|  |TAMS 0x00000000e9e00000, 0x00000000e9e00000| Untracked 
| 159|0x00000000e9f00000, 0x00000000e9f00000, 0x00000000ea000000|  0%| F|  |TAMS 0x00000000e9f00000, 0x00000000e9f00000| Untracked 
| 160|0x00000000ea000000, 0x00000000ea000000, 0x00000000ea100000|  0%| F|  |TAMS 0x00000000ea000000, 0x00000000ea000000| Untracked 
| 161|0x00000000ea100000, 0x00000000ea100000, 0x00000000ea200000|  0%| F|  |TAMS 0x00000000ea100000, 0x00000000ea100000| Untracked 
| 162|0x00000000ea200000, 0x00000000ea200000, 0x00000000ea300000|  0%| F|  |TAMS 0x00000000ea200000, 0x00000000ea200000| Untracked 
| 163|0x00000000ea300000, 0x00000000ea300000, 0x00000000ea400000|  0%| F|  |TAMS 0x00000000ea300000, 0x00000000ea300000| Untracked 
| 164|0x00000000ea400000, 0x00000000ea400000, 0x00000000ea500000|  0%| F|  |TAMS 0x00000000ea400000, 0x00000000ea400000| Untracked 
| 165|0x00000000ea500000, 0x00000000ea500000, 0x00000000ea600000|  0%| F|  |TAMS 0x00000000ea500000, 0x00000000ea500000| Untracked 
| 166|0x00000000ea600000, 0x00000000ea600000, 0x00000000ea700000|  0%| F|  |TAMS 0x00000000ea600000, 0x00000000ea600000| Untracked 
| 167|0x00000000ea700000, 0x00000000ea700000, 0x00000000ea800000|  0%| F|  |TAMS 0x00000000ea700000, 0x00000000ea700000| Untracked 
| 168|0x00000000ea800000, 0x00000000ea800000, 0x00000000ea900000|  0%| F|  |TAMS 0x00000000ea800000, 0x00000000ea800000| Untracked 
| 169|0x00000000ea900000, 0x00000000ea900000, 0x00000000eaa00000|  0%| F|  |TAMS 0x00000000ea900000, 0x00000000ea900000| Untracked 
| 170|0x00000000eaa00000, 0x00000000eaa00000, 0x00000000eab00000|  0%| F|  |TAMS 0x00000000eaa00000, 0x00000000eaa00000| Untracked 
| 171|0x00000000eab00000, 0x00000000eab00000, 0x00000000eac00000|  0%| F|  |TAMS 0x00000000eab00000, 0x00000000eab00000| Untracked 
| 172|0x00000000eac00000, 0x00000000eac00000, 0x00000000ead00000|  0%| F|  |TAMS 0x00000000eac00000, 0x00000000eac00000| Untracked 
| 173|0x00000000ead00000, 0x00000000ead00000, 0x00000000eae00000|  0%| F|  |TAMS 0x00000000ead00000, 0x00000000ead00000| Untracked 
| 174|0x00000000eae00000, 0x00000000eae00000, 0x00000000eaf00000|  0%| F|  |TAMS 0x00000000eae00000, 0x00000000eae00000| Untracked 
| 175|0x00000000eaf00000, 0x00000000eaf00000, 0x00000000eb000000|  0%| F|  |TAMS 0x00000000eaf00000, 0x00000000eaf00000| Untracked 
| 176|0x00000000eb000000, 0x00000000eb000000, 0x00000000eb100000|  0%| F|  |TAMS 0x00000000eb000000, 0x00000000eb000000| Untracked 
| 177|0x00000000eb100000, 0x00000000eb100000, 0x00000000eb200000|  0%| F|  |TAMS 0x00000000eb100000, 0x00000000eb100000| Untracked 
| 178|0x00000000eb200000, 0x00000000eb200000, 0x00000000eb300000|  0%| F|  |TAMS 0x00000000eb200000, 0x00000000eb200000| Untracked 
| 179|0x00000000eb300000, 0x00000000eb300000, 0x00000000eb400000|  0%| F|  |TAMS 0x00000000eb300000, 0x00000000eb300000| Untracked 
| 180|0x00000000eb400000, 0x00000000eb400000, 0x00000000eb500000|  0%| F|  |TAMS 0x00000000eb400000, 0x00000000eb400000| Untracked 
| 181|0x00000000eb500000, 0x00000000eb500000, 0x00000000eb600000|  0%| F|  |TAMS 0x00000000eb500000, 0x00000000eb500000| Untracked 
| 182|0x00000000eb600000, 0x00000000eb600000, 0x00000000eb700000|  0%| F|  |TAMS 0x00000000eb600000, 0x00000000eb600000| Untracked 
| 183|0x00000000eb700000, 0x00000000eb700000, 0x00000000eb800000|  0%| F|  |TAMS 0x00000000eb700000, 0x00000000eb700000| Untracked 
| 184|0x00000000eb800000, 0x00000000eb800000, 0x00000000eb900000|  0%| F|  |TAMS 0x00000000eb800000, 0x00000000eb800000| Untracked 
| 185|0x00000000eb900000, 0x00000000eb900000, 0x00000000eba00000|  0%| F|  |TAMS 0x00000000eb900000, 0x00000000eb900000| Untracked 
| 186|0x00000000eba00000, 0x00000000eba00000, 0x00000000ebb00000|  0%| F|  |TAMS 0x00000000eba00000, 0x00000000eba00000| Untracked 
| 187|0x00000000ebb00000, 0x00000000ebb00000, 0x00000000ebc00000|  0%| F|  |TAMS 0x00000000ebb00000, 0x00000000ebb00000| Untracked 
| 188|0x00000000ebc00000, 0x00000000ebc00000, 0x00000000ebd00000|  0%| F|  |TAMS 0x00000000ebc00000, 0x00000000ebc00000| Untracked 
| 189|0x00000000ebd00000, 0x00000000ebd00000, 0x00000000ebe00000|  0%| F|  |TAMS 0x00000000ebd00000, 0x00000000ebd00000| Untracked 
| 190|0x00000000ebe00000, 0x00000000ebe00000, 0x00000000ebf00000|  0%| F|  |TAMS 0x00000000ebe00000, 0x00000000ebe00000| Untracked 
| 191|0x00000000ebf00000, 0x00000000ebf00000, 0x00000000ec000000|  0%| F|  |TAMS 0x00000000ebf00000, 0x00000000ebf00000| Untracked 
| 192|0x00000000ec000000, 0x00000000ec000000, 0x00000000ec100000|  0%| F|  |TAMS 0x00000000ec000000, 0x00000000ec000000| Untracked 
| 193|0x00000000ec100000, 0x00000000ec100000, 0x00000000ec200000|  0%| F|  |TAMS 0x00000000ec100000, 0x00000000ec100000| Untracked 
| 194|0x00000000ec200000, 0x00000000ec200000, 0x00000000ec300000|  0%| F|  |TAMS 0x00000000ec200000, 0x00000000ec200000| Untracked 
| 195|0x00000000ec300000, 0x00000000ec300000, 0x00000000ec400000|  0%| F|  |TAMS 0x00000000ec300000, 0x00000000ec300000| Untracked 
| 196|0x00000000ec400000, 0x00000000ec400000, 0x00000000ec500000|  0%| F|  |TAMS 0x00000000ec400000, 0x00000000ec400000| Untracked 
| 197|0x00000000ec500000, 0x00000000ec500000, 0x00000000ec600000|  0%| F|  |TAMS 0x00000000ec500000, 0x00000000ec500000| Untracked 
| 198|0x00000000ec600000, 0x00000000ec600000, 0x00000000ec700000|  0%| F|  |TAMS 0x00000000ec600000, 0x00000000ec600000| Untracked 
| 199|0x00000000ec700000, 0x00000000ec700000, 0x00000000ec800000|  0%| F|  |TAMS 0x00000000ec700000, 0x00000000ec700000| Untracked 
| 200|0x00000000ec800000, 0x00000000ec800000, 0x00000000ec900000|  0%| F|  |TAMS 0x00000000ec800000, 0x00000000ec800000| Untracked 
| 201|0x00000000ec900000, 0x00000000ec900000, 0x00000000eca00000|  0%| F|  |TAMS 0x00000000ec900000, 0x00000000ec900000| Untracked 
| 202|0x00000000eca00000, 0x00000000eca00000, 0x00000000ecb00000|  0%| F|  |TAMS 0x00000000eca00000, 0x00000000eca00000| Untracked 
| 203|0x00000000ecb00000, 0x00000000ecb00000, 0x00000000ecc00000|  0%| F|  |TAMS 0x00000000ecb00000, 0x00000000ecb00000| Untracked 
| 204|0x00000000ecc00000, 0x00000000ecc00000, 0x00000000ecd00000|  0%| F|  |TAMS 0x00000000ecc00000, 0x00000000ecc00000| Untracked 
| 205|0x00000000ecd00000, 0x00000000ecd00000, 0x00000000ece00000|  0%| F|  |TAMS 0x00000000ecd00000, 0x00000000ecd00000| Untracked 
| 206|0x00000000ece00000, 0x00000000ece00000, 0x00000000ecf00000|  0%| F|  |TAMS 0x00000000ece00000, 0x00000000ece00000| Untracked 
| 207|0x00000000ecf00000, 0x00000000ecf00000, 0x00000000ed000000|  0%| F|  |TAMS 0x00000000ecf00000, 0x00000000ecf00000| Untracked 
| 208|0x00000000ed000000, 0x00000000ed000000, 0x00000000ed100000|  0%| F|  |TAMS 0x00000000ed000000, 0x00000000ed000000| Untracked 
| 209|0x00000000ed100000, 0x00000000ed100000, 0x00000000ed200000|  0%| F|  |TAMS 0x00000000ed100000, 0x00000000ed100000| Untracked 
| 210|0x00000000ed200000, 0x00000000ed200000, 0x00000000ed300000|  0%| F|  |TAMS 0x00000000ed200000, 0x00000000ed200000| Untracked 
| 211|0x00000000ed300000, 0x00000000ed300000, 0x00000000ed400000|  0%| F|  |TAMS 0x00000000ed300000, 0x00000000ed300000| Untracked 
| 212|0x00000000ed400000, 0x00000000ed400000, 0x00000000ed500000|  0%| F|  |TAMS 0x00000000ed400000, 0x00000000ed400000| Untracked 
| 213|0x00000000ed500000, 0x00000000ed500000, 0x00000000ed600000|  0%| F|  |TAMS 0x00000000ed500000, 0x00000000ed500000| Untracked 
| 214|0x00000000ed600000, 0x00000000ed600000, 0x00000000ed700000|  0%| F|  |TAMS 0x00000000ed600000, 0x00000000ed600000| Untracked 
| 215|0x00000000ed700000, 0x00000000ed700000, 0x00000000ed800000|  0%| F|  |TAMS 0x00000000ed700000, 0x00000000ed700000| Untracked 
| 216|0x00000000ed800000, 0x00000000ed800000, 0x00000000ed900000|  0%| F|  |TAMS 0x00000000ed800000, 0x00000000ed800000| Untracked 
| 217|0x00000000ed900000, 0x00000000ed900000, 0x00000000eda00000|  0%| F|  |TAMS 0x00000000ed900000, 0x00000000ed900000| Untracked 
| 218|0x00000000eda00000, 0x00000000eda00000, 0x00000000edb00000|  0%| F|  |TAMS 0x00000000eda00000, 0x00000000eda00000| Untracked 
| 219|0x00000000edb00000, 0x00000000edb00000, 0x00000000edc00000|  0%| F|  |TAMS 0x00000000edb00000, 0x00000000edb00000| Untracked 
| 220|0x00000000edc00000, 0x00000000edc00000, 0x00000000edd00000|  0%| F|  |TAMS 0x00000000edc00000, 0x00000000edc00000| Untracked 
| 221|0x00000000edd00000, 0x00000000edd00000, 0x00000000ede00000|  0%| F|  |TAMS 0x00000000edd00000, 0x00000000edd00000| Untracked 
| 222|0x00000000ede00000, 0x00000000ede00000, 0x00000000edf00000|  0%| F|  |TAMS 0x00000000ede00000, 0x00000000ede00000| Untracked 
| 223|0x00000000edf00000, 0x00000000edf00000, 0x00000000ee000000|  0%| F|  |TAMS 0x00000000edf00000, 0x00000000edf00000| Untracked 
| 224|0x00000000ee000000, 0x00000000ee0ec898, 0x00000000ee100000| 92%| E|  |TAMS 0x00000000ee000000, 0x00000000ee000000| Complete 
| 225|0x00000000ee100000, 0x00000000ee200000, 0x00000000ee200000|100%| E|CS|TAMS 0x00000000ee100000, 0x00000000ee100000| Complete 
| 226|0x00000000ee200000, 0x00000000ee300000, 0x00000000ee300000|100%| E|CS|TAMS 0x00000000ee200000, 0x00000000ee200000| Complete 
| 227|0x00000000ee300000, 0x00000000ee400000, 0x00000000ee400000|100%| E|CS|TAMS 0x00000000ee300000, 0x00000000ee300000| Complete 
| 228|0x00000000ee400000, 0x00000000ee500000, 0x00000000ee500000|100%| E|CS|TAMS 0x00000000ee400000, 0x00000000ee400000| Complete 
| 229|0x00000000ee500000, 0x00000000ee600000, 0x00000000ee600000|100%| E|CS|TAMS 0x00000000ee500000, 0x00000000ee500000| Complete 
| 230|0x00000000ee600000, 0x00000000ee700000, 0x00000000ee700000|100%| E|CS|TAMS 0x00000000ee600000, 0x00000000ee600000| Complete 
| 231|0x00000000ee700000, 0x00000000ee800000, 0x00000000ee800000|100%| E|CS|TAMS 0x00000000ee700000, 0x00000000ee700000| Complete 
| 232|0x00000000ee800000, 0x00000000ee900000, 0x00000000ee900000|100%| E|CS|TAMS 0x00000000ee800000, 0x00000000ee800000| Complete 
| 233|0x00000000ee900000, 0x00000000eea00000, 0x00000000eea00000|100%| E|CS|TAMS 0x00000000ee900000, 0x00000000ee900000| Complete 
| 234|0x00000000eea00000, 0x00000000eeb00000, 0x00000000eeb00000|100%| E|CS|TAMS 0x00000000eea00000, 0x00000000eea00000| Complete 
| 235|0x00000000eeb00000, 0x00000000eec00000, 0x00000000eec00000|100%| E|CS|TAMS 0x00000000eeb00000, 0x00000000eeb00000| Complete 
| 236|0x00000000eec00000, 0x00000000eed00000, 0x00000000eed00000|100%| E|CS|TAMS 0x00000000eec00000, 0x00000000eec00000| Complete 
| 237|0x00000000eed00000, 0x00000000eee00000, 0x00000000eee00000|100%| E|CS|TAMS 0x00000000eed00000, 0x00000000eed00000| Complete 
| 238|0x00000000eee00000, 0x00000000eef00000, 0x00000000eef00000|100%| E|CS|TAMS 0x00000000eee00000, 0x00000000eee00000| Complete 
| 239|0x00000000eef00000, 0x00000000ef000000, 0x00000000ef000000|100%| E|CS|TAMS 0x00000000eef00000, 0x00000000eef00000| Complete 
| 240|0x00000000ef000000, 0x00000000ef100000, 0x00000000ef100000|100%| E|CS|TAMS 0x00000000ef000000, 0x00000000ef000000| Complete 
| 241|0x00000000ef100000, 0x00000000ef200000, 0x00000000ef200000|100%| E|CS|TAMS 0x00000000ef100000, 0x00000000ef100000| Complete 
| 242|0x00000000ef200000, 0x00000000ef300000, 0x00000000ef300000|100%| E|CS|TAMS 0x00000000ef200000, 0x00000000ef200000| Complete 
| 243|0x00000000ef300000, 0x00000000ef400000, 0x00000000ef400000|100%| E|CS|TAMS 0x00000000ef300000, 0x00000000ef300000| Complete 
| 244|0x00000000ef400000, 0x00000000ef500000, 0x00000000ef500000|100%| E|CS|TAMS 0x00000000ef400000, 0x00000000ef400000| Complete 
| 245|0x00000000ef500000, 0x00000000ef600000, 0x00000000ef600000|100%| E|CS|TAMS 0x00000000ef500000, 0x00000000ef500000| Complete 
| 246|0x00000000ef600000, 0x00000000ef700000, 0x00000000ef700000|100%| E|CS|TAMS 0x00000000ef600000, 0x00000000ef600000| Complete 
| 247|0x00000000ef700000, 0x00000000ef800000, 0x00000000ef800000|100%| E|CS|TAMS 0x00000000ef700000, 0x00000000ef700000| Complete 
| 248|0x00000000ef800000, 0x00000000ef900000, 0x00000000ef900000|100%| E|CS|TAMS 0x00000000ef800000, 0x00000000ef800000| Complete 
| 249|0x00000000ef900000, 0x00000000efa00000, 0x00000000efa00000|100%| E|CS|TAMS 0x00000000ef900000, 0x00000000ef900000| Complete 
| 250|0x00000000efa00000, 0x00000000efb00000, 0x00000000efb00000|100%| E|CS|TAMS 0x00000000efa00000, 0x00000000efa00000| Complete 
| 251|0x00000000efb00000, 0x00000000efc00000, 0x00000000efc00000|100%| E|CS|TAMS 0x00000000efb00000, 0x00000000efb00000| Complete 
| 252|0x00000000efc00000, 0x00000000efd00000, 0x00000000efd00000|100%| E|CS|TAMS 0x00000000efc00000, 0x00000000efc00000| Complete 
| 253|0x00000000efd00000, 0x00000000efe00000, 0x00000000efe00000|100%| E|CS|TAMS 0x00000000efd00000, 0x00000000efd00000| Complete 
| 254|0x00000000efe00000, 0x00000000eff00000, 0x00000000eff00000|100%| E|CS|TAMS 0x00000000efe00000, 0x00000000efe00000| Complete 
| 255|0x00000000eff00000, 0x00000000f0000000, 0x00000000f0000000|100%| E|CS|TAMS 0x00000000eff00000, 0x00000000eff00000| Complete 

Card table byte_map: [0x000002b8cb1d0000,0x000002b8cb2d0000] _byte_map_base: 0x000002b8caad0000

Marking Bits (Prev, Next): (CMBitMap*) 0x000002b8b303f2c8, (CMBitMap*) 0x000002b8b303f308
 Prev Bits: [0x000002b8cb3d0000, 0x000002b8cbbd0000)
 Next Bits: [0x000002b8cbbd0000, 0x000002b8cc3d0000)

Polling page: 0x000002b8b14b0000

Metaspace:

Usage:
  Non-class:     48.06 MB capacity,    46.70 MB ( 97%) used,     1.17 MB (  2%) free+waste,   190.44 KB ( <1%) overhead. 
      Class:      8.25 MB capacity,     7.54 MB ( 91%) used,   631.98 KB (  7%) free+waste,    95.13 KB (  1%) overhead. 
       Both:     56.31 MB capacity,    54.24 MB ( 96%) used,     1.79 MB (  3%) free+waste,   285.56 KB ( <1%) overhead. 

Virtual space:
  Non-class space:       50.00 MB reserved,      48.17 MB ( 96%) committed 
      Class space:      248.00 MB reserved,       8.25 MB (  3%) committed 
             Both:      298.00 MB reserved,      56.42 MB ( 19%) committed 

Chunk freelists:
   Non-Class:  6.25 KB
       Class:  512 bytes
        Both:  6.75 KB

CodeHeap 'non-profiled nmethods': size=120000Kb used=3155Kb max_used=3155Kb free=116844Kb
 bounds [0x000002b8c2f10000, 0x000002b8c3230000, 0x000002b8ca440000]
CodeHeap 'profiled nmethods': size=120000Kb used=11978Kb max_used=11978Kb free=108022Kb
 bounds [0x000002b8bb9e0000, 0x000002b8bc5b0000, 0x000002b8c2f10000]
CodeHeap 'non-nmethods': size=5760Kb used=2290Kb max_used=2340Kb free=3469Kb
 bounds [0x000002b8bb440000, 0x000002b8bb6b0000, 0x000002b8bb9e0000]
 total_blobs=8887 nmethods=5540 adapters=781
 compilation: enabled
              stopped_count=0, restarted_count=0
 full_count=0

Compilation events (10 events):
Event: 36.133 Thread 0x000002b8cf8b1000 nmethod 6408 0x000002b8c3223f90 code [0x000002b8c3224140, 0x000002b8c3224278]
Event: 36.133 Thread 0x000002b8cf8b1000 6410       1       org.gradle.cache.internal.locklistener.DefaultFileLockContentionHandler::access$200 (5 bytes)
Event: 36.133 Thread 0x000002b8cf8b1000 nmethod 6410 0x000002b8c3224310 code [0x000002b8c32244c0, 0x000002b8c32245b8]
Event: 36.258 Thread 0x000002b8cf8b1000 6411  s    1       java.net.DatagramPacket::getPort (5 bytes)
Event: 36.258 Thread 0x000002b8cf8b1000 nmethod 6411 0x000002b8c3224690 code [0x000002b8c3224840, 0x000002b8c3224b18]
Event: 36.416 Thread 0x000002b8cf8b1000 6412       3       java.util.concurrent.locks.AbstractQueuedSynchronizer$ConditionObject::signalAll (33 bytes)
Event: 36.417 Thread 0x000002b8cf8b1000 nmethod 6412 0x000002b8bc59fc10 code [0x000002b8bc59fe00, 0x000002b8bc5a01d0]
Event: 36.578 Thread 0x000002b8cf8b1000 6413       1       java.net.DatagramSocket::isBound (5 bytes)
Event: 36.578 Thread 0x000002b8cf8b1000 nmethod 6413 0x000002b8c3224b90 code [0x000002b8c3224d40, 0x000002b8c3224e78]
Event: 36.692 Thread 0x000002b8cf8aa800 6414       4       java.util.concurrent.ConcurrentLinkedQueue::poll (84 bytes)

GC Heap History (10 events):
Event: 0.577 GC heap before
{Heap before GC invocations=0 (full 0):
 garbage-first heap   total 262144K, used 29696K [0x00000000e0000000, 0x0000000100000000)
  region size 1024K, 24 young (24576K), 0 survivors (0K)
 Metaspace       used 3152K, capacity 6189K, committed 6400K, reserved 262144K
  class space    used 412K, capacity 701K, committed 768K, reserved 253952K
}
Event: 0.581 GC heap after
{Heap after GC invocations=1 (full 0):
 garbage-first heap   total 262144K, used 8800K [0x00000000e0000000, 0x0000000100000000)
  region size 1024K, 3 young (3072K), 3 survivors (3072K)
 Metaspace       used 3152K, capacity 6189K, committed 6400K, reserved 262144K
  class space    used 412K, capacity 701K, committed 768K, reserved 253952K
}
Event: 3.159 GC heap before
{Heap before GC invocations=1 (full 0):
 garbage-first heap   total 262144K, used 162400K [0x00000000e0000000, 0x0000000100000000)
  region size 1024K, 153 young (156672K), 3 survivors (3072K)
 Metaspace       used 19125K, capacity 19751K, committed 19840K, reserved 272384K
  class space    used 2748K, capacity 2933K, committed 2944K, reserved 253952K
}
Event: 3.166 GC heap after
{Heap after GC invocations=2 (full 0):
 garbage-first heap   total 262144K, used 18154K [0x00000000e0000000, 0x0000000100000000)
  region size 1024K, 13 young (13312K), 13 survivors (13312K)
 Metaspace       used 19125K, capacity 19751K, committed 19840K, reserved 272384K
  class space    used 2748K, capacity 2933K, committed 2944K, reserved 253952K
}
Event: 3.345 GC heap before
{Heap before GC invocations=2 (full 0):
 garbage-first heap   total 262144K, used 31466K [0x00000000e0000000, 0x0000000100000000)
  region size 1024K, 27 young (27648K), 13 survivors (13312K)
 Metaspace       used 20516K, capacity 21132K, committed 21296K, reserved 272384K
  class space    used 2927K, capacity 3137K, committed 3200K, reserved 253952K
}
Event: 3.352 GC heap after
{Heap after GC invocations=3 (full 0):
 garbage-first heap   total 262144K, used 19174K [0x00000000e0000000, 0x0000000100000000)
  region size 1024K, 2 young (2048K), 2 survivors (2048K)
 Metaspace       used 20516K, capacity 21132K, committed 21296K, reserved 272384K
  class space    used 2927K, capacity 3137K, committed 3200K, reserved 253952K
}
Event: 4.965 GC heap before
{Heap before GC invocations=4 (full 0):
 garbage-first heap   total 262144K, used 143078K [0x00000000e0000000, 0x0000000100000000)
  region size 1024K, 121 young (123904K), 2 survivors (2048K)
 Metaspace       used 34682K, capacity 35783K, committed 35888K, reserved 284672K
  class space    used 4788K, capacity 5158K, committed 5248K, reserved 253952K
}
Event: 4.977 GC heap after
{Heap after GC invocations=5 (full 0):
 garbage-first heap   total 262144K, used 26881K [0x00000000e0000000, 0x0000000100000000)
  region size 1024K, 9 young (9216K), 9 survivors (9216K)
 Metaspace       used 34682K, capacity 35783K, committed 35888K, reserved 284672K
  class space    used 4788K, capacity 5158K, committed 5248K, reserved 253952K
}
Event: 11.252 GC heap before
{Heap before GC invocations=6 (full 0):
 garbage-first heap   total 262144K, used 173313K [0x00000000e0000000, 0x0000000100000000)
  region size 1024K, 153 young (156672K), 9 survivors (9216K)
 Metaspace       used 51982K, capacity 53761K, committed 53808K, reserved 301056K
  class space    used 7183K, capacity 7793K, committed 7808K, reserved 253952K
}
Event: 11.263 GC heap after
{Heap after GC invocations=7 (full 0):
 garbage-first heap   total 262144K, used 38394K [0x00000000e0000000, 0x0000000100000000)
  region size 1024K, 20 young (20480K), 20 survivors (20480K)
 Metaspace       used 51982K, capacity 53761K, committed 53808K, reserved 301056K
  class space    used 7183K, capacity 7793K, committed 7808K, reserved 253952K
}

Deoptimization events (10 events):
Event: 11.478 Thread 0x000002b8d37c6000 Uncommon trap: reason=unstable_if action=reinterpret pc=0x000002b8c31c58a0 method=java.lang.String.startsWith(Ljava/lang/String;I)Z @ 99 c2
Event: 11.478 Thread 0x000002b8d37c6000 Uncommon trap: reason=unstable_if action=reinterpret pc=0x000002b8c31c02ec method=java.lang.String.startsWith(Ljava/lang/String;I)Z @ 99 c2
Event: 11.502 Thread 0x000002b8d1d66000 Uncommon trap: reason=unstable_if action=reinterpret pc=0x000002b8c300f958 method=com.google.common.collect.MapMakerInternalMap$Segment.getEntry(Ljava/lang/Object;I)Lcom/google/common/collect/MapMakerInternalMap$InternalEntry; @ 40 c2
Event: 11.506 Thread 0x000002b8d37c6000 Uncommon trap: reason=unstable_if action=reinterpret pc=0x000002b8c2f2c078 method=java.lang.StringUTF16.indexOfCharUnsafe([BIII)I @ 16 c2
Event: 11.664 Thread 0x000002b8d37c6000 Uncommon trap: reason=bimorphic_or_optimized_type_check action=maybe_recompile pc=0x000002b8c306ecac method=java.util.TreeMap.getEntryUsingComparator(Ljava/lang/Object;)Ljava/util/TreeMap$Entry; @ 29 c2
Event: 11.672 Thread 0x000002b8d37c6000 Uncommon trap: reason=bimorphic_or_optimized_type_check action=maybe_recompile pc=0x000002b8c306ecac method=java.util.TreeMap.getEntryUsingComparator(Ljava/lang/Object;)Ljava/util/TreeMap$Entry; @ 29 c2
Event: 11.672 Thread 0x000002b8d37c6000 Uncommon trap: reason=bimorphic_or_optimized_type_check action=maybe_recompile pc=0x000002b8c306ecac method=java.util.TreeMap.getEntryUsingComparator(Ljava/lang/Object;)Ljava/util/TreeMap$Entry; @ 29 c2
Event: 11.672 Thread 0x000002b8d37c6000 Uncommon trap: reason=bimorphic_or_optimized_type_check action=maybe_recompile pc=0x000002b8c306ecac method=java.util.TreeMap.getEntryUsingComparator(Ljava/lang/Object;)Ljava/util/TreeMap$Entry; @ 29 c2
Event: 12.079 Thread 0x000002b8d1d66000 Uncommon trap: reason=unstable_if action=reinterpret pc=0x000002b8c321868c method=com.gradle.scan.a.d.c.b.b(IZ)I @ 50 c2
Event: 12.240 Thread 0x000002b8d1d66000 Uncommon trap: reason=null_check action=make_not_entrant pc=0x000002b8c302d09c method=java.net.URL.getURLStreamHandler(Ljava/lang/String;)Ljava/net/URLStreamHandler; @ 7 c2

Classes redefined (0 events):
No events

Internal exceptions (10 events):
Event: 11.508 Thread 0x000002b8d1d66000 Exception <a 'java/lang/ClassNotFoundException'{0x00000000eefbf960}: build_f3tg1gdwpm7gadxkq35z85mroBeanInfo> (0x00000000eefbf960) thrown at [t:/workspace/open/src/hotspot/share/classfile/systemDictionary.cpp, line 235]
Event: 11.508 Thread 0x000002b8d1d66000 Exception <a 'java/lang/ClassNotFoundException'{0x00000000eefc7bf0}: build_f3tg1gdwpm7gadxkq35z85mroCustomizer> (0x00000000eefc7bf0) thrown at [t:/workspace/open/src/hotspot/share/classfile/systemDictionary.cpp, line 235]
Event: 11.554 Thread 0x000002b8d1d66000 Exception <a 'java/lang/ClassNotFoundException'{0x00000000eed65518}: build_f3tg1gdwpm7gadxkq35z85mroBeanInfo> (0x00000000eed65518) thrown at [t:/workspace/open/src/hotspot/share/classfile/systemDictionary.cpp, line 235]
Event: 11.554 Thread 0x000002b8d1d66000 Exception <a 'java/lang/ClassNotFoundException'{0x00000000eed6d7a8}: build_f3tg1gdwpm7gadxkq35z85mroCustomizer> (0x00000000eed6d7a8) thrown at [t:/workspace/open/src/hotspot/share/classfile/systemDictionary.cpp, line 235]
Event: 11.686 Thread 0x000002b8d37c6000 Exception <a 'java/lang/NoSuchMethodError'{0x00000000ee5115a8}: java.lang.invoke.DirectMethodHandle$Holder.invokeSpecial(Ljava/lang/Object;Ljava/lang/Object;JLjava/lang/Object;Ljava/lang/Object;)Ljava/lang/Object;> (0x00000000ee5115a8) thrown at [t:/works
Event: 12.037 Thread 0x000002b8d392b800 Exception <a 'java/lang/reflect/InvocationTargetException'{0x00000000ee6c90f0}> (0x00000000ee6c90f0) thrown at [t:/workspace/open/src/hotspot/share/runtime/reflection.cpp, line 1183]
Event: 12.051 Thread 0x000002b8d1d66000 Exception <a 'java/lang/NoSuchMethodError'{0x00000000ee3bf460}: java.lang.invoke.DirectMethodHandle$Holder.invokeSpecial(Ljava/lang/Object;Ljava/lang/Object;Ljava/lang/Object;Ljava/lang/Object;Ljava/lang/Object;Ljava/lang/Object;Ljava/lang/Object;Ljava/la
Event: 12.051 Thread 0x000002b8d1d66000 Exception <a 'java/lang/NoSuchMethodError'{0x00000000ee3c31e8}: java.lang.invoke.Invokers$Holder.linkToTargetMethod(Ljava/lang/Object;Ljava/lang/Object;Ljava/lang/Object;Ljava/lang/Object;Ljava/lang/Object;Ljava/lang/Object;Ljava/lang/Object;Ljava/lang/Ob
Event: 12.058 Thread 0x000002b8d1d66000 Exception <a 'java/lang/NoSuchMethodError'{0x00000000ee3e3e18}: java.lang.invoke.DirectMethodHandle$Holder.invokeInterface(Ljava/lang/Object;Ljava/lang/Object;I)Ljava/lang/Object;> (0x00000000ee3e3e18) thrown at [t:/workspace/open/src/hotspot/share/interp
Event: 12.240 Thread 0x000002b8d1d66000 Implicit null exception at 0x000002b8c302944c to 0x000002b8c302d07a

Events (10 events):
Event: 36.258 Executing VM operation: RevokeBias
Event: 36.258 Executing VM operation: RevokeBias done
Event: 36.417 Executing VM operation: RevokeBias
Event: 36.417 Executing VM operation: RevokeBias done
Event: 36.417 Executing VM operation: RevokeBias
Event: 36.417 Executing VM operation: RevokeBias done
Event: 36.577 Executing VM operation: RevokeBias
Event: 36.578 Executing VM operation: RevokeBias done
Event: 36.578 Executing VM operation: RevokeBias
Event: 36.578 Executing VM operation: RevokeBias done


Dynamic libraries:
0x00007ff6cf100000 - 0x00007ff6cf10f000 	E:\JDK12\bin\java.exe
0x00007ff86b120000 - 0x00007ff86b310000 	C:\WINDOWS\SYSTEM32\ntdll.dll
0x00007ff86a7b0000 - 0x00007ff86a862000 	C:\WINDOWS\System32\KERNEL32.DLL
0x00007ff868340000 - 0x00007ff8685e5000 	C:\WINDOWS\System32\KERNELBASE.dll
0x00007ff868240000 - 0x00007ff86833a000 	C:\WINDOWS\System32\ucrtbase.dll
0x00007ff847800000 - 0x00007ff847816000 	E:\JDK12\bin\VCRUNTIME140.dll
0x00007ff8479f0000 - 0x00007ff847a08000 	E:\JDK12\bin\jli.dll
0x00007ff86a960000 - 0x00007ff86aa03000 	C:\WINDOWS\System32\ADVAPI32.dll
0x00007ff869a80000 - 0x00007ff869b1e000 	C:\WINDOWS\System32\msvcrt.dll
0x00007ff86aa10000 - 0x00007ff86aaa7000 	C:\WINDOWS\System32\sechost.dll
0x00007ff86a590000 - 0x00007ff86a6b0000 	C:\WINDOWS\System32\RPCRT4.dll
0x00007ff8691d0000 - 0x00007ff869364000 	C:\WINDOWS\System32\USER32.dll
0x00007ff8686a0000 - 0x00007ff8686c1000 	C:\WINDOWS\System32\win32u.dll
0x00007ff856d80000 - 0x00007ff857004000 	C:\WINDOWS\WinSxS\amd64_microsoft.windows.common-controls_6595b64144ccf1df_6.0.18362.1256_none_9e7e379be45e40e2\COMCTL32.dll
0x00007ff869a50000 - 0x00007ff869a76000 	C:\WINDOWS\System32\GDI32.dll
0x00007ff869710000 - 0x00007ff869a46000 	C:\WINDOWS\System32\combase.dll
0x00007ff868720000 - 0x00007ff8688b6000 	C:\WINDOWS\System32\gdi32full.dll
0x00007ff868120000 - 0x00007ff8681be000 	C:\WINDOWS\System32\msvcp_win.dll
0x00007ff868090000 - 0x00007ff868111000 	C:\WINDOWS\System32\bcryptPrimitives.dll
0x00007ff863120000 - 0x00007ff86312a000 	C:\WINDOWS\SYSTEM32\VERSION.dll
0x00007ff86a780000 - 0x00007ff86a7ae000 	C:\WINDOWS\System32\IMM32.DLL
0x0000000180000000 - 0x00000001800a3000 	E:\±±∫Ω‘∆≈Ã\winhook64.dll
0x00007ff86a6c0000 - 0x00007ff86a6c8000 	C:\WINDOWS\System32\PSAPI.DLL
0x00007ff869b20000 - 0x00007ff869b3d000 	C:\WINDOWS\System32\imagehlp.dll
0x00007ff869e30000 - 0x00007ff86a517000 	C:\WINDOWS\System32\SHELL32.dll
0x00007ff8686d0000 - 0x00007ff86871a000 	C:\WINDOWS\System32\cfgmgr32.dll
0x00007ff86a6d0000 - 0x00007ff86a779000 	C:\WINDOWS\System32\shcore.dll
0x00007ff8688c0000 - 0x00007ff869041000 	C:\WINDOWS\System32\windows.storage.dll
0x00007ff868060000 - 0x00007ff868083000 	C:\WINDOWS\System32\profapi.dll
0x00007ff867ff0000 - 0x00007ff86803a000 	C:\WINDOWS\System32\powrprof.dll
0x00007ff867fc0000 - 0x00007ff867fd0000 	C:\WINDOWS\System32\UMPDC.dll
0x00007ff86b080000 - 0x00007ff86b0d2000 	C:\WINDOWS\System32\shlwapi.dll
0x00007ff867fd0000 - 0x00007ff867fe1000 	C:\WINDOWS\System32\kernel.appcore.dll
0x00007ff8681c0000 - 0x00007ff8681d7000 	C:\WINDOWS\System32\cryptsp.dll
0x00007ff869cd0000 - 0x00007ff869e27000 	C:\WINDOWS\System32\ole32.dll
0x0000000063ae0000 - 0x0000000063b83000 	C:\WINDOWS\WinSxS\amd64_microsoft.vc90.crt_1fc8b3b9a1e18e3b_9.0.30729.9619_none_08e065a3a84109b0\MSVCR90.dll
0x0000000063b90000 - 0x0000000063c63000 	C:\WINDOWS\WinSxS\amd64_microsoft.vc90.crt_1fc8b3b9a1e18e3b_9.0.30729.9619_none_08e065a3a84109b0\MSVCP90.dll
0x00007ff867520000 - 0x00007ff86755a000 	C:\WINDOWS\SYSTEM32\IPHLPAPI.DLL
0x00007ff820e80000 - 0x00007ff820f2a000 	E:\JDK12\bin\msvcp140.dll
0x00007ff804f40000 - 0x00007ff805ab7000 	E:\JDK12\bin\server\jvm.dll
0x00007ff852350000 - 0x00007ff852359000 	C:\WINDOWS\SYSTEM32\WSOCK32.dll
0x00007ff8648f0000 - 0x00007ff864914000 	C:\WINDOWS\SYSTEM32\WINMM.dll
0x00007ff86a520000 - 0x00007ff86a58f000 	C:\WINDOWS\System32\WS2_32.dll
0x00007ff8648c0000 - 0x00007ff8648ed000 	C:\WINDOWS\SYSTEM32\WINMMBASE.dll
0x00007ff82ee10000 - 0x00007ff82ee21000 	E:\JDK12\bin\verify.dll
0x00007ff8527e0000 - 0x00007ff8529d4000 	C:\WINDOWS\SYSTEM32\DBGHELP.DLL
0x00007ff851b00000 - 0x00007ff851b2a000 	C:\WINDOWS\SYSTEM32\dbgcore.DLL
0x00007ff82a9c0000 - 0x00007ff82a9e6000 	E:\JDK12\bin\java.dll
0x00007ff82ebf0000 - 0x00007ff82ec07000 	E:\JDK12\bin\zip.dll
0x00007ff860d80000 - 0x00007ff860d8a000 	E:\JDK12\bin\jimage.dll
0x00007ff82d620000 - 0x00007ff82d639000 	E:\JDK12\bin\net.dll
0x00007ff85e9f0000 - 0x00007ff85eae0000 	C:\WINDOWS\SYSTEM32\WINHTTP.dll
0x00007ff8534d0000 - 0x00007ff8536a6000 	C:\WINDOWS\SYSTEM32\urlmon.dll
0x00007ff8529e0000 - 0x00007ff852c87000 	C:\WINDOWS\SYSTEM32\iertutil.dll
0x00007ff8679e0000 - 0x00007ff8679ec000 	C:\WINDOWS\SYSTEM32\CRYPTBASE.DLL
0x00007ff867810000 - 0x00007ff867877000 	C:\WINDOWS\system32\mswsock.dll
0x00007ff82a430000 - 0x00007ff82a443000 	E:\JDK12\bin\nio.dll
0x00007ff848110000 - 0x00007ff848137000 	E:\¥Û»˝…œ\¥Û»˝…œ\±‡“Î‘≠¿Ì\gradle\native\f6784746aeab05261644944871eae4fe03e0ef1612fff0a4a95f87b438bc6780\windows-amd64\native-platform.dll
0x00007ff8578d0000 - 0x00007ff8578d9000 	E:\JDK12\bin\management.dll
0x00007ff857890000 - 0x00007ff85789c000 	E:\JDK12\bin\management_ext.dll
0x00007ff867380000 - 0x00007ff8673b3000 	C:\WINDOWS\system32\rsaenh.dll
0x00007ff869050000 - 0x00007ff869076000 	C:\WINDOWS\System32\bcrypt.dll
0x00007ff867ee0000 - 0x00007ff867f05000 	C:\WINDOWS\SYSTEM32\USERENV.dll
0x00007ff86af20000 - 0x00007ff86af28000 	C:\WINDOWS\System32\NSI.dll
0x00007ff860e20000 - 0x00007ff860e36000 	C:\WINDOWS\SYSTEM32\dhcpcsvc6.DLL
0x00007ff860da0000 - 0x00007ff860dbc000 	C:\WINDOWS\SYSTEM32\dhcpcsvc.DLL
0x00007ff867560000 - 0x00007ff86762b000 	C:\WINDOWS\SYSTEM32\DNSAPI.dll
0x00007ff8614e0000 - 0x00007ff8614eb000 	C:\WINDOWS\SYSTEM32\WINNSI.DLL
0x00007ff823fd0000 - 0x00007ff823fe6000 	C:\WINDOWS\system32\napinsp.dll
0x00007ff823440000 - 0x00007ff82345a000 	C:\WINDOWS\system32\pnrpnsp.dll
0x00007ff82e6b0000 - 0x00007ff82e6be000 	C:\WINDOWS\System32\winrnr.dll
0x00007ff864470000 - 0x00007ff86448c000 	C:\WINDOWS\system32\NLAapi.dll
0x00007ff863230000 - 0x00007ff863245000 	C:\WINDOWS\system32\wshbth.dll
0x0000000063560000 - 0x0000000063569000 	C:\Program Files\National Instruments\Shared\mDNS Responder\nimdnsNSP.dll
0x0000000063550000 - 0x000000006355e000 	C:\WINDOWS\SYSTEM32\nimdnsResponder.dll
0x00007ff85e1f0000 - 0x00007ff85e1fa000 	C:\Windows\System32\rasadhlp.dll
0x00007ff860200000 - 0x00007ff860277000 	C:\WINDOWS\System32\fwpuclnt.dll

dbghelp: loaded successfully - version: 4.0.5 - missing functions: none
symbol engine: initialized successfully - sym options: 0x614 - pdb path: .;E:\JDK12\bin;C:\WINDOWS\SYSTEM32;C:\WINDOWS\WinSxS\amd64_microsoft.windows.common-controls_6595b64144ccf1df_6.0.18362.1256_none_9e7e379be45e40e2;E:\±±∫Ω‘∆≈Ã;C:\WINDOWS\WinSxS\amd64_microsoft.vc90.crt_1fc8b3b9a1e18e3b_9.0.30729.9619_none_08e065a3a84109b0;E:\JDK12\bin\se;E:\JDK12\bin\se;E:\JDK12\bin\se;E:\JDK12\bin\se;E:\JDK12\bin\se;E:\JDK12\bin\se;E:\JDK12\bin\server;E:\¥Û»˝…œ\¥Û»˝…œ\±‡“Î‘≠¿Ì\gradle\native\f6784746aeab05261644944871eae4fe03e0ef1612fff0a4a95f87b438bc6780;E:\¥Û»˝…œ\¥Û»˝…œ\±‡“Î‘≠¿Ì\gradle\native\f6784746aeab05261644944871eae4fe03e0ef1612fff0a4a95f87;E:\¥Û»˝…œ\¥Û»˝…œ\±‡“Î‘≠¿Ì\gradle\native\f6784746aeab05261644944871eae4fe03e0ef1612ff;E:\¥Û»˝…œ\¥Û»˝…œ\±‡“Î‘≠¿Ì\gradle\native\f6784746aeab05261644944871eae4fe03;E:\¥Û»˝…œ\¥Û»˝…œ\±‡“Î‘≠¿Ì\gradle\native\f6784746aeab05261644944871eae4fe03e0ef1612fff0a4a95f87b438bc6780\windows-amd64;C:\Pr

VM Arguments:
jvm_args: --add-opens=java.base/java.util=ALL-UNNAMED --add-opens=java.base/java.lang=ALL-UNNAMED --add-opens=java.base/java.lang.invoke=ALL-UNNAMED --add-opens=java.prefs/java.util.prefs=ALL-UNNAMED -XX:MaxMetaspaceSize=256m -XX:+HeapDumpOnOutOfMemoryError -Xms256m -Xmx512m -Dfile.encoding=GBK -Duser.country=CN -Duser.language=zh -Duser.variant 
java_command: org.gradle.launcher.daemon.bootstrap.GradleDaemon 6.5
java_class_path (initial): E:\¥Û»˝…œ\¥Û»˝…œ\±‡“Î‘≠¿Ì\gradle\wrapper\dists\gradle-6.5-bin\6nifqtx7604sqp1q6g8wikw7p\gradle-6.5\lib\gradle-launcher-6.5.jar
Launcher Type: SUN_STANDARD

[Global flags]
     intx CICompilerCount                          = 4                                         {product} {ergonomic}
   size_t CompressedClassSpaceSize                 = 260046848                                 {product} {ergonomic}
     uint ConcGCThreads                            = 3                                         {product} {ergonomic}
     uint G1ConcRefinementThreads                  = 10                                        {product} {ergonomic}
   size_t G1HeapRegionSize                         = 1048576                                   {product} {ergonomic}
    uintx GCDrainStackTargetSize                   = 64                                        {product} {ergonomic}
     bool HeapDumpOnOutOfMemoryError               = true                                   {manageable} {command line}
   size_t InitialHeapSize                          = 268435456                                 {product} {command line}
   size_t MarkStackSize                            = 4194304                                   {product} {ergonomic}
   size_t MaxHeapSize                              = 536870912                                 {product} {command line}
   size_t MaxMetaspaceSize                         = 268435456                                 {product} {command line}
   size_t MaxNewSize                               = 321912832                                 {product} {ergonomic}
   size_t MinHeapDeltaBytes                        = 1048576                                   {product} {ergonomic}
    uintx NonNMethodCodeHeapSize                   = 5836300                                {pd product} {ergonomic}
    uintx NonProfiledCodeHeapSize                  = 122910970                              {pd product} {ergonomic}
    uintx ProfiledCodeHeapSize                     = 122910970                              {pd product} {ergonomic}
    uintx ReservedCodeCacheSize                    = 251658240                              {pd product} {ergonomic}
     bool SegmentedCodeCache                       = true                                      {product} {ergonomic}
     bool UseCompressedClassPointers               = true                                 {lp64_product} {ergonomic}
     bool UseCompressedOops                        = true                                 {lp64_product} {ergonomic}
     bool UseG1GC                                  = true                                      {product} {ergonomic}
     bool UseLargePagesIndividualAllocation        = false                                  {pd product} {ergonomic}

Logging:
Log output configuration:
 #0: stdout all=warning uptime,level,tags
 #1: stderr all=off uptime,level,tags

Environment Variables:
JAVA_HOME=E:\JDK12
CLASSPATH=.;E:\JDK12\lib;E:\JDK12\lib\tool.jar;F:\LINGO64_18\Lingo18.jar
PATH=E:\1\;E:\JDK12\bin;C:\ProgramData\Oracle\Java\javapath;C:\Program Files (x86)\Intel\Intel(R) Management Engine Components\iCLS\;C:\Program Files\Intel\Intel(R) Management Engine Components\iCLS\;C:\Windows\system32;C:\Windows;C:\Windows\System32\Wbem;C:\Windows\System32\WindowsPowerShell\v1.0\;C:\Program Files (x86)\Intel\Intel(R) Management Engine Components\DAL;C:\Program Files\Intel\Intel(R) Management Engine Components\DAL;C:\Program Files (x86)\Intel\Intel(R) Management Engine Components\IPT;C:\Program Files\Intel\Intel(R) Management Engine Components\IPT;C:\Program Files\Intel\WiFi\bin\;C:\Program Files\Common Files\Intel\WirelessCommon\;C:\WINDOWS\system32;C:\WINDOWS;C:\WINDOWS\System32\Wbem;C:\WINDOWS\System32\WindowsPowerShell\v1.0\;C:\WINDOWS\System32\OpenSSH\;E:\JDK12\bin;.;E:\JDK12\lib;E:\JDK12\lib\tool.jar;F:\LINGO64_18\Lingo18.jar;C:\Program Files\Microsoft SQL Server\130\Tools\Binn\;C:\Program Files (x86)\Windows Kits\10\Windows Performance Toolkit\;C:\WINDOWS\system32\config\systemprofile\.dnx\bin;C:\Program Files\Microsoft DNX\Dnvm\;E:\±±∫Ω‘∆≈Ã;C:\;rogram Files\Microsoft SQL Server\Client SDK\ODBC\130\Tools\Binn\;C:\Program Files (x86)\Microsoft SQL Server\140\Tools\Binn\;C:\Program Files\Microsoft SQL Server\140\Tools\Binn\;C:\Program Files\Microsoft SQL Server\140\DTS\Binn\;C:\Program Files (x86)\Microsoft SQL Server\150\DTS\Binn\;E:\MATLAB\runtime\win64;E:\MATLAB\bin;E:\Git\cmd;F:\LINGO64_18\;C:\Program Files\nodejs\;E:\SPSS\JRE\bin;C:\Program Files\MySQL\MySQL Server 8.0\bin;F:\Texlive\texlive\2020\bin\win32;E:\¥Û»˝…œ\¥Û»˝…œ\±‡“Î‘≠¿Ì\gradle\gradle-6.7\bin;;E:\WinSCP\;E:\JDK12\bin;E:\python\;C:\Users\MSI NBOOK\AppData\Local\Microsoft\WindowsApps;E:\python\PyCharm Community Edition 2018.3.5\bin;C:\Program Files\Bandizip\;C:\MinGW\bin;E:\–¬Ω®Œƒº˛º– (2)\Microsoft VS Code\bin;C:\Users\MSI NBOOK\AppData\Local\Microsoft\WindowsApps;E:\python\Scripts\;C:\Users\MSI NBOOK\AppData\Roaming\npm;E:\apache-maven-3.6.3\bin;
USERNAME=MSI NBOOK
OS=Windows_NT
PROCESSOR_IDENTIFIER=Intel64 Family 6 Model 158 Stepping 10, GenuineIntel



---------------  S Y S T E M  ---------------

OS: Windows 10 , 64 bit Build 18362 (10.0.18362.1110)

CPU:total 12 (initial active 12) (6 cores per cpu, 2 threads per core) family 6 model 158 stepping 10, cmov, cx8, fxsr, mmx, sse, sse2, sse3, ssse3, sse4.1, sse4.2, popcnt, avx, avx2, aes, clmul, erms, 3dnowpref, lzcnt, ht, tsc, tscinvbit, bmi1, bmi2, adx, fma

Memory: 4k page, system-wide physical 16230M (6346M free)
TotalPageFile size 20322M (AvailPageFile size 1M)
current process WorkingSet (physical memory assigned to process): 362M, peak: 412M
current process commit charge ("private bytes"): 460M, peak: 509M

vm_info: Java HotSpot(TM) 64-Bit Server VM (12.0.2+10) for windows-amd64 JRE (12.0.2+10), built on Jul 16 2019 01:56:17 by "mach5one" with MS VC++ 15.5 (VS2017)

END.
