#
# There is insufficient memory for the Java Runtime Environment to continue.
# Native memory allocation (malloc) failed to allocate 2156016 bytes for Chunk::new
# Possible reasons:
#   The system is out of physical RAM or swap space
#   The process is running with CompressedOops enabled, and the Java Heap may be blocking the growth of the native heap
# Possible solutions:
#   Reduce memory load on the system
#   Increase physical memory or swap space
#   Check if swap backing store is full
#   Decrease Java heap size (-Xmx/-Xms)
#   Decrease number of Java threads
#   Decrease Java thread stack sizes (-Xss)
#   Set larger code cache with -XX:ReservedCodeCacheSize=
#   JVM is running with Unscaled Compressed Oops mode in which the Java heap is
#     placed in the first 4GB address space. The Java Heap base address is the
#     maximum limit for the native heap growth. Please use -XX:HeapBaseMinAddress
#     to set the Java Heap base and to place the Java Heap above 4GB virtual address.
# This output file may be truncated or incomplete.
#
#  Out of Memory Error (t:/workspace/open/src/hotspot/share/memory/arena.cpp:197), pid=6636, tid=2160
#
# JRE version: Java(TM) SE Runtime Environment (12.0.2+10) (build 12.0.2+10)
# Java VM: Java HotSpot(TM) 64-Bit Server VM (12.0.2+10, mixed mode, sharing, tiered, compressed oops, g1 gc, windows-amd64)
# No core dump will be written. Minidumps are not enabled by default on client versions of Windows
#

---------------  S U M M A R Y ------------

Command Line: -XX:MaxMetaspaceSize=256m -XX:+HeapDumpOnOutOfMemoryError -agentlib:jdwp=transport=dt_socket,server=n,suspend=y,address=127.0.0.1:56918 --add-opens=java.base/java.util=ALL-UNNAMED --add-opens=java.base/java.lang=ALL-UNNAMED --add-opens=java.base/java.lang.invoke=ALL-UNNAMED --add-opens=java.prefs/java.util.prefs=ALL-UNNAMED -Xms256m -Xmx512m -Dfile.encoding=GBK -Duser.country=CN -Duser.language=zh -Duser.variant org.gradle.launcher.daemon.bootstrap.GradleDaemon 6.5

Host: Intel(R) Core(TM) i7-8750H CPU @ 2.20GHz, 12 cores, 15G,  Windows 10 , 64 bit Build 18362 (10.0.18362.1110)
Time: Thu Dec 31 17:46:27 2020 ?D1®≤°¿®∫°¡?®∫°¿?? elapsed time: 5 seconds (0d 0h 0m 5s)

---------------  T H R E A D  ---------------

Current thread (0x000001e2af15a000):  JavaThread "C2 CompilerThread1" daemon [_thread_in_native, id=2160, stack(0x0000001290700000,0x0000001290800000)]


Current CompileTask:
C2:   5161 2219   !   4       java.net.URLClassLoader$1::run (63 bytes)

Stack: [0x0000001290700000,0x0000001290800000]
Native frames: (J=compiled Java code, j=interpreted, Vv=VM code, C=native code)
V  [jvm.dll+0x63aa2a]
V  [jvm.dll+0x78ce1e]
V  [jvm.dll+0x78e4c1]
V  [jvm.dll+0x78eb13]
V  [jvm.dll+0x2627e8]
V  [jvm.dll+0xc55cc]
V  [jvm.dll+0xc5b4c]
V  [jvm.dll+0x37a632]
V  [jvm.dll+0x1af0e0]
V  [jvm.dll+0x21c312]
V  [jvm.dll+0x21b3da]
V  [jvm.dll+0x199a20]
V  [jvm.dll+0x22a744]
V  [jvm.dll+0x228d98]
V  [jvm.dll+0x7512a0]
V  [jvm.dll+0x74a2c8]
V  [jvm.dll+0x639b16]
C  [ucrtbase.dll+0x210b2]
C  [KERNEL32.DLL+0x17c24]
C  [ntdll.dll+0x6d4d1]


---------------  P R O C E S S  ---------------

Threads class SMR info:
_java_thread_list=0x000001e2b1822ea0, length=33, elements={
0x000001e291169000, 0x000001e2ad216800, 0x000001e2ad21c000, 0x000001e2ad239000,
0x000001e2ad23a000, 0x000001e2ad23b800, 0x000001e2ad243000, 0x000001e2ad24e800,
0x000001e2ad38c800, 0x000001e2ad3a6000, 0x000001e2ad3a7800, 0x000001e2ad3ac800,
0x000001e2ad3c9000, 0x000001e2ae1ff800, 0x000001e2aef43000, 0x000001e2ae8b6000,
0x000001e2ae33f800, 0x000001e2af515800, 0x000001e2ae050800, 0x000001e2af867800,
0x000001e2ae2d2000, 0x000001e2ae75c800, 0x000001e2ae75d000, 0x000001e2af56e800,
0x000001e2af56d800, 0x000001e2af56c800, 0x000001e2af15a000, 0x000001e2afa01000,
0x000001e2af56a800, 0x000001e2af568800, 0x000001e2af56f000, 0x000001e2af56b000,
0x000001e2af569800
}

Java Threads: ( => current thread )
  0x000001e291169000 JavaThread "main" [_thread_blocked, id=17672, stack(0x000000128dc00000,0x000000128dd00000)]
  0x000001e2ad216800 JavaThread "Reference Handler" daemon [_thread_blocked, id=17336, stack(0x000000128e600000,0x000000128e700000)]
  0x000001e2ad21c000 JavaThread "Finalizer" daemon [_thread_blocked, id=16208, stack(0x000000128e700000,0x000000128e800000)]
  0x000001e2ad239000 JavaThread "Signal Dispatcher" daemon [_thread_blocked, id=3496, stack(0x000000128e800000,0x000000128e900000)]
  0x000001e2ad23a000 JavaThread "Attach Listener" daemon [_thread_blocked, id=8728, stack(0x000000128e900000,0x000000128ea00000)]
  0x000001e2ad23b800 JavaThread "C2 CompilerThread0" daemon [_thread_in_native, id=15380, stack(0x000000128ea00000,0x000000128eb00000)]
  0x000001e2ad243000 JavaThread "C1 CompilerThread0" daemon [_thread_blocked, id=12068, stack(0x000000128eb00000,0x000000128ec00000)]
  0x000001e2ad24e800 JavaThread "Sweeper thread" daemon [_thread_blocked, id=124, stack(0x000000128ec00000,0x000000128ed00000)]
  0x000001e2ad38c800 JavaThread "Common-Cleaner" daemon [_thread_blocked, id=15216, stack(0x000000128ed00000,0x000000128ee00000)]
  0x000001e2ad3a6000 JavaThread "JDWP Transport Listener: dt_socket" daemon [_thread_blocked, id=19388, stack(0x000000128ee00000,0x000000128ef00000)]
  0x000001e2ad3a7800 JavaThread "JDWP Event Helper Thread" daemon [_thread_blocked, id=16240, stack(0x000000128ef00000,0x000000128f000000)]
  0x000001e2ad3ac800 JavaThread "JDWP Command Reader" daemon [_thread_in_native, id=4484, stack(0x000000128f000000,0x000000128f100000)]
  0x000001e2ad3c9000 JavaThread "Service Thread" daemon [_thread_blocked, id=18492, stack(0x000000128f100000,0x000000128f200000)]
  0x000001e2ae1ff800 JavaThread "Daemon health stats" [_thread_blocked, id=2788, stack(0x000000128fa00000,0x000000128fb00000)]
  0x000001e2aef43000 JavaThread "Incoming local TCP Connector on port 56923" [_thread_in_native, id=15952, stack(0x000000128fb00000,0x000000128fc00000)]
  0x000001e2ae8b6000 JavaThread "Daemon periodic checks" [_thread_blocked, id=5752, stack(0x000000128fc00000,0x000000128fd00000)]
  0x000001e2ae33f800 JavaThread "Daemon" [_thread_blocked, id=13400, stack(0x000000128fd00000,0x000000128fe00000)]
  0x000001e2af515800 JavaThread "Handler for socket connection from /127.0.0.1:56923 to /127.0.0.1:56924" [_thread_in_native, id=18716, stack(0x000000128fe00000,0x000000128ff00000)]
  0x000001e2ae050800 JavaThread "Cancel handler" [_thread_blocked, id=17196, stack(0x000000128ff00000,0x0000001290000000)]
  0x000001e2af867800 JavaThread "Daemon worker" [_thread_in_vm, id=16852, stack(0x0000001290000000,0x0000001290100000)]
  0x000001e2ae2d2000 JavaThread "Asynchronous log dispatcher for DefaultDaemonConnection: socket connection from /127.0.0.1:56923 to /127.0.0.1:56924" [_thread_blocked, id=3484, stack(0x0000001290200000,0x0000001290300000)]
  0x000001e2ae75c800 JavaThread "Stdin handler" [_thread_blocked, id=15876, stack(0x0000001290300000,0x0000001290400000)]
  0x000001e2ae75d000 JavaThread "Thread-8" [_thread_blocked, id=8448, stack(0x0000001290400000,0x0000001290500000)]
  0x000001e2af56e800 JavaThread "Cache worker for journal cache (E:\Â§ß‰∏â‰∏ä\Â§ß‰∏â‰∏ä\ÁºñËØëÂéüÁêÜ\gradle\caches\journal-1)" [_thread_blocked, id=1944, stack(0x0000001290500000,0x0000001290600000)]
  0x000001e2af56d800 JavaThread "File lock request listener" [_thread_in_native, id=15944, stack(0x0000001290100000,0x0000001290200000)]
  0x000001e2af56c800 JavaThread "Cache worker for file hash cache (E:\Â§ß‰∏â‰∏ä\Â§ß‰∏â‰∏ä\ÁºñËØëÂéüÁêÜ\gradle\caches\6.5\fileHashes)" [_thread_blocked, id=3476, stack(0x0000001290600000,0x0000001290700000)]
=>0x000001e2af15a000 JavaThread "C2 CompilerThread1" daemon [_thread_in_native, id=2160, stack(0x0000001290700000,0x0000001290800000)]
  0x000001e2afa01000 JavaThread "C2 CompilerThread2" daemon [_thread_in_native, id=1256, stack(0x0000001290800000,0x0000001290900000)]
  0x000001e2af56a800 JavaThread "Cache worker for file hash cache (E:\Â§ß‰∏â‰∏ä\Â§ß‰∏â‰∏ä\ÁºñËØëÂéüÁêÜ\C0\CompilerCode\.gradle\6.5\fileHashes)" [_thread_blocked, id=17180, stack(0x0000001290900000,0x0000001290a00000)]
  0x000001e2af568800 JavaThread "Cache worker for checksums cache (E:\Â§ß‰∏â‰∏ä\Â§ß‰∏â‰∏ä\ÁºñËØëÂéüÁêÜ\C0\CompilerCode\.gradle\checksums)" [_thread_blocked, id=14916, stack(0x0000001290a00000,0x0000001290b00000)]
  0x000001e2af56f000 JavaThread "Cache worker for cache directory md-supplier (E:\Â§ß‰∏â‰∏ä\Â§ß‰∏â‰∏ä\ÁºñËØëÂéüÁêÜ\gradle\caches\6.5\md-supplier)" [_thread_blocked, id=18456, stack(0x0000001290f00000,0x0000001291000000)]
  0x000001e2af56b000 JavaThread "Cache worker for cache directory md-rule (E:\Â§ß‰∏â‰∏ä\Â§ß‰∏â‰∏ä\ÁºñËØëÂéüÁêÜ\gradle\caches\6.5\md-rule)" [_thread_blocked, id=18004, stack(0x0000001291000000,0x0000001291100000)]
  0x000001e2af569800 JavaThread "Cache worker for execution history cache (E:\Â§ß‰∏â‰∏ä\Â§ß‰∏â‰∏ä\ÁºñËØëÂéüÁêÜ\gradle\caches\6.5\executionHistory)" [_thread_blocked, id=18088, stack(0x0000001291300000,0x0000001291400000)]

Other Threads:
  0x000001e2ad212000 VMThread "VM Thread" [stack: 0x000000128e500000,0x000000128e600000] [id=5336]
  0x000001e2ad3c3800 WatcherThread [stack: 0x000000128f200000,0x000000128f300000] [id=16640]
  0x000001e291191000 GCTaskThread "GC Thread#0" [stack: 0x000000128e000000,0x000000128e100000] [id=19308]
  0x000001e2adaec800 GCTaskThread "GC Thread#1" [stack: 0x000000128f500000,0x000000128f600000] [id=17912]
  0x000001e2adaed800 GCTaskThread "GC Thread#2" [stack: 0x000000128f600000,0x000000128f700000] [id=17204]
  0x000001e2addfd800 GCTaskThread "GC Thread#3" [stack: 0x000000128f700000,0x000000128f800000] [id=15312]
  0x000001e2addfe000 GCTaskThread "GC Thread#4" [stack: 0x000000128f800000,0x000000128f900000] [id=11248]
  0x000001e2adffa000 GCTaskThread "GC Thread#5" [stack: 0x000000128f900000,0x000000128fa00000] [id=10672]
  0x000001e2b0c48800 GCTaskThread "GC Thread#6" [stack: 0x0000001290b00000,0x0000001290c00000] [id=16360]
  0x000001e2afdd0000 GCTaskThread "GC Thread#7" [stack: 0x0000001290c00000,0x0000001290d00000] [id=4156]
  0x000001e2b3829800 GCTaskThread "GC Thread#8" [stack: 0x0000001290d00000,0x0000001290e00000] [id=9900]
  0x000001e2afd34800 GCTaskThread "GC Thread#9" [stack: 0x0000001290e00000,0x0000001290f00000] [id=10380]
  0x000001e291199000 ConcurrentGCThread "G1 Main Marker" [stack: 0x000000128e100000,0x000000128e200000] [id=18368]
  0x000001e29119a800 ConcurrentGCThread "G1 Conc#0" [stack: 0x000000128e200000,0x000000128e300000] [id=18712]
  0x000001e2b436d000 ConcurrentGCThread "G1 Conc#1" [stack: 0x0000001291100000,0x0000001291200000] [id=6840]
  0x000001e2b21cf800 ConcurrentGCThread "G1 Conc#2" [stack: 0x0000001291200000,0x0000001291300000] [id=15872]
  0x000001e2ac8c0000 ConcurrentGCThread "G1 Refine#0" [stack: 0x000000128e300000,0x000000128e400000] [id=3900]
  0x000001e2ac8c1000 ConcurrentGCThread "G1 Young RemSet Sampling" [stack: 0x000000128e400000,0x000000128e500000] [id=17028]

Threads with active compile tasks:
C2 CompilerThread0  2307       4       java.net.URLClassLoader$1::run (5 bytes)
C2 CompilerThread1  2219   !   4       java.net.URLClassLoader$1::run (63 bytes)
C2 CompilerThread2  2103   !   4       java.net.URLClassLoader::findClass (47 bytes)

VM state:not at safepoint (normal execution)

VM Mutex/Monitor currently owned by a thread: None

Heap address: 0x00000000e0000000, size: 512 MB, Compressed Oops mode: 32-bit
Narrow klass base: 0x0000000800000000, Narrow klass shift: 3
Compressed class space size: 260046848 Address: 0x0000000801190000

Heap:
 garbage-first heap   total 262144K, used 25382K [0x00000000e0000000, 0x0000000100000000)
  region size 1024K, 9 young (9216K), 2 survivors (2048K)
 Metaspace       used 21093K, capacity 21789K, committed 21936K, reserved 274432K
  class space    used 3014K, capacity 3240K, committed 3328K, reserved 253952K
Heap Regions: E=young(eden), S=young(survivor), O=old, HS=humongous(starts), HC=humongous(continues), CS=collection set, F=free, A=archive, TAMS=top-at-mark-start (previous, next)
|   0|0x00000000e0000000, 0x00000000e0100000, 0x00000000e0100000|100%| O|  |TAMS 0x00000000e0000000, 0x00000000e0000000| Untracked 
|   1|0x00000000e0100000, 0x00000000e0200000, 0x00000000e0200000|100%| O|  |TAMS 0x00000000e0100000, 0x00000000e0100000| Untracked 
|   2|0x00000000e0200000, 0x00000000e0300000, 0x00000000e0300000|100%| O|  |TAMS 0x00000000e0200000, 0x00000000e0200000| Untracked 
|   3|0x00000000e0300000, 0x00000000e0400000, 0x00000000e0400000|100%|HS|  |TAMS 0x00000000e0400000, 0x00000000e0300000| Complete 
|   4|0x00000000e0400000, 0x00000000e0500000, 0x00000000e0500000|100%|HC|  |TAMS 0x00000000e0500000, 0x00000000e0400000| Complete 
|   5|0x00000000e0500000, 0x00000000e0600000, 0x00000000e0600000|100%|HC|  |TAMS 0x00000000e0600000, 0x00000000e0500000| Complete 
|   6|0x00000000e0600000, 0x00000000e0700000, 0x00000000e0700000|100%| O|  |TAMS 0x00000000e0700000, 0x00000000e0600000| Untracked 
|   7|0x00000000e0700000, 0x00000000e0800000, 0x00000000e0800000|100%| O|  |TAMS 0x00000000e0800000, 0x00000000e0700000| Untracked 
|   8|0x00000000e0800000, 0x00000000e0900000, 0x00000000e0900000|100%| O|  |TAMS 0x00000000e0894600, 0x00000000e0800000| Untracked 
|   9|0x00000000e0900000, 0x00000000e0a00000, 0x00000000e0a00000|100%| O|  |TAMS 0x00000000e0900000, 0x00000000e0900000| Untracked 
|  10|0x00000000e0a00000, 0x00000000e0b00000, 0x00000000e0b00000|100%| O|  |TAMS 0x00000000e0a00000, 0x00000000e0a00000| Untracked 
|  11|0x00000000e0b00000, 0x00000000e0c00000, 0x00000000e0c00000|100%| O|  |TAMS 0x00000000e0b00000, 0x00000000e0b00000| Untracked 
|  12|0x00000000e0c00000, 0x00000000e0d00000, 0x00000000e0d00000|100%| O|  |TAMS 0x00000000e0c00000, 0x00000000e0c00000| Untracked 
|  13|0x00000000e0d00000, 0x00000000e0e00000, 0x00000000e0e00000|100%| O|  |TAMS 0x00000000e0d00000, 0x00000000e0d00000| Untracked 
|  14|0x00000000e0e00000, 0x00000000e0f00000, 0x00000000e0f00000|100%| O|  |TAMS 0x00000000e0e00000, 0x00000000e0e00000| Untracked 
|  15|0x00000000e0f00000, 0x00000000e1000000, 0x00000000e1000000|100%| O|  |TAMS 0x00000000e0f00000, 0x00000000e0f00000| Untracked 
|  16|0x00000000e1000000, 0x00000000e1100000, 0x00000000e1100000|100%| O|  |TAMS 0x00000000e1000000, 0x00000000e1000000| Untracked 
|  17|0x00000000e1100000, 0x00000000e118d400, 0x00000000e1200000| 55%| O|  |TAMS 0x00000000e1100000, 0x00000000e1100000| Untracked 
|  18|0x00000000e1200000, 0x00000000e1200000, 0x00000000e1300000|  0%| F|  |TAMS 0x00000000e1200000, 0x00000000e1200000| Untracked 
|  19|0x00000000e1300000, 0x00000000e1300000, 0x00000000e1400000|  0%| F|  |TAMS 0x00000000e1300000, 0x00000000e1300000| Untracked 
|  20|0x00000000e1400000, 0x00000000e1400000, 0x00000000e1500000|  0%| F|  |TAMS 0x00000000e1400000, 0x00000000e1400000| Untracked 
|  21|0x00000000e1500000, 0x00000000e1500000, 0x00000000e1600000|  0%| F|  |TAMS 0x00000000e1500000, 0x00000000e1500000| Untracked 
|  22|0x00000000e1600000, 0x00000000e1600000, 0x00000000e1700000|  0%| F|  |TAMS 0x00000000e1600000, 0x00000000e1600000| Untracked 
|  23|0x00000000e1700000, 0x00000000e1700000, 0x00000000e1800000|  0%| F|  |TAMS 0x00000000e1700000, 0x00000000e1700000| Untracked 
|  24|0x00000000e1800000, 0x00000000e1800000, 0x00000000e1900000|  0%| F|  |TAMS 0x00000000e1800000, 0x00000000e1800000| Untracked 
|  25|0x00000000e1900000, 0x00000000e1900000, 0x00000000e1a00000|  0%| F|  |TAMS 0x00000000e1900000, 0x00000000e1900000| Untracked 
|  26|0x00000000e1a00000, 0x00000000e1a00000, 0x00000000e1b00000|  0%| F|  |TAMS 0x00000000e1a00000, 0x00000000e1a00000| Untracked 
|  27|0x00000000e1b00000, 0x00000000e1b00000, 0x00000000e1c00000|  0%| F|  |TAMS 0x00000000e1b00000, 0x00000000e1b00000| Untracked 
|  28|0x00000000e1c00000, 0x00000000e1c00000, 0x00000000e1d00000|  0%| F|  |TAMS 0x00000000e1c00000, 0x00000000e1c00000| Untracked 
|  29|0x00000000e1d00000, 0x00000000e1d00000, 0x00000000e1e00000|  0%| F|  |TAMS 0x00000000e1d00000, 0x00000000e1d00000| Untracked 
|  30|0x00000000e1e00000, 0x00000000e1e00000, 0x00000000e1f00000|  0%| F|  |TAMS 0x00000000e1e00000, 0x00000000e1e00000| Untracked 
|  31|0x00000000e1f00000, 0x00000000e1f00000, 0x00000000e2000000|  0%| F|  |TAMS 0x00000000e1f00000, 0x00000000e1f00000| Untracked 
|  32|0x00000000e2000000, 0x00000000e2000000, 0x00000000e2100000|  0%| F|  |TAMS 0x00000000e2000000, 0x00000000e2000000| Untracked 
|  33|0x00000000e2100000, 0x00000000e2100000, 0x00000000e2200000|  0%| F|  |TAMS 0x00000000e2100000, 0x00000000e2100000| Untracked 
|  34|0x00000000e2200000, 0x00000000e2200000, 0x00000000e2300000|  0%| F|  |TAMS 0x00000000e2200000, 0x00000000e2200000| Untracked 
|  35|0x00000000e2300000, 0x00000000e2300000, 0x00000000e2400000|  0%| F|  |TAMS 0x00000000e2300000, 0x00000000e2300000| Untracked 
|  36|0x00000000e2400000, 0x00000000e2400000, 0x00000000e2500000|  0%| F|  |TAMS 0x00000000e2400000, 0x00000000e2400000| Untracked 
|  37|0x00000000e2500000, 0x00000000e2500000, 0x00000000e2600000|  0%| F|  |TAMS 0x00000000e2500000, 0x00000000e2500000| Untracked 
|  38|0x00000000e2600000, 0x00000000e2600000, 0x00000000e2700000|  0%| F|  |TAMS 0x00000000e2600000, 0x00000000e2600000| Untracked 
|  39|0x00000000e2700000, 0x00000000e2700000, 0x00000000e2800000|  0%| F|  |TAMS 0x00000000e2700000, 0x00000000e2700000| Untracked 
|  40|0x00000000e2800000, 0x00000000e2800000, 0x00000000e2900000|  0%| F|  |TAMS 0x00000000e2800000, 0x00000000e2800000| Untracked 
|  41|0x00000000e2900000, 0x00000000e2900000, 0x00000000e2a00000|  0%| F|  |TAMS 0x00000000e2900000, 0x00000000e2900000| Untracked 
|  42|0x00000000e2a00000, 0x00000000e2a00000, 0x00000000e2b00000|  0%| F|  |TAMS 0x00000000e2a00000, 0x00000000e2a00000| Untracked 
|  43|0x00000000e2b00000, 0x00000000e2b00000, 0x00000000e2c00000|  0%| F|  |TAMS 0x00000000e2b00000, 0x00000000e2b00000| Untracked 
|  44|0x00000000e2c00000, 0x00000000e2c00000, 0x00000000e2d00000|  0%| F|  |TAMS 0x00000000e2c00000, 0x00000000e2c00000| Untracked 
|  45|0x00000000e2d00000, 0x00000000e2d00000, 0x00000000e2e00000|  0%| F|  |TAMS 0x00000000e2d00000, 0x00000000e2d00000| Untracked 
|  46|0x00000000e2e00000, 0x00000000e2e00000, 0x00000000e2f00000|  0%| F|  |TAMS 0x00000000e2e00000, 0x00000000e2e00000| Untracked 
|  47|0x00000000e2f00000, 0x00000000e2f00000, 0x00000000e3000000|  0%| F|  |TAMS 0x00000000e2f00000, 0x00000000e2f00000| Untracked 
|  48|0x00000000e3000000, 0x00000000e3000000, 0x00000000e3100000|  0%| F|  |TAMS 0x00000000e3000000, 0x00000000e3000000| Untracked 
|  49|0x00000000e3100000, 0x00000000e3100000, 0x00000000e3200000|  0%| F|  |TAMS 0x00000000e3100000, 0x00000000e3100000| Untracked 
|  50|0x00000000e3200000, 0x00000000e3200000, 0x00000000e3300000|  0%| F|  |TAMS 0x00000000e3200000, 0x00000000e3200000| Untracked 
|  51|0x00000000e3300000, 0x00000000e3300000, 0x00000000e3400000|  0%| F|  |TAMS 0x00000000e3300000, 0x00000000e3300000| Untracked 
|  52|0x00000000e3400000, 0x00000000e3400000, 0x00000000e3500000|  0%| F|  |TAMS 0x00000000e3400000, 0x00000000e3400000| Untracked 
|  53|0x00000000e3500000, 0x00000000e3500000, 0x00000000e3600000|  0%| F|  |TAMS 0x00000000e3500000, 0x00000000e3500000| Untracked 
|  54|0x00000000e3600000, 0x00000000e3600000, 0x00000000e3700000|  0%| F|  |TAMS 0x00000000e3600000, 0x00000000e3600000| Untracked 
|  55|0x00000000e3700000, 0x00000000e3700000, 0x00000000e3800000|  0%| F|  |TAMS 0x00000000e3700000, 0x00000000e3700000| Untracked 
|  56|0x00000000e3800000, 0x00000000e3800000, 0x00000000e3900000|  0%| F|  |TAMS 0x00000000e3800000, 0x00000000e3800000| Untracked 
|  57|0x00000000e3900000, 0x00000000e3900000, 0x00000000e3a00000|  0%| F|  |TAMS 0x00000000e3900000, 0x00000000e3900000| Untracked 
|  58|0x00000000e3a00000, 0x00000000e3a00000, 0x00000000e3b00000|  0%| F|  |TAMS 0x00000000e3a00000, 0x00000000e3a00000| Untracked 
|  59|0x00000000e3b00000, 0x00000000e3b00000, 0x00000000e3c00000|  0%| F|  |TAMS 0x00000000e3b00000, 0x00000000e3b00000| Untracked 
|  60|0x00000000e3c00000, 0x00000000e3c00000, 0x00000000e3d00000|  0%| F|  |TAMS 0x00000000e3c00000, 0x00000000e3c00000| Untracked 
|  61|0x00000000e3d00000, 0x00000000e3d00000, 0x00000000e3e00000|  0%| F|  |TAMS 0x00000000e3d00000, 0x00000000e3d00000| Untracked 
|  62|0x00000000e3e00000, 0x00000000e3e00000, 0x00000000e3f00000|  0%| F|  |TAMS 0x00000000e3e00000, 0x00000000e3e00000| Untracked 
|  63|0x00000000e3f00000, 0x00000000e3f00000, 0x00000000e4000000|  0%| F|  |TAMS 0x00000000e3f00000, 0x00000000e3f00000| Untracked 
|  64|0x00000000e4000000, 0x00000000e4000000, 0x00000000e4100000|  0%| F|  |TAMS 0x00000000e4000000, 0x00000000e4000000| Untracked 
|  65|0x00000000e4100000, 0x00000000e4100000, 0x00000000e4200000|  0%| F|  |TAMS 0x00000000e4100000, 0x00000000e4100000| Untracked 
|  66|0x00000000e4200000, 0x00000000e4200000, 0x00000000e4300000|  0%| F|  |TAMS 0x00000000e4200000, 0x00000000e4200000| Untracked 
|  67|0x00000000e4300000, 0x00000000e4300000, 0x00000000e4400000|  0%| F|  |TAMS 0x00000000e4300000, 0x00000000e4300000| Untracked 
|  68|0x00000000e4400000, 0x00000000e4400000, 0x00000000e4500000|  0%| F|  |TAMS 0x00000000e4400000, 0x00000000e4400000| Untracked 
|  69|0x00000000e4500000, 0x00000000e4500000, 0x00000000e4600000|  0%| F|  |TAMS 0x00000000e4500000, 0x00000000e4500000| Untracked 
|  70|0x00000000e4600000, 0x00000000e4600000, 0x00000000e4700000|  0%| F|  |TAMS 0x00000000e4600000, 0x00000000e4600000| Untracked 
|  71|0x00000000e4700000, 0x00000000e4700000, 0x00000000e4800000|  0%| F|  |TAMS 0x00000000e4700000, 0x00000000e4700000| Untracked 
|  72|0x00000000e4800000, 0x00000000e4800000, 0x00000000e4900000|  0%| F|  |TAMS 0x00000000e4800000, 0x00000000e4800000| Untracked 
|  73|0x00000000e4900000, 0x00000000e4900000, 0x00000000e4a00000|  0%| F|  |TAMS 0x00000000e4900000, 0x00000000e4900000| Untracked 
|  74|0x00000000e4a00000, 0x00000000e4a00000, 0x00000000e4b00000|  0%| F|  |TAMS 0x00000000e4a00000, 0x00000000e4a00000| Untracked 
|  75|0x00000000e4b00000, 0x00000000e4b00000, 0x00000000e4c00000|  0%| F|  |TAMS 0x00000000e4b00000, 0x00000000e4b00000| Untracked 
|  76|0x00000000e4c00000, 0x00000000e4c00000, 0x00000000e4d00000|  0%| F|  |TAMS 0x00000000e4c00000, 0x00000000e4c00000| Untracked 
|  77|0x00000000e4d00000, 0x00000000e4d00000, 0x00000000e4e00000|  0%| F|  |TAMS 0x00000000e4d00000, 0x00000000e4d00000| Untracked 
|  78|0x00000000e4e00000, 0x00000000e4e00000, 0x00000000e4f00000|  0%| F|  |TAMS 0x00000000e4e00000, 0x00000000e4e00000| Untracked 
|  79|0x00000000e4f00000, 0x00000000e4f00000, 0x00000000e5000000|  0%| F|  |TAMS 0x00000000e4f00000, 0x00000000e4f00000| Untracked 
|  80|0x00000000e5000000, 0x00000000e5000000, 0x00000000e5100000|  0%| F|  |TAMS 0x00000000e5000000, 0x00000000e5000000| Untracked 
|  81|0x00000000e5100000, 0x00000000e5100000, 0x00000000e5200000|  0%| F|  |TAMS 0x00000000e5100000, 0x00000000e5100000| Untracked 
|  82|0x00000000e5200000, 0x00000000e5200000, 0x00000000e5300000|  0%| F|  |TAMS 0x00000000e5200000, 0x00000000e5200000| Untracked 
|  83|0x00000000e5300000, 0x00000000e5300000, 0x00000000e5400000|  0%| F|  |TAMS 0x00000000e5300000, 0x00000000e5300000| Untracked 
|  84|0x00000000e5400000, 0x00000000e5400000, 0x00000000e5500000|  0%| F|  |TAMS 0x00000000e5400000, 0x00000000e5400000| Untracked 
|  85|0x00000000e5500000, 0x00000000e5500000, 0x00000000e5600000|  0%| F|  |TAMS 0x00000000e5500000, 0x00000000e5500000| Untracked 
|  86|0x00000000e5600000, 0x00000000e5600000, 0x00000000e5700000|  0%| F|  |TAMS 0x00000000e5600000, 0x00000000e5600000| Untracked 
|  87|0x00000000e5700000, 0x00000000e5700000, 0x00000000e5800000|  0%| F|  |TAMS 0x00000000e5700000, 0x00000000e5700000| Untracked 
|  88|0x00000000e5800000, 0x00000000e5800000, 0x00000000e5900000|  0%| F|  |TAMS 0x00000000e5800000, 0x00000000e5800000| Untracked 
|  89|0x00000000e5900000, 0x00000000e5900000, 0x00000000e5a00000|  0%| F|  |TAMS 0x00000000e5900000, 0x00000000e5900000| Untracked 
|  90|0x00000000e5a00000, 0x00000000e5a00000, 0x00000000e5b00000|  0%| F|  |TAMS 0x00000000e5a00000, 0x00000000e5a00000| Untracked 
|  91|0x00000000e5b00000, 0x00000000e5b00000, 0x00000000e5c00000|  0%| F|  |TAMS 0x00000000e5b00000, 0x00000000e5b00000| Untracked 
|  92|0x00000000e5c00000, 0x00000000e5c00000, 0x00000000e5d00000|  0%| F|  |TAMS 0x00000000e5c00000, 0x00000000e5c00000| Untracked 
|  93|0x00000000e5d00000, 0x00000000e5d00000, 0x00000000e5e00000|  0%| F|  |TAMS 0x00000000e5d00000, 0x00000000e5d00000| Untracked 
|  94|0x00000000e5e00000, 0x00000000e5e00000, 0x00000000e5f00000|  0%| F|  |TAMS 0x00000000e5e00000, 0x00000000e5e00000| Untracked 
|  95|0x00000000e5f00000, 0x00000000e5f00000, 0x00000000e6000000|  0%| F|  |TAMS 0x00000000e5f00000, 0x00000000e5f00000| Untracked 
|  96|0x00000000e6000000, 0x00000000e6000000, 0x00000000e6100000|  0%| F|  |TAMS 0x00000000e6000000, 0x00000000e6000000| Untracked 
|  97|0x00000000e6100000, 0x00000000e6100000, 0x00000000e6200000|  0%| F|  |TAMS 0x00000000e6100000, 0x00000000e6100000| Untracked 
|  98|0x00000000e6200000, 0x00000000e6200000, 0x00000000e6300000|  0%| F|  |TAMS 0x00000000e6200000, 0x00000000e6200000| Untracked 
|  99|0x00000000e6300000, 0x00000000e6300000, 0x00000000e6400000|  0%| F|  |TAMS 0x00000000e6300000, 0x00000000e6300000| Untracked 
| 100|0x00000000e6400000, 0x00000000e6400000, 0x00000000e6500000|  0%| F|  |TAMS 0x00000000e6400000, 0x00000000e6400000| Untracked 
| 101|0x00000000e6500000, 0x00000000e6500000, 0x00000000e6600000|  0%| F|  |TAMS 0x00000000e6500000, 0x00000000e6500000| Untracked 
| 102|0x00000000e6600000, 0x00000000e6600000, 0x00000000e6700000|  0%| F|  |TAMS 0x00000000e6600000, 0x00000000e6600000| Untracked 
| 103|0x00000000e6700000, 0x00000000e6700000, 0x00000000e6800000|  0%| F|  |TAMS 0x00000000e6700000, 0x00000000e6700000| Untracked 
| 104|0x00000000e6800000, 0x00000000e6800000, 0x00000000e6900000|  0%| F|  |TAMS 0x00000000e6800000, 0x00000000e6800000| Untracked 
| 105|0x00000000e6900000, 0x00000000e6900000, 0x00000000e6a00000|  0%| F|  |TAMS 0x00000000e6900000, 0x00000000e6900000| Untracked 
| 106|0x00000000e6a00000, 0x00000000e6a00000, 0x00000000e6b00000|  0%| F|  |TAMS 0x00000000e6a00000, 0x00000000e6a00000| Untracked 
| 107|0x00000000e6b00000, 0x00000000e6b00000, 0x00000000e6c00000|  0%| F|  |TAMS 0x00000000e6b00000, 0x00000000e6b00000| Untracked 
| 108|0x00000000e6c00000, 0x00000000e6c00000, 0x00000000e6d00000|  0%| F|  |TAMS 0x00000000e6c00000, 0x00000000e6c00000| Untracked 
| 109|0x00000000e6d00000, 0x00000000e6d00000, 0x00000000e6e00000|  0%| F|  |TAMS 0x00000000e6d00000, 0x00000000e6d00000| Untracked 
| 110|0x00000000e6e00000, 0x00000000e6e00000, 0x00000000e6f00000|  0%| F|  |TAMS 0x00000000e6e00000, 0x00000000e6e00000| Untracked 
| 111|0x00000000e6f00000, 0x00000000e6f00000, 0x00000000e7000000|  0%| F|  |TAMS 0x00000000e6f00000, 0x00000000e6f00000| Untracked 
| 112|0x00000000e7000000, 0x00000000e7000000, 0x00000000e7100000|  0%| F|  |TAMS 0x00000000e7000000, 0x00000000e7000000| Untracked 
| 113|0x00000000e7100000, 0x00000000e7100000, 0x00000000e7200000|  0%| F|  |TAMS 0x00000000e7100000, 0x00000000e7100000| Untracked 
| 114|0x00000000e7200000, 0x00000000e7200000, 0x00000000e7300000|  0%| F|  |TAMS 0x00000000e7200000, 0x00000000e7200000| Untracked 
| 115|0x00000000e7300000, 0x00000000e7300000, 0x00000000e7400000|  0%| F|  |TAMS 0x00000000e7300000, 0x00000000e7300000| Untracked 
| 116|0x00000000e7400000, 0x00000000e7400000, 0x00000000e7500000|  0%| F|  |TAMS 0x00000000e7400000, 0x00000000e7400000| Untracked 
| 117|0x00000000e7500000, 0x00000000e7500000, 0x00000000e7600000|  0%| F|  |TAMS 0x00000000e7500000, 0x00000000e7500000| Untracked 
| 118|0x00000000e7600000, 0x00000000e7600000, 0x00000000e7700000|  0%| F|  |TAMS 0x00000000e7600000, 0x00000000e7600000| Untracked 
| 119|0x00000000e7700000, 0x00000000e7700000, 0x00000000e7800000|  0%| F|  |TAMS 0x00000000e7700000, 0x00000000e7700000| Untracked 
| 120|0x00000000e7800000, 0x00000000e7800000, 0x00000000e7900000|  0%| F|  |TAMS 0x00000000e7800000, 0x00000000e7800000| Untracked 
| 121|0x00000000e7900000, 0x00000000e7900000, 0x00000000e7a00000|  0%| F|  |TAMS 0x00000000e7900000, 0x00000000e7900000| Untracked 
| 122|0x00000000e7a00000, 0x00000000e7a00000, 0x00000000e7b00000|  0%| F|  |TAMS 0x00000000e7a00000, 0x00000000e7a00000| Untracked 
| 123|0x00000000e7b00000, 0x00000000e7b00000, 0x00000000e7c00000|  0%| F|  |TAMS 0x00000000e7b00000, 0x00000000e7b00000| Untracked 
| 124|0x00000000e7c00000, 0x00000000e7c00000, 0x00000000e7d00000|  0%| F|  |TAMS 0x00000000e7c00000, 0x00000000e7c00000| Untracked 
| 125|0x00000000e7d00000, 0x00000000e7d00000, 0x00000000e7e00000|  0%| F|  |TAMS 0x00000000e7d00000, 0x00000000e7d00000| Untracked 
| 126|0x00000000e7e00000, 0x00000000e7e00000, 0x00000000e7f00000|  0%| F|  |TAMS 0x00000000e7e00000, 0x00000000e7e00000| Untracked 
| 127|0x00000000e7f00000, 0x00000000e7f00000, 0x00000000e8000000|  0%| F|  |TAMS 0x00000000e7f00000, 0x00000000e7f00000| Untracked 
| 128|0x00000000e8000000, 0x00000000e8000000, 0x00000000e8100000|  0%| F|  |TAMS 0x00000000e8000000, 0x00000000e8000000| Untracked 
| 129|0x00000000e8100000, 0x00000000e8100000, 0x00000000e8200000|  0%| F|  |TAMS 0x00000000e8100000, 0x00000000e8100000| Untracked 
| 130|0x00000000e8200000, 0x00000000e8200000, 0x00000000e8300000|  0%| F|  |TAMS 0x00000000e8200000, 0x00000000e8200000| Untracked 
| 131|0x00000000e8300000, 0x00000000e8300000, 0x00000000e8400000|  0%| F|  |TAMS 0x00000000e8300000, 0x00000000e8300000| Untracked 
| 132|0x00000000e8400000, 0x00000000e8400000, 0x00000000e8500000|  0%| F|  |TAMS 0x00000000e8400000, 0x00000000e8400000| Untracked 
| 133|0x00000000e8500000, 0x00000000e8500000, 0x00000000e8600000|  0%| F|  |TAMS 0x00000000e8500000, 0x00000000e8500000| Untracked 
| 134|0x00000000e8600000, 0x00000000e8600000, 0x00000000e8700000|  0%| F|  |TAMS 0x00000000e8600000, 0x00000000e8600000| Untracked 
| 135|0x00000000e8700000, 0x00000000e8700000, 0x00000000e8800000|  0%| F|  |TAMS 0x00000000e8700000, 0x00000000e8700000| Untracked 
| 136|0x00000000e8800000, 0x00000000e8800000, 0x00000000e8900000|  0%| F|  |TAMS 0x00000000e8800000, 0x00000000e8800000| Untracked 
| 137|0x00000000e8900000, 0x00000000e8900000, 0x00000000e8a00000|  0%| F|  |TAMS 0x00000000e8900000, 0x00000000e8900000| Untracked 
| 138|0x00000000e8a00000, 0x00000000e8a00000, 0x00000000e8b00000|  0%| F|  |TAMS 0x00000000e8a00000, 0x00000000e8a00000| Untracked 
| 139|0x00000000e8b00000, 0x00000000e8b00000, 0x00000000e8c00000|  0%| F|  |TAMS 0x00000000e8b00000, 0x00000000e8b00000| Untracked 
| 140|0x00000000e8c00000, 0x00000000e8c00000, 0x00000000e8d00000|  0%| F|  |TAMS 0x00000000e8c00000, 0x00000000e8c00000| Untracked 
| 141|0x00000000e8d00000, 0x00000000e8d00000, 0x00000000e8e00000|  0%| F|  |TAMS 0x00000000e8d00000, 0x00000000e8d00000| Untracked 
| 142|0x00000000e8e00000, 0x00000000e8e00000, 0x00000000e8f00000|  0%| F|  |TAMS 0x00000000e8e00000, 0x00000000e8e00000| Untracked 
| 143|0x00000000e8f00000, 0x00000000e8f00000, 0x00000000e9000000|  0%| F|  |TAMS 0x00000000e8f00000, 0x00000000e8f00000| Untracked 
| 144|0x00000000e9000000, 0x00000000e9000000, 0x00000000e9100000|  0%| F|  |TAMS 0x00000000e9000000, 0x00000000e9000000| Untracked 
| 145|0x00000000e9100000, 0x00000000e9100000, 0x00000000e9200000|  0%| F|  |TAMS 0x00000000e9100000, 0x00000000e9100000| Untracked 
| 146|0x00000000e9200000, 0x00000000e9200000, 0x00000000e9300000|  0%| F|  |TAMS 0x00000000e9200000, 0x00000000e9200000| Untracked 
| 147|0x00000000e9300000, 0x00000000e9300000, 0x00000000e9400000|  0%| F|  |TAMS 0x00000000e9300000, 0x00000000e9300000| Untracked 
| 148|0x00000000e9400000, 0x00000000e9400000, 0x00000000e9500000|  0%| F|  |TAMS 0x00000000e9400000, 0x00000000e9400000| Untracked 
| 149|0x00000000e9500000, 0x00000000e9500000, 0x00000000e9600000|  0%| F|  |TAMS 0x00000000e9500000, 0x00000000e9500000| Untracked 
| 150|0x00000000e9600000, 0x00000000e9600000, 0x00000000e9700000|  0%| F|  |TAMS 0x00000000e9600000, 0x00000000e9600000| Untracked 
| 151|0x00000000e9700000, 0x00000000e9700000, 0x00000000e9800000|  0%| F|  |TAMS 0x00000000e9700000, 0x00000000e9700000| Untracked 
| 152|0x00000000e9800000, 0x00000000e9800000, 0x00000000e9900000|  0%| F|  |TAMS 0x00000000e9800000, 0x00000000e9800000| Untracked 
| 153|0x00000000e9900000, 0x00000000e9900000, 0x00000000e9a00000|  0%| F|  |TAMS 0x00000000e9900000, 0x00000000e9900000| Untracked 
| 154|0x00000000e9a00000, 0x00000000e9a00000, 0x00000000e9b00000|  0%| F|  |TAMS 0x00000000e9a00000, 0x00000000e9a00000| Untracked 
| 155|0x00000000e9b00000, 0x00000000e9b00000, 0x00000000e9c00000|  0%| F|  |TAMS 0x00000000e9b00000, 0x00000000e9b00000| Untracked 
| 156|0x00000000e9c00000, 0x00000000e9c00000, 0x00000000e9d00000|  0%| F|  |TAMS 0x00000000e9c00000, 0x00000000e9c00000| Untracked 
| 157|0x00000000e9d00000, 0x00000000e9d00000, 0x00000000e9e00000|  0%| F|  |TAMS 0x00000000e9d00000, 0x00000000e9d00000| Untracked 
| 158|0x00000000e9e00000, 0x00000000e9e00000, 0x00000000e9f00000|  0%| F|  |TAMS 0x00000000e9e00000, 0x00000000e9e00000| Untracked 
| 159|0x00000000e9f00000, 0x00000000e9f00000, 0x00000000ea000000|  0%| F|  |TAMS 0x00000000e9f00000, 0x00000000e9f00000| Untracked 
| 160|0x00000000ea000000, 0x00000000ea000000, 0x00000000ea100000|  0%| F|  |TAMS 0x00000000ea000000, 0x00000000ea000000| Untracked 
| 161|0x00000000ea100000, 0x00000000ea100000, 0x00000000ea200000|  0%| F|  |TAMS 0x00000000ea100000, 0x00000000ea100000| Untracked 
| 162|0x00000000ea200000, 0x00000000ea200000, 0x00000000ea300000|  0%| F|  |TAMS 0x00000000ea200000, 0x00000000ea200000| Untracked 
| 163|0x00000000ea300000, 0x00000000ea300000, 0x00000000ea400000|  0%| F|  |TAMS 0x00000000ea300000, 0x00000000ea300000| Untracked 
| 164|0x00000000ea400000, 0x00000000ea400000, 0x00000000ea500000|  0%| F|  |TAMS 0x00000000ea400000, 0x00000000ea400000| Untracked 
| 165|0x00000000ea500000, 0x00000000ea500000, 0x00000000ea600000|  0%| F|  |TAMS 0x00000000ea500000, 0x00000000ea500000| Untracked 
| 166|0x00000000ea600000, 0x00000000ea600000, 0x00000000ea700000|  0%| F|  |TAMS 0x00000000ea600000, 0x00000000ea600000| Untracked 
| 167|0x00000000ea700000, 0x00000000ea700000, 0x00000000ea800000|  0%| F|  |TAMS 0x00000000ea700000, 0x00000000ea700000| Untracked 
| 168|0x00000000ea800000, 0x00000000ea800000, 0x00000000ea900000|  0%| F|  |TAMS 0x00000000ea800000, 0x00000000ea800000| Untracked 
| 169|0x00000000ea900000, 0x00000000ea900000, 0x00000000eaa00000|  0%| F|  |TAMS 0x00000000ea900000, 0x00000000ea900000| Untracked 
| 170|0x00000000eaa00000, 0x00000000eaa00000, 0x00000000eab00000|  0%| F|  |TAMS 0x00000000eaa00000, 0x00000000eaa00000| Untracked 
| 171|0x00000000eab00000, 0x00000000eab00000, 0x00000000eac00000|  0%| F|  |TAMS 0x00000000eab00000, 0x00000000eab00000| Untracked 
| 172|0x00000000eac00000, 0x00000000eac00000, 0x00000000ead00000|  0%| F|  |TAMS 0x00000000eac00000, 0x00000000eac00000| Untracked 
| 173|0x00000000ead00000, 0x00000000ead00000, 0x00000000eae00000|  0%| F|  |TAMS 0x00000000ead00000, 0x00000000ead00000| Untracked 
| 174|0x00000000eae00000, 0x00000000eae00000, 0x00000000eaf00000|  0%| F|  |TAMS 0x00000000eae00000, 0x00000000eae00000| Untracked 
| 175|0x00000000eaf00000, 0x00000000eaf00000, 0x00000000eb000000|  0%| F|  |TAMS 0x00000000eaf00000, 0x00000000eaf00000| Untracked 
| 176|0x00000000eb000000, 0x00000000eb000000, 0x00000000eb100000|  0%| F|  |TAMS 0x00000000eb000000, 0x00000000eb000000| Untracked 
| 177|0x00000000eb100000, 0x00000000eb100000, 0x00000000eb200000|  0%| F|  |TAMS 0x00000000eb100000, 0x00000000eb100000| Untracked 
| 178|0x00000000eb200000, 0x00000000eb200000, 0x00000000eb300000|  0%| F|  |TAMS 0x00000000eb200000, 0x00000000eb200000| Untracked 
| 179|0x00000000eb300000, 0x00000000eb300000, 0x00000000eb400000|  0%| F|  |TAMS 0x00000000eb300000, 0x00000000eb300000| Untracked 
| 180|0x00000000eb400000, 0x00000000eb400000, 0x00000000eb500000|  0%| F|  |TAMS 0x00000000eb400000, 0x00000000eb400000| Untracked 
| 181|0x00000000eb500000, 0x00000000eb500000, 0x00000000eb600000|  0%| F|  |TAMS 0x00000000eb500000, 0x00000000eb500000| Untracked 
| 182|0x00000000eb600000, 0x00000000eb600000, 0x00000000eb700000|  0%| F|  |TAMS 0x00000000eb600000, 0x00000000eb600000| Untracked 
| 183|0x00000000eb700000, 0x00000000eb700000, 0x00000000eb800000|  0%| F|  |TAMS 0x00000000eb700000, 0x00000000eb700000| Untracked 
| 184|0x00000000eb800000, 0x00000000eb800000, 0x00000000eb900000|  0%| F|  |TAMS 0x00000000eb800000, 0x00000000eb800000| Untracked 
| 185|0x00000000eb900000, 0x00000000eb900000, 0x00000000eba00000|  0%| F|  |TAMS 0x00000000eb900000, 0x00000000eb900000| Untracked 
| 186|0x00000000eba00000, 0x00000000eba00000, 0x00000000ebb00000|  0%| F|  |TAMS 0x00000000eba00000, 0x00000000eba00000| Untracked 
| 187|0x00000000ebb00000, 0x00000000ebb00000, 0x00000000ebc00000|  0%| F|  |TAMS 0x00000000ebb00000, 0x00000000ebb00000| Untracked 
| 188|0x00000000ebc00000, 0x00000000ebc00000, 0x00000000ebd00000|  0%| F|  |TAMS 0x00000000ebc00000, 0x00000000ebc00000| Untracked 
| 189|0x00000000ebd00000, 0x00000000ebd00000, 0x00000000ebe00000|  0%| F|  |TAMS 0x00000000ebd00000, 0x00000000ebd00000| Untracked 
| 190|0x00000000ebe00000, 0x00000000ebe00000, 0x00000000ebf00000|  0%| F|  |TAMS 0x00000000ebe00000, 0x00000000ebe00000| Untracked 
| 191|0x00000000ebf00000, 0x00000000ebf00000, 0x00000000ec000000|  0%| F|  |TAMS 0x00000000ebf00000, 0x00000000ebf00000| Untracked 
| 192|0x00000000ec000000, 0x00000000ec000000, 0x00000000ec100000|  0%| F|  |TAMS 0x00000000ec000000, 0x00000000ec000000| Untracked 
| 193|0x00000000ec100000, 0x00000000ec100000, 0x00000000ec200000|  0%| F|  |TAMS 0x00000000ec100000, 0x00000000ec100000| Untracked 
| 194|0x00000000ec200000, 0x00000000ec200000, 0x00000000ec300000|  0%| F|  |TAMS 0x00000000ec200000, 0x00000000ec200000| Untracked 
| 195|0x00000000ec300000, 0x00000000ec300000, 0x00000000ec400000|  0%| F|  |TAMS 0x00000000ec300000, 0x00000000ec300000| Untracked 
| 196|0x00000000ec400000, 0x00000000ec400000, 0x00000000ec500000|  0%| F|  |TAMS 0x00000000ec400000, 0x00000000ec400000| Untracked 
| 197|0x00000000ec500000, 0x00000000ec500000, 0x00000000ec600000|  0%| F|  |TAMS 0x00000000ec500000, 0x00000000ec500000| Untracked 
| 198|0x00000000ec600000, 0x00000000ec600000, 0x00000000ec700000|  0%| F|  |TAMS 0x00000000ec600000, 0x00000000ec600000| Untracked 
| 199|0x00000000ec700000, 0x00000000ec700000, 0x00000000ec800000|  0%| F|  |TAMS 0x00000000ec700000, 0x00000000ec700000| Untracked 
| 200|0x00000000ec800000, 0x00000000ec800000, 0x00000000ec900000|  0%| F|  |TAMS 0x00000000ec800000, 0x00000000ec800000| Untracked 
| 201|0x00000000ec900000, 0x00000000ec900000, 0x00000000eca00000|  0%| F|  |TAMS 0x00000000ec900000, 0x00000000ec900000| Untracked 
| 202|0x00000000eca00000, 0x00000000eca00000, 0x00000000ecb00000|  0%| F|  |TAMS 0x00000000eca00000, 0x00000000eca00000| Untracked 
| 203|0x00000000ecb00000, 0x00000000ecb00000, 0x00000000ecc00000|  0%| F|  |TAMS 0x00000000ecb00000, 0x00000000ecb00000| Untracked 
| 204|0x00000000ecc00000, 0x00000000ecc00000, 0x00000000ecd00000|  0%| F|  |TAMS 0x00000000ecc00000, 0x00000000ecc00000| Untracked 
| 205|0x00000000ecd00000, 0x00000000ecd00000, 0x00000000ece00000|  0%| F|  |TAMS 0x00000000ecd00000, 0x00000000ecd00000| Untracked 
| 206|0x00000000ece00000, 0x00000000ece00000, 0x00000000ecf00000|  0%| F|  |TAMS 0x00000000ece00000, 0x00000000ece00000| Untracked 
| 207|0x00000000ecf00000, 0x00000000ecf00000, 0x00000000ed000000|  0%| F|  |TAMS 0x00000000ecf00000, 0x00000000ecf00000| Untracked 
| 208|0x00000000ed000000, 0x00000000ed000000, 0x00000000ed100000|  0%| F|  |TAMS 0x00000000ed000000, 0x00000000ed000000| Untracked 
| 209|0x00000000ed100000, 0x00000000ed100000, 0x00000000ed200000|  0%| F|  |TAMS 0x00000000ed100000, 0x00000000ed100000| Untracked 
| 210|0x00000000ed200000, 0x00000000ed200000, 0x00000000ed300000|  0%| F|  |TAMS 0x00000000ed200000, 0x00000000ed200000| Untracked 
| 211|0x00000000ed300000, 0x00000000ed300000, 0x00000000ed400000|  0%| F|  |TAMS 0x00000000ed300000, 0x00000000ed300000| Untracked 
| 212|0x00000000ed400000, 0x00000000ed400000, 0x00000000ed500000|  0%| F|  |TAMS 0x00000000ed400000, 0x00000000ed400000| Untracked 
| 213|0x00000000ed500000, 0x00000000ed500000, 0x00000000ed600000|  0%| F|  |TAMS 0x00000000ed500000, 0x00000000ed500000| Untracked 
| 214|0x00000000ed600000, 0x00000000ed600000, 0x00000000ed700000|  0%| F|  |TAMS 0x00000000ed600000, 0x00000000ed600000| Untracked 
| 215|0x00000000ed700000, 0x00000000ed700000, 0x00000000ed800000|  0%| F|  |TAMS 0x00000000ed700000, 0x00000000ed700000| Untracked 
| 216|0x00000000ed800000, 0x00000000ed800000, 0x00000000ed900000|  0%| F|  |TAMS 0x00000000ed800000, 0x00000000ed800000| Untracked 
| 217|0x00000000ed900000, 0x00000000ed900000, 0x00000000eda00000|  0%| F|  |TAMS 0x00000000ed900000, 0x00000000ed900000| Untracked 
| 218|0x00000000eda00000, 0x00000000eda00000, 0x00000000edb00000|  0%| F|  |TAMS 0x00000000eda00000, 0x00000000eda00000| Untracked 
| 219|0x00000000edb00000, 0x00000000edb00000, 0x00000000edc00000|  0%| F|  |TAMS 0x00000000edb00000, 0x00000000edb00000| Untracked 
| 220|0x00000000edc00000, 0x00000000edc00000, 0x00000000edd00000|  0%| F|  |TAMS 0x00000000edc00000, 0x00000000edc00000| Untracked 
| 221|0x00000000edd00000, 0x00000000edd00000, 0x00000000ede00000|  0%| F|  |TAMS 0x00000000edd00000, 0x00000000edd00000| Untracked 
| 222|0x00000000ede00000, 0x00000000ede00000, 0x00000000edf00000|  0%| F|  |TAMS 0x00000000ede00000, 0x00000000ede00000| Untracked 
| 223|0x00000000edf00000, 0x00000000edf00000, 0x00000000ee000000|  0%| F|  |TAMS 0x00000000edf00000, 0x00000000edf00000| Untracked 
| 224|0x00000000ee000000, 0x00000000ee000000, 0x00000000ee100000|  0%| F|  |TAMS 0x00000000ee000000, 0x00000000ee000000| Untracked 
| 225|0x00000000ee100000, 0x00000000ee100000, 0x00000000ee200000|  0%| F|  |TAMS 0x00000000ee100000, 0x00000000ee100000| Untracked 
| 226|0x00000000ee200000, 0x00000000ee200000, 0x00000000ee300000|  0%| F|  |TAMS 0x00000000ee200000, 0x00000000ee200000| Untracked 
| 227|0x00000000ee300000, 0x00000000ee300000, 0x00000000ee400000|  0%| F|  |TAMS 0x00000000ee300000, 0x00000000ee300000| Untracked 
| 228|0x00000000ee400000, 0x00000000ee400000, 0x00000000ee500000|  0%| F|  |TAMS 0x00000000ee400000, 0x00000000ee400000| Untracked 
| 229|0x00000000ee500000, 0x00000000ee500000, 0x00000000ee600000|  0%| F|  |TAMS 0x00000000ee500000, 0x00000000ee500000| Untracked 
| 230|0x00000000ee600000, 0x00000000ee600000, 0x00000000ee700000|  0%| F|  |TAMS 0x00000000ee600000, 0x00000000ee600000| Untracked 
| 231|0x00000000ee700000, 0x00000000ee700000, 0x00000000ee800000|  0%| F|  |TAMS 0x00000000ee700000, 0x00000000ee700000| Untracked 
| 232|0x00000000ee800000, 0x00000000ee800000, 0x00000000ee900000|  0%| F|  |TAMS 0x00000000ee800000, 0x00000000ee800000| Untracked 
| 233|0x00000000ee900000, 0x00000000ee900000, 0x00000000eea00000|  0%| F|  |TAMS 0x00000000ee900000, 0x00000000ee900000| Untracked 
| 234|0x00000000eea00000, 0x00000000eea00000, 0x00000000eeb00000|  0%| F|  |TAMS 0x00000000eea00000, 0x00000000eea00000| Untracked 
| 235|0x00000000eeb00000, 0x00000000eeb00000, 0x00000000eec00000|  0%| F|  |TAMS 0x00000000eeb00000, 0x00000000eeb00000| Untracked 
| 236|0x00000000eec00000, 0x00000000eec00000, 0x00000000eed00000|  0%| F|  |TAMS 0x00000000eec00000, 0x00000000eec00000| Untracked 
| 237|0x00000000eed00000, 0x00000000eed00000, 0x00000000eee00000|  0%| F|  |TAMS 0x00000000eed00000, 0x00000000eed00000| Untracked 
| 238|0x00000000eee00000, 0x00000000eee00000, 0x00000000eef00000|  0%| F|  |TAMS 0x00000000eee00000, 0x00000000eee00000| Untracked 
| 239|0x00000000eef00000, 0x00000000eef00000, 0x00000000ef000000|  0%| F|  |TAMS 0x00000000eef00000, 0x00000000eef00000| Untracked 
| 240|0x00000000ef000000, 0x00000000ef03c650, 0x00000000ef100000| 23%| S|CS|TAMS 0x00000000ef000000, 0x00000000ef000000| Complete 
| 241|0x00000000ef100000, 0x00000000ef200000, 0x00000000ef200000|100%| S|CS|TAMS 0x00000000ef100000, 0x00000000ef100000| Complete 
| 242|0x00000000ef200000, 0x00000000ef200000, 0x00000000ef300000|  0%| F|  |TAMS 0x00000000ef200000, 0x00000000ef200000| Untracked 
| 243|0x00000000ef300000, 0x00000000ef300000, 0x00000000ef400000|  0%| F|  |TAMS 0x00000000ef300000, 0x00000000ef300000| Untracked 
| 244|0x00000000ef400000, 0x00000000ef400000, 0x00000000ef500000|  0%| F|  |TAMS 0x00000000ef400000, 0x00000000ef400000| Untracked 
| 245|0x00000000ef500000, 0x00000000ef500000, 0x00000000ef600000|  0%| F|  |TAMS 0x00000000ef500000, 0x00000000ef500000| Untracked 
| 246|0x00000000ef600000, 0x00000000ef600000, 0x00000000ef700000|  0%| F|  |TAMS 0x00000000ef600000, 0x00000000ef600000| Untracked 
| 247|0x00000000ef700000, 0x00000000ef700000, 0x00000000ef800000|  0%| F|  |TAMS 0x00000000ef700000, 0x00000000ef700000| Untracked 
| 248|0x00000000ef800000, 0x00000000ef800000, 0x00000000ef900000|  0%| F|  |TAMS 0x00000000ef800000, 0x00000000ef800000| Untracked 
| 249|0x00000000ef900000, 0x00000000efa00000, 0x00000000efa00000|100%| E|  |TAMS 0x00000000ef900000, 0x00000000ef900000| Complete 
| 250|0x00000000efa00000, 0x00000000efb00000, 0x00000000efb00000|100%| E|CS|TAMS 0x00000000efa00000, 0x00000000efa00000| Complete 
| 251|0x00000000efb00000, 0x00000000efc00000, 0x00000000efc00000|100%| E|CS|TAMS 0x00000000efb00000, 0x00000000efb00000| Complete 
| 252|0x00000000efc00000, 0x00000000efd00000, 0x00000000efd00000|100%| E|CS|TAMS 0x00000000efc00000, 0x00000000efc00000| Complete 
| 253|0x00000000efd00000, 0x00000000efe00000, 0x00000000efe00000|100%| E|CS|TAMS 0x00000000efd00000, 0x00000000efd00000| Complete 
| 254|0x00000000efe00000, 0x00000000eff00000, 0x00000000eff00000|100%| E|CS|TAMS 0x00000000efe00000, 0x00000000efe00000| Complete 
| 255|0x00000000eff00000, 0x00000000f0000000, 0x00000000f0000000|100%| E|CS|TAMS 0x00000000eff00000, 0x00000000eff00000| Complete 

Card table byte_map: [0x000001e2a8b60000,0x000001e2a8c60000] _byte_map_base: 0x000001e2a8460000

Marking Bits (Prev, Next): (CMBitMap*) 0x000001e291193be8, (CMBitMap*) 0x000001e291193ba8
 Prev Bits: [0x000001e2a9560000, 0x000001e2a9d60000)
 Next Bits: [0x000001e2a8d60000, 0x000001e2a9560000)

Polling page: 0x000001e28ef10000

Metaspace:

Usage:
  Non-class:     18.11 MB capacity,    17.71 MB ( 98%) used,   370.48 KB (  2%) free+waste,    45.56 KB ( <1%) overhead. 
      Class:      3.16 MB capacity,     2.95 MB ( 93%) used,   196.84 KB (  6%) free+waste,    24.06 KB ( <1%) overhead. 
       Both:     21.28 MB capacity,    20.66 MB ( 97%) used,   567.32 KB (  3%) free+waste,    69.63 KB ( <1%) overhead. 

Virtual space:
  Non-class space:       20.00 MB reserved,      18.17 MB ( 91%) committed 
      Class space:      248.00 MB reserved,       3.25 MB (  1%) committed 
             Both:      268.00 MB reserved,      21.42 MB (  8%) committed 

Chunk freelists:
   Non-Class:  7.38 KB
       Class:  3.00 KB
        Both:  10.38 KB

CodeHeap 'non-profiled nmethods': size=120000Kb used=1164Kb max_used=1164Kb free=118835Kb
 bounds [0x000001e2a0fe0000, 0x000001e2a1250000, 0x000001e2a8510000]
CodeHeap 'profiled nmethods': size=120000Kb used=4934Kb max_used=4934Kb free=115065Kb
 bounds [0x000001e299ab0000, 0x000001e299f90000, 0x000001e2a0fe0000]
CodeHeap 'non-nmethods': size=5760Kb used=1251Kb max_used=1285Kb free=4508Kb
 bounds [0x000001e299510000, 0x000001e299780000, 0x000001e299ab0000]
 total_blobs=3528 nmethods=2180 adapters=407
 compilation: enabled
              stopped_count=0, restarted_count=0
 full_count=0

Compilation events (10 events):
Event: 5.155 Thread 0x000001e2ad243000 nmethod 2406 0x000001e299f71290 code [0x000001e299f714a0, 0x000001e299f71a00]
Event: 5.155 Thread 0x000001e2ad243000 2407       3       java.util.Collections::unmodifiableCollection (9 bytes)
Event: 5.155 Thread 0x000001e2ad243000 nmethod 2407 0x000001e299f71c10 code [0x000001e299f71e00, 0x000001e299f721d0]
Event: 5.156 Thread 0x000001e2ad243000 2408       3       org.objectweb.asm.Frame::merge (395 bytes)
Event: 5.157 Thread 0x000001e2ad243000 nmethod 2408 0x000001e299f72310 code [0x000001e299f725e0, 0x000001e299f73520]
Event: 5.158 Thread 0x000001e2ad243000 2413       3       org.objectweb.asm.Attribute::computeAttributesSize (62 bytes)
Event: 5.158 Thread 0x000001e2ad243000 nmethod 2413 0x000001e299f73d10 code [0x000001e299f73f00, 0x000001e299f74290]
Event: 5.158 Thread 0x000001e2ad243000 2411       3       org.objectweb.asm.MethodWriter::visitMethodInsn (191 bytes)
Event: 5.159 Thread 0x000001e2ad243000 nmethod 2411 0x000001e299f74410 code [0x000001e299f74680, 0x000001e299f75010]
Event: 5.159 Thread 0x000001e2ad243000 2412       3       org.objectweb.asm.SymbolTable::addConstantMethodref (24 bytes)

GC Heap History (4 events):
Event: 1.360 GC heap before
{Heap before GC invocations=0 (full 0):
 garbage-first heap   total 262144K, used 29696K [0x00000000e0000000, 0x0000000100000000)
  region size 1024K, 24 young (24576K), 0 survivors (0K)
 Metaspace       used 3174K, capacity 6192K, committed 6400K, reserved 262144K
  class space    used 412K, capacity 701K, committed 768K, reserved 253952K
}
Event: 1.365 GC heap after
{Heap after GC invocations=1 (full 0):
 garbage-first heap   total 262144K, used 8785K [0x00000000e0000000, 0x0000000100000000)
  region size 1024K, 3 young (3072K), 3 survivors (3072K)
 Metaspace       used 3174K, capacity 6192K, committed 6400K, reserved 262144K
  class space    used 412K, capacity 701K, committed 768K, reserved 253952K
}
Event: 4.880 GC heap before
{Heap before GC invocations=1 (full 0):
 garbage-first heap   total 262144K, used 162385K [0x00000000e0000000, 0x0000000100000000)
  region size 1024K, 153 young (156672K), 3 survivors (3072K)
 Metaspace       used 19176K, capacity 19896K, committed 20096K, reserved 272384K
  class space    used 2727K, capacity 2930K, committed 2944K, reserved 253952K
}
Event: 4.888 GC heap after
{Heap after GC invocations=2 (full 0):
 garbage-first heap   total 262144K, used 17972K [0x00000000e0000000, 0x0000000100000000)
  region size 1024K, 12 young (12288K), 12 survivors (12288K)
 Metaspace       used 19176K, capacity 19896K, committed 20096K, reserved 272384K
  class space    used 2727K, capacity 2930K, committed 2944K, reserved 253952K
}

Deoptimization events (10 events):
Event: 3.847 Thread 0x000001e2af867800 Uncommon trap: reason=bimorphic_or_optimized_type_check action=maybe_recompile pc=0x000001e2a10567b8 method=java.util.AbstractList$Itr.next()Ljava/lang/Object; @ 14 c2
Event: 3.847 Thread 0x000001e2af867800 Uncommon trap: reason=unstable_if action=reinterpret pc=0x000001e2a1052f50 method=java.lang.String.substring(I)Ljava/lang/String; @ 34 c2
Event: 4.035 Thread 0x000001e2af867800 Uncommon trap: reason=unstable_if action=reinterpret pc=0x000001e2a105080c method=java.util.LinkedHashMap.afterNodeInsertion(Z)V @ 1 c2
Event: 4.036 Thread 0x000001e2af867800 Uncommon trap: reason=unstable_if action=reinterpret pc=0x000001e2a1039fe0 method=java.util.HashMap.getNode(ILjava/lang/Object;)Ljava/util/HashMap$Node; @ 129 c2
Event: 4.036 Thread 0x000001e2af867800 Uncommon trap: reason=bimorphic_or_optimized_type_check action=maybe_recompile pc=0x000001e2a10c8200 method=java.util.HashMap.putVal(ILjava/lang/Object;Ljava/lang/Object;ZZ)Ljava/lang/Object; @ 203 c2
Event: 4.038 Thread 0x000001e2af867800 Uncommon trap: reason=unstable_if action=reinterpret pc=0x000001e2a1021410 method=java.util.HashMap.getNode(ILjava/lang/Object;)Ljava/util/HashMap$Node; @ 129 c2
Event: 4.038 Thread 0x000001e2af867800 Uncommon trap: reason=bimorphic_or_optimized_type_check action=maybe_recompile pc=0x000001e2a10c8200 method=java.util.HashMap.putVal(ILjava/lang/Object;Ljava/lang/Object;ZZ)Ljava/lang/Object; @ 203 c2
Event: 4.267 Thread 0x000001e2af867800 Uncommon trap: reason=unstable_if action=reinterpret pc=0x000001e2a1040c9c method=java.util.concurrent.ConcurrentHashMap.get(Ljava/lang/Object;)Ljava/lang/Object; @ 76 c2
Event: 4.737 Thread 0x000001e2af867800 Uncommon trap: reason=unstable_if action=reinterpret pc=0x000001e2a10edfec method=java.util.HashMap.hash(Ljava/lang/Object;)I @ 1 c2
Event: 4.994 Thread 0x000001e2af867800 Uncommon trap: reason=unstable_if action=reinterpret pc=0x000001e2a104bdc8 method=java.io.WinNTFileSystem.resolve(Ljava/lang/String;Ljava/lang/String;)Ljava/lang/String; @ 83 c2

Classes redefined (0 events):
No events

Internal exceptions (10 events):
Event: 4.534 Thread 0x000001e2af867800 Exception <a 'java/lang/NoSuchMethodError'{0x00000000e7bf34d0}: java.lang.invoke.DirectMethodHandle$Holder.invokeVirtual(Ljava/lang/Object;Ljava/lang/Object;)I> (0x00000000e7bf34d0) thrown at [t:/workspace/open/src/hotspot/share/interpreter/linkResolver.c
Event: 4.611 Thread 0x000001e2af867800 Exception <a 'java/lang/NoSuchMethodError'{0x00000000e77c61f8}: java.lang.invoke.Invokers$Holder.linkToTargetMethod(Ljava/lang/Object;ILjava/lang/Object;)Ljava/lang/Object;> (0x00000000e77c61f8) thrown at [t:/workspace/open/src/hotspot/share/interpreter/l
Event: 4.737 Thread 0x000001e2af867800 Implicit null exception at 0x000001e2a10edd84 to 0x000001e2a10edfda
Event: 4.813 Thread 0x000001e2af867800 Exception <a 'java/lang/NoSuchMethodError'{0x00000000e6a56f98}: java.lang.invoke.DirectMethodHandle$Holder.invokeSpecialIFC(Ljava/lang/Object;Ljava/lang/Object;Ljava/lang/Object;Ljava/lang/Object;)Ljava/lang/Object;> (0x00000000e6a56f98) thrown at [t:/wor
Event: 4.827 Thread 0x000001e2af867800 Exception <a 'java/lang/NoSuchMethodError'{0x00000000e6925138}: java.lang.invoke.DirectMethodHandle$Holder.invokeSpecial(Ljava/lang/Object;Ljava/lang/Object;Ljava/lang/Object;Ljava/lang/Object;Ljava/lang/Object;Ljava/lang/Object;Ljava/lang/Object;Ljava/la
Event: 4.829 Thread 0x000001e2af867800 Exception <a 'java/lang/NoSuchMethodError'{0x00000000e6935b50}: java.lang.invoke.DirectMethodHandle$Holder.invokeSpecial(Ljava/lang/Object;Ljava/lang/Object;Ljava/lang/Object;Ljava/lang/Object;Ljava/lang/Object;Ljava/lang/Object;Ljava/lang/Object;Ljava/la
Event: 4.830 Thread 0x000001e2af867800 Exception <a 'java/lang/NoSuchMethodError'{0x00000000e693a198}: java.lang.invoke.Invokers$Holder.linkToTargetMethod(Ljava/lang/Object;Ljava/lang/Object;Ljava/lang/Object;Ljava/lang/Object;Ljava/lang/Object;Ljava/lang/Object;Ljava/lang/Object;Ljava/lang/Ob
Event: 4.848 Thread 0x000001e2af867800 Exception <a 'java/lang/NoSuchMethodError'{0x00000000e6849598}: java.lang.invoke.DirectMethodHandle$Holder.invokeSpecial(Ljava/lang/Object;Ljava/lang/Object;Ljava/lang/Object;Ljava/lang/Object;Ljava/lang/Object;Ljava/lang/Object;Ljava/lang/Object;Ljava/la
Event: 4.850 Thread 0x000001e2af867800 Exception <a 'java/lang/NoSuchMethodError'{0x00000000e685a220}: java.lang.invoke.Invokers$Holder.linkToTargetMethod(Ljava/lang/Object;Ljava/lang/Object;Ljava/lang/Object;Ljava/lang/Object;Ljava/lang/Object;Ljava/lang/Object;Ljava/lang/Object;Ljava/lang/Ob
Event: 4.860 Thread 0x000001e2af867800 Exception <a 'java/lang/NoSuchMethodError'{0x00000000e68d89c0}: java.lang.invoke.DirectMethodHandle$Holder.invokeStaticInit(Ljava/lang/Object;Ljava/lang/Object;Ljava/lang/Object;Ljava/lang/Object;)Ljava/lang/Object;> (0x00000000e68d89c0) thrown at [t:/wor

Events (10 events):
Event: 5.159 Thread 0x000001e2af867800 DEOPT UNPACKING pc=0x000001e29954ef4e sp=0x00000012900f7418 mode 1
Event: 5.159 Thread 0x000001e2af867800 DEOPT PACKING pc=0x000001e2a10dcfa8 sp=0x00000012900f7fd0
Event: 5.159 Thread 0x000001e2af867800 DEOPT UNPACKING pc=0x000001e29954ef4e sp=0x00000012900f7538 mode 1
Event: 5.159 Thread 0x000001e2af867800 DEOPT PACKING pc=0x000001e2a10dcb94 sp=0x00000012900f8130
Event: 5.159 Thread 0x000001e2af867800 DEOPT UNPACKING pc=0x000001e29954ef4e sp=0x00000012900f75e0 mode 1
Event: 5.159 loading class org/gradle/api/internal/ReusableAction
Event: 5.159 loading class org/gradle/api/internal/ReusableAction done
Event: 5.159 Thread 0x000001e2af867800 DEOPT PACKING pc=0x000001e299bfe024 sp=0x00000012900f7ef0
Event: 5.159 Thread 0x000001e2af867800 DEOPT UNPACKING pc=0x000001e29954ef4e sp=0x00000012900f7418 mode 1
Event: 5.159 Thread 0x000001e2af867800 DEOPT PACKING pc=0x000001e2a10dcfa8 sp=0x00000012900f7fd0


Dynamic libraries:
0x00007ff6cf100000 - 0x00007ff6cf10f000 	E:\JDK12\bin\java.exe
0x00007ff86b120000 - 0x00007ff86b310000 	C:\WINDOWS\SYSTEM32\ntdll.dll
0x00007ff86a7b0000 - 0x00007ff86a862000 	C:\WINDOWS\System32\KERNEL32.DLL
0x00007ff868340000 - 0x00007ff8685e5000 	C:\WINDOWS\System32\KERNELBASE.dll
0x00007ff868240000 - 0x00007ff86833a000 	C:\WINDOWS\System32\ucrtbase.dll
0x00007ff847800000 - 0x00007ff847816000 	E:\JDK12\bin\VCRUNTIME140.dll
0x00007ff8479f0000 - 0x00007ff847a08000 	E:\JDK12\bin\jli.dll
0x00007ff86a960000 - 0x00007ff86aa03000 	C:\WINDOWS\System32\ADVAPI32.dll
0x00007ff869a80000 - 0x00007ff869b1e000 	C:\WINDOWS\System32\msvcrt.dll
0x00007ff86aa10000 - 0x00007ff86aaa7000 	C:\WINDOWS\System32\sechost.dll
0x00007ff86a590000 - 0x00007ff86a6b0000 	C:\WINDOWS\System32\RPCRT4.dll
0x00007ff8691d0000 - 0x00007ff869364000 	C:\WINDOWS\System32\USER32.dll
0x00007ff8686a0000 - 0x00007ff8686c1000 	C:\WINDOWS\System32\win32u.dll
0x00007ff856d80000 - 0x00007ff857004000 	C:\WINDOWS\WinSxS\amd64_microsoft.windows.common-controls_6595b64144ccf1df_6.0.18362.1256_none_9e7e379be45e40e2\COMCTL32.dll
0x00007ff869a50000 - 0x00007ff869a76000 	C:\WINDOWS\System32\GDI32.dll
0x00007ff868720000 - 0x00007ff8688b6000 	C:\WINDOWS\System32\gdi32full.dll
0x00007ff869710000 - 0x00007ff869a46000 	C:\WINDOWS\System32\combase.dll
0x00007ff868120000 - 0x00007ff8681be000 	C:\WINDOWS\System32\msvcp_win.dll
0x00007ff868090000 - 0x00007ff868111000 	C:\WINDOWS\System32\bcryptPrimitives.dll
0x00007ff863120000 - 0x00007ff86312a000 	C:\WINDOWS\SYSTEM32\VERSION.dll
0x00007ff86a780000 - 0x00007ff86a7ae000 	C:\WINDOWS\System32\IMM32.DLL
0x0000000180000000 - 0x00000001800a3000 	E:\±±∫Ω‘∆≈Ã\winhook64.dll
0x00007ff86a6c0000 - 0x00007ff86a6c8000 	C:\WINDOWS\System32\PSAPI.DLL
0x00007ff869b20000 - 0x00007ff869b3d000 	C:\WINDOWS\System32\imagehlp.dll
0x00007ff869e30000 - 0x00007ff86a517000 	C:\WINDOWS\System32\SHELL32.dll
0x00007ff8686d0000 - 0x00007ff86871a000 	C:\WINDOWS\System32\cfgmgr32.dll
0x00007ff86a6d0000 - 0x00007ff86a779000 	C:\WINDOWS\System32\shcore.dll
0x00007ff8688c0000 - 0x00007ff869041000 	C:\WINDOWS\System32\windows.storage.dll
0x00007ff868060000 - 0x00007ff868083000 	C:\WINDOWS\System32\profapi.dll
0x00007ff867ff0000 - 0x00007ff86803a000 	C:\WINDOWS\System32\powrprof.dll
0x00007ff867fc0000 - 0x00007ff867fd0000 	C:\WINDOWS\System32\UMPDC.dll
0x00007ff86b080000 - 0x00007ff86b0d2000 	C:\WINDOWS\System32\shlwapi.dll
0x00007ff867fd0000 - 0x00007ff867fe1000 	C:\WINDOWS\System32\kernel.appcore.dll
0x00007ff8681c0000 - 0x00007ff8681d7000 	C:\WINDOWS\System32\cryptsp.dll
0x00007ff869cd0000 - 0x00007ff869e27000 	C:\WINDOWS\System32\ole32.dll
0x0000000063ae0000 - 0x0000000063b83000 	C:\WINDOWS\WinSxS\amd64_microsoft.vc90.crt_1fc8b3b9a1e18e3b_9.0.30729.9619_none_08e065a3a84109b0\MSVCR90.dll
0x0000000063b90000 - 0x0000000063c63000 	C:\WINDOWS\WinSxS\amd64_microsoft.vc90.crt_1fc8b3b9a1e18e3b_9.0.30729.9619_none_08e065a3a84109b0\MSVCP90.dll
0x00007ff867520000 - 0x00007ff86755a000 	C:\WINDOWS\SYSTEM32\IPHLPAPI.DLL
0x00007ff820e80000 - 0x00007ff820f2a000 	E:\JDK12\bin\msvcp140.dll
0x00007ff804f40000 - 0x00007ff805ab7000 	E:\JDK12\bin\server\jvm.dll
0x00007ff8648f0000 - 0x00007ff864914000 	C:\WINDOWS\SYSTEM32\WINMM.dll
0x00007ff852350000 - 0x00007ff852359000 	C:\WINDOWS\SYSTEM32\WSOCK32.dll
0x00007ff86a520000 - 0x00007ff86a58f000 	C:\WINDOWS\System32\WS2_32.dll
0x00007ff8648c0000 - 0x00007ff8648ed000 	C:\WINDOWS\SYSTEM32\winmmbase.dll
0x00007ff82ee10000 - 0x00007ff82ee21000 	E:\JDK12\bin\verify.dll
0x00007ff8527e0000 - 0x00007ff8529d4000 	C:\WINDOWS\SYSTEM32\DBGHELP.DLL
0x00007ff851b00000 - 0x00007ff851b2a000 	C:\WINDOWS\SYSTEM32\dbgcore.DLL
0x00007ff82a9c0000 - 0x00007ff82a9e6000 	E:\JDK12\bin\java.dll
0x00007ff848580000 - 0x00007ff8485b8000 	E:\JDK12\bin\jdwp.dll
0x00007ff82ebf0000 - 0x00007ff82ec07000 	E:\JDK12\bin\zip.dll
0x00007ff860d80000 - 0x00007ff860d8a000 	E:\JDK12\bin\jimage.dll
0x00007ff857630000 - 0x00007ff85763a000 	E:\JDK12\bin\dt_socket.dll
0x00007ff867810000 - 0x00007ff867877000 	C:\WINDOWS\system32\mswsock.dll
0x00007ff82d620000 - 0x00007ff82d639000 	E:\JDK12\bin\net.dll
0x00007ff8534d0000 - 0x00007ff8536a6000 	C:\WINDOWS\SYSTEM32\urlmon.dll
0x00007ff85e9f0000 - 0x00007ff85eae0000 	C:\WINDOWS\SYSTEM32\WINHTTP.dll
0x00007ff8529e0000 - 0x00007ff852c87000 	C:\WINDOWS\SYSTEM32\iertutil.dll
0x00007ff8679e0000 - 0x00007ff8679ec000 	C:\WINDOWS\SYSTEM32\CRYPTBASE.DLL
0x00007ff82a430000 - 0x00007ff82a443000 	E:\JDK12\bin\nio.dll
0x00007ff848110000 - 0x00007ff848137000 	E:\¥Û»˝…œ\¥Û»˝…œ\±‡“Î‘≠¿Ì\gradle\native\f6784746aeab05261644944871eae4fe03e0ef1612fff0a4a95f87b438bc6780\windows-amd64\native-platform.dll
0x00007ff8578d0000 - 0x00007ff8578d9000 	E:\JDK12\bin\management.dll
0x00007ff857890000 - 0x00007ff85789c000 	E:\JDK12\bin\management_ext.dll
0x00007ff867380000 - 0x00007ff8673b3000 	C:\WINDOWS\system32\rsaenh.dll
0x00007ff869050000 - 0x00007ff869076000 	C:\WINDOWS\System32\bcrypt.dll
0x00007ff867ee0000 - 0x00007ff867f05000 	C:\WINDOWS\SYSTEM32\USERENV.dll
0x00007ff86af20000 - 0x00007ff86af28000 	C:\WINDOWS\System32\NSI.dll
0x00007ff860e20000 - 0x00007ff860e36000 	C:\WINDOWS\SYSTEM32\dhcpcsvc6.DLL
0x00007ff860da0000 - 0x00007ff860dbc000 	C:\WINDOWS\SYSTEM32\dhcpcsvc.DLL
0x00007ff867560000 - 0x00007ff86762b000 	C:\WINDOWS\SYSTEM32\DNSAPI.dll
0x00007ff8614e0000 - 0x00007ff8614eb000 	C:\WINDOWS\SYSTEM32\WINNSI.DLL

dbghelp: loaded successfully - version: 4.0.5 - missing functions: none
symbol engine: initialized successfully - sym options: 0x614 - pdb path: .;E:\JDK12\bin;C:\WINDOWS\SYSTEM32;C:\WINDOWS\WinSxS\amd64_microsoft.windows.common-controls_6595b64144ccf1df_6.0.18362.1256_none_9e7e379be45e40e2;E:\±±∫Ω‘∆≈Ã;C:\WINDOWS\WinSxS\amd64_microsoft.vc90.crt_1fc8b3b9a1e18e3b_9.0.30729.9619_none_08e065a3a84109b0;E:\JDK12\bin\se;E:\JDK12\bin\se;E:\JDK12\bin\se;E:\JDK12\bin\se;E:\JDK12\bin\se;E:\JDK12\bin\se;E:\JDK12\bin\se;E:\JDK12\bin\server;E:\¥Û»˝…œ\¥Û»˝…œ\±‡“Î‘≠¿Ì\gradle\native\f6784746aeab05261644944871eae4fe03e0ef1612fff0a4a95f87b438bc6780;E:\¥Û»˝…œ\¥Û»˝…œ\±‡“Î‘≠¿Ì\gradle\native\f6784746aeab05261644944871eae4fe03e0ef1612fff0a4a95f87;E:\¥Û»˝…œ\¥Û»˝…œ\±‡“Î‘≠¿Ì\gradle\native\f6784746aeab05261644944871eae4fe03e0ef1612ff;E:\¥Û»˝…œ\¥Û»˝…œ\±‡“Î‘≠¿Ì\gradle\native\f6784746aeab05261644944871eae4fe03

VM Arguments:
jvm_args: -XX:MaxMetaspaceSize=256m -XX:+HeapDumpOnOutOfMemoryError -agentlib:jdwp=transport=dt_socket,server=n,suspend=y,address=127.0.0.1:56918 --add-opens=java.base/java.util=ALL-UNNAMED --add-opens=java.base/java.lang=ALL-UNNAMED --add-opens=java.base/java.lang.invoke=ALL-UNNAMED --add-opens=java.prefs/java.util.prefs=ALL-UNNAMED -Xms256m -Xmx512m -Dfile.encoding=GBK -Duser.country=CN -Duser.language=zh -Duser.variant 
java_command: org.gradle.launcher.daemon.bootstrap.GradleDaemon 6.5
java_class_path (initial): E:\¥Û»˝…œ\¥Û»˝…œ\±‡“Î‘≠¿Ì\gradle\wrapper\dists\gradle-6.5-bin\6nifqtx7604sqp1q6g8wikw7p\gradle-6.5\lib\gradle-launcher-6.5.jar
Launcher Type: SUN_STANDARD

[Global flags]
     intx CICompilerCount                          = 4                                         {product} {ergonomic}
   size_t CompressedClassSpaceSize                 = 260046848                                 {product} {ergonomic}
     uint ConcGCThreads                            = 3                                         {product} {ergonomic}
     uint G1ConcRefinementThreads                  = 10                                        {product} {ergonomic}
   size_t G1HeapRegionSize                         = 1048576                                   {product} {ergonomic}
    uintx GCDrainStackTargetSize                   = 64                                        {product} {ergonomic}
     bool HeapDumpOnOutOfMemoryError               = true                                   {manageable} {command line}
   size_t InitialHeapSize                          = 268435456                                 {product} {command line}
   size_t MarkStackSize                            = 4194304                                   {product} {ergonomic}
   size_t MaxHeapSize                              = 536870912                                 {product} {command line}
   size_t MaxMetaspaceSize                         = 268435456                                 {product} {command line}
   size_t MaxNewSize                               = 321912832                                 {product} {ergonomic}
   size_t MinHeapDeltaBytes                        = 1048576                                   {product} {ergonomic}
    uintx NonNMethodCodeHeapSize                   = 5836300                                {pd product} {ergonomic}
    uintx NonProfiledCodeHeapSize                  = 122910970                              {pd product} {ergonomic}
    uintx ProfiledCodeHeapSize                     = 122910970                              {pd product} {ergonomic}
    uintx ReservedCodeCacheSize                    = 251658240                              {pd product} {ergonomic}
     bool SegmentedCodeCache                       = true                                      {product} {ergonomic}
     bool UseCompressedClassPointers               = true                                 {lp64_product} {ergonomic}
     bool UseCompressedOops                        = true                                 {lp64_product} {ergonomic}
     bool UseG1GC                                  = true                                      {product} {ergonomic}
     bool UseLargePagesIndividualAllocation        = false                                  {pd product} {ergonomic}

Logging:
Log output configuration:
 #0: stdout all=warning uptime,level,tags
 #1: stderr all=off uptime,level,tags

Environment Variables:
JAVA_HOME=E:\JDK12
CLASSPATH=.;E:\JDK12\lib;E:\JDK12\lib\tool.jar;F:\LINGO64_18\Lingo18.jar
PATH=E:\1\;E:\JDK12\bin;C:\ProgramData\Oracle\Java\javapath;C:\Program Files (x86)\Intel\Intel(R) Management Engine Components\iCLS\;C:\Program Files\Intel\Intel(R) Management Engine Components\iCLS\;C:\Windows\system32;C:\Windows;C:\Windows\System32\Wbem;C:\Windows\System32\WindowsPowerShell\v1.0\;C:\Program Files (x86)\Intel\Intel(R) Management Engine Components\DAL;C:\Program Files\Intel\Intel(R) Management Engine Components\DAL;C:\Program Files (x86)\Intel\Intel(R) Management Engine Components\IPT;C:\Program Files\Intel\Intel(R) Management Engine Components\IPT;C:\Program Files\Intel\WiFi\bin\;C:\Program Files\Common Files\Intel\WirelessCommon\;C:\WINDOWS\system32;C:\WINDOWS;C:\WINDOWS\System32\Wbem;C:\WINDOWS\System32\WindowsPowerShell\v1.0\;C:\WINDOWS\System32\OpenSSH\;E:\JDK12\bin;.;E:\JDK12\lib;E:\JDK12\lib\tool.jar;F:\LINGO64_18\Lingo18.jar;C:\Program Files\Microsoft SQL Server\130\Tools\Binn\;C:\Program Files (x86)\Windows Kits\10\Windows Performance Toolkit\;C:\WINDOWS\system32\config\systemprofile\.dnx\bin;C:\Program Files\Microsoft DNX\Dnvm\;E:\±±∫Ω‘∆≈Ã;C:\;rogram Files\Microsoft SQL Server\Client SDK\ODBC\130\Tools\Binn\;C:\Program Files (x86)\Microsoft SQL Server\140\Tools\Binn\;C:\Program Files\Microsoft SQL Server\140\Tools\Binn\;C:\Program Files\Microsoft SQL Server\140\DTS\Binn\;C:\Program Files (x86)\Microsoft SQL Server\150\DTS\Binn\;E:\MATLAB\runtime\win64;E:\MATLAB\bin;E:\Git\cmd;F:\LINGO64_18\;C:\Program Files\nodejs\;E:\SPSS\JRE\bin;C:\Program Files\MySQL\MySQL Server 8.0\bin;F:\Texlive\texlive\2020\bin\win32;E:\¥Û»˝…œ\¥Û»˝…œ\±‡“Î‘≠¿Ì\gradle\gradle-6.7\bin;;E:\WinSCP\;E:\JDK12\bin;E:\python\;C:\Users\MSI NBOOK\AppData\Local\Microsoft\WindowsApps;E:\python\PyCharm Community Edition 2018.3.5\bin;C:\Program Files\Bandizip\;C:\MinGW\bin;E:\–¬Ω®Œƒº˛º– (2)\Microsoft VS Code\bin;C:\Users\MSI NBOOK\AppData\Local\Microsoft\WindowsApps;E:\python\Scripts\;C:\Users\MSI NBOOK\AppData\Roaming\npm;E:\apache-maven-3.6.3\bin;
USERNAME=MSI NBOOK
OS=Windows_NT
PROCESSOR_IDENTIFIER=Intel64 Family 6 Model 158 Stepping 10, GenuineIntel



---------------  S Y S T E M  ---------------

OS: Windows 10 , 64 bit Build 18362 (10.0.18362.1110)

CPU:total 12 (initial active 12) (6 cores per cpu, 2 threads per core) family 6 model 158 stepping 10, cmov, cx8, fxsr, mmx, sse, sse2, sse3, ssse3, sse4.1, sse4.2, popcnt, avx, avx2, aes, clmul, erms, 3dnowpref, lzcnt, ht, tsc, tscinvbit, bmi1, bmi2, adx, fma

Memory: 4k page, system-wide physical 16230M (6349M free)
TotalPageFile size 20322M (AvailPageFile size 3M)
current process WorkingSet (physical memory assigned to process): 335M, peak: 341M
current process commit charge ("private bytes"): 477M, peak: 481M

vm_info: Java HotSpot(TM) 64-Bit Server VM (12.0.2+10) for windows-amd64 JRE (12.0.2+10), built on Jul 16 2019 01:56:17 by "mach5one" with MS VC++ 15.5 (VS2017)

END.
